2017-07-21 02:40:02,009 ERROR 24997 [-/127.0.0.1/-/8ms PUT /user/1] nodejs.ER_BAD_FIELD_ERRORError: ER_BAD_FIELD_ERROR: Unknown column 'apartment' in 'field list'
    at Query.Sequence._packetToError (/Users/rick/Desktop/2017.8/ts-cms/server/node_modules/.2.13.0@mysql/lib/protocol/sequences/Sequence.js:52:14)
    at Query.ErrorPacket (/Users/rick/Desktop/2017.8/ts-cms/server/node_modules/.2.13.0@mysql/lib/protocol/sequences/Query.js:77:18)
    at Protocol._parsePacket (/Users/rick/Desktop/2017.8/ts-cms/server/node_modules/.2.13.0@mysql/lib/protocol/Protocol.js:280:23)
    at Parser.write (/Users/rick/Desktop/2017.8/ts-cms/server/node_modules/.2.13.0@mysql/lib/protocol/Parser.js:75:12)
    at Protocol.write (/Users/rick/Desktop/2017.8/ts-cms/server/node_modules/.2.13.0@mysql/lib/protocol/Protocol.js:39:16)
    at Socket.<anonymous> (/Users/rick/Desktop/2017.8/ts-cms/server/node_modules/.2.13.0@mysql/lib/Connection.js:103:28)
    at emitOne (events.js:96:13)
    at Socket.emit (events.js:188:7)
    at readableAddChunk (_stream_readable.js:177:18)
    at Socket.Readable.push (_stream_readable.js:135:10)
    at TCP.onread (net.js:542:20)
    --------------------
    at Pool.query (/Users/rick/Desktop/2017.8/ts-cms/server/node_modules/.2.13.0@mysql/lib/Pool.js:199:23)
    at /Users/rick/Desktop/2017.8/ts-cms/server/node_modules/.2.3.0@pify/index.js:29:7
    at Pool.<anonymous> (/Users/rick/Desktop/2017.8/ts-cms/server/node_modules/.2.3.0@pify/index.js:12:10)
    at Pool.ret [as query] (/Users/rick/Desktop/2017.8/ts-cms/server/node_modules/.2.3.0@pify/index.js:56:34)
    at RDSClient.proto._query (/Users/rick/Desktop/2017.8/ts-cms/server/node_modules/.3.0.0@ali-rds/lib/client.js:34:20)
    at RDSClient.proto.query (/Users/rick/Desktop/2017.8/ts-cms/server/node_modules/.3.0.0@ali-rds/lib/operator.js:54:29)
    at next (native)
    at onFulfilled (/Users/rick/Desktop/2017.8/ts-cms/server/node_modules/.4.6.0@co/index.js:65:19)
    at /Users/rick/Desktop/2017.8/ts-cms/server/node_modules/.4.6.0@co/index.js:54:5
    at RDSClient.co (/Users/rick/Desktop/2017.8/ts-cms/server/node_modules/.4.6.0@co/index.js:50:10)
    at RDSClient.createPromise [as query] (/Users/rick/Desktop/2017.8/ts-cms/server/node_modules/.4.6.0@co/index.js:30:15)
    at RDSClient.proto.update (/Users/rick/Desktop/2017.8/ts-cms/server/node_modules/.3.0.0@ali-rds/lib/operator.js:174:21)
    at next (native)
    at onFulfilled (/Users/rick/Desktop/2017.8/ts-cms/server/node_modules/.4.6.0@co/index.js:65:19)
    at /Users/rick/Desktop/2017.8/ts-cms/server/node_modules/.4.6.0@co/index.js:54:5
    at RDSClient.co (/Users/rick/Desktop/2017.8/ts-cms/server/node_modules/.4.6.0@co/index.js:50:10)
    sql: UPDATE `user` SET `username` = NULL, `sex` = '1', `apartment` = NULL, `mb` = '12322222' WHERE `uid` = '1'
code: 'ER_BAD_FIELD_ERROR'
errno: 1054
sqlState: '42S22'
index: 0
name: 'ER_BAD_FIELD_ERRORError'
pid: 24997
hostname: chenzhengrongdeMacBook-Pro.local

2017-07-21 02:41:53,897 ERROR 33240 [-/127.0.0.1/-/34ms PUT /user/1] nodejs.ER_BAD_NULL_ERRORError: ER_BAD_NULL_ERROR: Column 'userName' cannot be null
    at Query.Sequence._packetToError (/Users/rick/Desktop/2017.8/ts-cms/server/node_modules/.2.13.0@mysql/lib/protocol/sequences/Sequence.js:52:14)
    at Query.ErrorPacket (/Users/rick/Desktop/2017.8/ts-cms/server/node_modules/.2.13.0@mysql/lib/protocol/sequences/Query.js:77:18)
    at Protocol._parsePacket (/Users/rick/Desktop/2017.8/ts-cms/server/node_modules/.2.13.0@mysql/lib/protocol/Protocol.js:280:23)
    at Parser.write (/Users/rick/Desktop/2017.8/ts-cms/server/node_modules/.2.13.0@mysql/lib/protocol/Parser.js:75:12)
    at Protocol.write (/Users/rick/Desktop/2017.8/ts-cms/server/node_modules/.2.13.0@mysql/lib/protocol/Protocol.js:39:16)
    at Socket.<anonymous> (/Users/rick/Desktop/2017.8/ts-cms/server/node_modules/.2.13.0@mysql/lib/Connection.js:103:28)
    at emitOne (events.js:96:13)
    at Socket.emit (events.js:188:7)
    at readableAddChunk (_stream_readable.js:177:18)
    at Socket.Readable.push (_stream_readable.js:135:10)
    at TCP.onread (net.js:542:20)
    --------------------
    at Pool.query (/Users/rick/Desktop/2017.8/ts-cms/server/node_modules/.2.13.0@mysql/lib/Pool.js:199:23)
    at /Users/rick/Desktop/2017.8/ts-cms/server/node_modules/.2.3.0@pify/index.js:29:7
    at Pool.<anonymous> (/Users/rick/Desktop/2017.8/ts-cms/server/node_modules/.2.3.0@pify/index.js:12:10)
    at Pool.ret [as query] (/Users/rick/Desktop/2017.8/ts-cms/server/node_modules/.2.3.0@pify/index.js:56:34)
    at RDSClient.proto._query (/Users/rick/Desktop/2017.8/ts-cms/server/node_modules/.3.0.0@ali-rds/lib/client.js:34:20)
    at RDSClient.proto.query (/Users/rick/Desktop/2017.8/ts-cms/server/node_modules/.3.0.0@ali-rds/lib/operator.js:54:29)
    at next (native)
    at onFulfilled (/Users/rick/Desktop/2017.8/ts-cms/server/node_modules/.4.6.0@co/index.js:65:19)
    at /Users/rick/Desktop/2017.8/ts-cms/server/node_modules/.4.6.0@co/index.js:54:5
    at RDSClient.co (/Users/rick/Desktop/2017.8/ts-cms/server/node_modules/.4.6.0@co/index.js:50:10)
    at RDSClient.createPromise [as query] (/Users/rick/Desktop/2017.8/ts-cms/server/node_modules/.4.6.0@co/index.js:30:15)
    at RDSClient.proto.update (/Users/rick/Desktop/2017.8/ts-cms/server/node_modules/.3.0.0@ali-rds/lib/operator.js:174:21)
    at next (native)
    at onFulfilled (/Users/rick/Desktop/2017.8/ts-cms/server/node_modules/.4.6.0@co/index.js:65:19)
    at /Users/rick/Desktop/2017.8/ts-cms/server/node_modules/.4.6.0@co/index.js:54:5
    at RDSClient.co (/Users/rick/Desktop/2017.8/ts-cms/server/node_modules/.4.6.0@co/index.js:50:10)
    sql: UPDATE `user` SET `username` = NULL, `sex` = '1', `apartmentId` = 'MB', `mb` = '12322222' WHERE `uid` = '1'
code: 'ER_BAD_NULL_ERROR'
errno: 1048
sqlState: '23000'
index: 0
name: 'ER_BAD_NULL_ERRORError'
pid: 33240
hostname: chenzhengrongdeMacBook-Pro.local

2017-07-21 02:43:42,010 ERROR 33264 [-/127.0.0.1/-/7ms POST /user] nodejs.ER_BAD_FIELD_ERRORError: ER_BAD_FIELD_ERROR: Unknown column 'score' in 'field list'
    at Query.Sequence._packetToError (/Users/rick/Desktop/2017.8/ts-cms/server/node_modules/.2.13.0@mysql/lib/protocol/sequences/Sequence.js:52:14)
    at Query.ErrorPacket (/Users/rick/Desktop/2017.8/ts-cms/server/node_modules/.2.13.0@mysql/lib/protocol/sequences/Query.js:77:18)
    at Protocol._parsePacket (/Users/rick/Desktop/2017.8/ts-cms/server/node_modules/.2.13.0@mysql/lib/protocol/Protocol.js:280:23)
    at Parser.write (/Users/rick/Desktop/2017.8/ts-cms/server/node_modules/.2.13.0@mysql/lib/protocol/Parser.js:75:12)
    at Protocol.write (/Users/rick/Desktop/2017.8/ts-cms/server/node_modules/.2.13.0@mysql/lib/protocol/Protocol.js:39:16)
    at Socket.<anonymous> (/Users/rick/Desktop/2017.8/ts-cms/server/node_modules/.2.13.0@mysql/lib/Connection.js:103:28)
    at emitOne (events.js:96:13)
    at Socket.emit (events.js:188:7)
    at readableAddChunk (_stream_readable.js:177:18)
    at Socket.Readable.push (_stream_readable.js:135:10)
    at TCP.onread (net.js:542:20)
    --------------------
    at Pool.query (/Users/rick/Desktop/2017.8/ts-cms/server/node_modules/.2.13.0@mysql/lib/Pool.js:199:23)
    at /Users/rick/Desktop/2017.8/ts-cms/server/node_modules/.2.3.0@pify/index.js:29:7
    at Pool.<anonymous> (/Users/rick/Desktop/2017.8/ts-cms/server/node_modules/.2.3.0@pify/index.js:12:10)
    at Pool.ret [as query] (/Users/rick/Desktop/2017.8/ts-cms/server/node_modules/.2.3.0@pify/index.js:56:34)
    at RDSClient.proto._query (/Users/rick/Desktop/2017.8/ts-cms/server/node_modules/.3.0.0@ali-rds/lib/client.js:34:20)
    at RDSClient.proto.query (/Users/rick/Desktop/2017.8/ts-cms/server/node_modules/.3.0.0@ali-rds/lib/operator.js:54:29)
    at next (native)
    at onFulfilled (/Users/rick/Desktop/2017.8/ts-cms/server/node_modules/.4.6.0@co/index.js:65:19)
    at /Users/rick/Desktop/2017.8/ts-cms/server/node_modules/.4.6.0@co/index.js:54:5
    at RDSClient.co (/Users/rick/Desktop/2017.8/ts-cms/server/node_modules/.4.6.0@co/index.js:50:10)
    at RDSClient.createPromise [as query] (/Users/rick/Desktop/2017.8/ts-cms/server/node_modules/.4.6.0@co/index.js:30:15)
    at RDSClient.proto.insert (/Users/rick/Desktop/2017.8/ts-cms/server/node_modules/.3.0.0@ali-rds/lib/operator.js:141:21)
    at next (native)
    at onFulfilled (/Users/rick/Desktop/2017.8/ts-cms/server/node_modules/.4.6.0@co/index.js:65:19)
    at /Users/rick/Desktop/2017.8/ts-cms/server/node_modules/.4.6.0@co/index.js:54:5
    at RDSClient.co (/Users/rick/Desktop/2017.8/ts-cms/server/node_modules/.4.6.0@co/index.js:50:10)
    sql: INSERT INTO `user`(`uid`, `userName`, `password`, `sex`, `mb`, `apartmentId`, `createTime`, `outFlag`, `score`, `apartmentName`) VALUES('12', '122', '', '1', '22', 'MB', '', '', '', '')
code: 'ER_BAD_FIELD_ERROR'
errno: 1054
sqlState: '42S22'
index: 0
name: 'ER_BAD_FIELD_ERRORError'
pid: 33264
hostname: chenzhengrongdeMacBook-Pro.local

2017-07-21 02:47:29,285 ERROR 33562 [-/127.0.0.1/-/55ms POST /user] nodejs.ER_BAD_FIELD_ERRORError: ER_BAD_FIELD_ERROR: Unknown column 'score' in 'field list'
    at Query.Sequence._packetToError (/Users/rick/Desktop/2017.8/ts-cms/server/node_modules/.2.13.0@mysql/lib/protocol/sequences/Sequence.js:52:14)
    at Query.ErrorPacket (/Users/rick/Desktop/2017.8/ts-cms/server/node_modules/.2.13.0@mysql/lib/protocol/sequences/Query.js:77:18)
    at Protocol._parsePacket (/Users/rick/Desktop/2017.8/ts-cms/server/node_modules/.2.13.0@mysql/lib/protocol/Protocol.js:280:23)
    at Parser.write (/Users/rick/Desktop/2017.8/ts-cms/server/node_modules/.2.13.0@mysql/lib/protocol/Parser.js:75:12)
    at Protocol.write (/Users/rick/Desktop/2017.8/ts-cms/server/node_modules/.2.13.0@mysql/lib/protocol/Protocol.js:39:16)
    at Socket.<anonymous> (/Users/rick/Desktop/2017.8/ts-cms/server/node_modules/.2.13.0@mysql/lib/Connection.js:103:28)
    at emitOne (events.js:96:13)
    at Socket.emit (events.js:188:7)
    at readableAddChunk (_stream_readable.js:177:18)
    at Socket.Readable.push (_stream_readable.js:135:10)
    at TCP.onread (net.js:542:20)
    --------------------
    at Pool.query (/Users/rick/Desktop/2017.8/ts-cms/server/node_modules/.2.13.0@mysql/lib/Pool.js:199:23)
    at /Users/rick/Desktop/2017.8/ts-cms/server/node_modules/.2.3.0@pify/index.js:29:7
    at Pool.<anonymous> (/Users/rick/Desktop/2017.8/ts-cms/server/node_modules/.2.3.0@pify/index.js:12:10)
    at Pool.ret [as query] (/Users/rick/Desktop/2017.8/ts-cms/server/node_modules/.2.3.0@pify/index.js:56:34)
    at RDSClient.proto._query (/Users/rick/Desktop/2017.8/ts-cms/server/node_modules/.3.0.0@ali-rds/lib/client.js:34:20)
    at RDSClient.proto.query (/Users/rick/Desktop/2017.8/ts-cms/server/node_modules/.3.0.0@ali-rds/lib/operator.js:54:29)
    at next (native)
    at onFulfilled (/Users/rick/Desktop/2017.8/ts-cms/server/node_modules/.4.6.0@co/index.js:65:19)
    at /Users/rick/Desktop/2017.8/ts-cms/server/node_modules/.4.6.0@co/index.js:54:5
    at RDSClient.co (/Users/rick/Desktop/2017.8/ts-cms/server/node_modules/.4.6.0@co/index.js:50:10)
    at RDSClient.createPromise [as query] (/Users/rick/Desktop/2017.8/ts-cms/server/node_modules/.4.6.0@co/index.js:30:15)
    at RDSClient.proto.insert (/Users/rick/Desktop/2017.8/ts-cms/server/node_modules/.3.0.0@ali-rds/lib/operator.js:141:21)
    at next (native)
    at onFulfilled (/Users/rick/Desktop/2017.8/ts-cms/server/node_modules/.4.6.0@co/index.js:65:19)
    at /Users/rick/Desktop/2017.8/ts-cms/server/node_modules/.4.6.0@co/index.js:54:5
    at RDSClient.co (/Users/rick/Desktop/2017.8/ts-cms/server/node_modules/.4.6.0@co/index.js:50:10)
    sql: INSERT INTO `user`(`uid`, `userName`, `password`, `sex`, `mb`, `apartmentId`, `createTime`, `outFlag`, `score`, `apartmentName`) VALUES('12', '122', '', '1', '22', 'MB', '', '', '', '')
code: 'ER_BAD_FIELD_ERROR'
errno: 1054
sqlState: '42S22'
index: 0
name: 'ER_BAD_FIELD_ERRORError'
pid: 33562
hostname: chenzhengrongdeMacBook-Pro.local

2017-07-21 02:49:34,687 ERROR 33590 [-/127.0.0.1/-/6ms POST /user] nodejs.ER_DUP_ENTRYError: ER_DUP_ENTRY: Duplicate entry '22' for key 'PRIMARY'
    at Query.Sequence._packetToError (/Users/rick/Desktop/2017.8/ts-cms/server/node_modules/.2.13.0@mysql/lib/protocol/sequences/Sequence.js:52:14)
    at Query.ErrorPacket (/Users/rick/Desktop/2017.8/ts-cms/server/node_modules/.2.13.0@mysql/lib/protocol/sequences/Query.js:77:18)
    at Protocol._parsePacket (/Users/rick/Desktop/2017.8/ts-cms/server/node_modules/.2.13.0@mysql/lib/protocol/Protocol.js:280:23)
    at Parser.write (/Users/rick/Desktop/2017.8/ts-cms/server/node_modules/.2.13.0@mysql/lib/protocol/Parser.js:75:12)
    at Protocol.write (/Users/rick/Desktop/2017.8/ts-cms/server/node_modules/.2.13.0@mysql/lib/protocol/Protocol.js:39:16)
    at Socket.<anonymous> (/Users/rick/Desktop/2017.8/ts-cms/server/node_modules/.2.13.0@mysql/lib/Connection.js:103:28)
    at emitOne (events.js:96:13)
    at Socket.emit (events.js:188:7)
    at readableAddChunk (_stream_readable.js:177:18)
    at Socket.Readable.push (_stream_readable.js:135:10)
    at TCP.onread (net.js:542:20)
    --------------------
    at Pool.query (/Users/rick/Desktop/2017.8/ts-cms/server/node_modules/.2.13.0@mysql/lib/Pool.js:199:23)
    at /Users/rick/Desktop/2017.8/ts-cms/server/node_modules/.2.3.0@pify/index.js:29:7
    at Pool.<anonymous> (/Users/rick/Desktop/2017.8/ts-cms/server/node_modules/.2.3.0@pify/index.js:12:10)
    at Pool.ret [as query] (/Users/rick/Desktop/2017.8/ts-cms/server/node_modules/.2.3.0@pify/index.js:56:34)
    at RDSClient.proto._query (/Users/rick/Desktop/2017.8/ts-cms/server/node_modules/.3.0.0@ali-rds/lib/client.js:34:20)
    at RDSClient.proto.query (/Users/rick/Desktop/2017.8/ts-cms/server/node_modules/.3.0.0@ali-rds/lib/operator.js:54:29)
    at next (native)
    at onFulfilled (/Users/rick/Desktop/2017.8/ts-cms/server/node_modules/.4.6.0@co/index.js:65:19)
    at /Users/rick/Desktop/2017.8/ts-cms/server/node_modules/.4.6.0@co/index.js:54:5
    at RDSClient.co (/Users/rick/Desktop/2017.8/ts-cms/server/node_modules/.4.6.0@co/index.js:50:10)
    at RDSClient.createPromise [as query] (/Users/rick/Desktop/2017.8/ts-cms/server/node_modules/.4.6.0@co/index.js:30:15)
    at RDSClient.proto.insert (/Users/rick/Desktop/2017.8/ts-cms/server/node_modules/.3.0.0@ali-rds/lib/operator.js:141:21)
    at next (native)
    at onFulfilled (/Users/rick/Desktop/2017.8/ts-cms/server/node_modules/.4.6.0@co/index.js:65:19)
    at /Users/rick/Desktop/2017.8/ts-cms/server/node_modules/.4.6.0@co/index.js:54:5
    at RDSClient.co (/Users/rick/Desktop/2017.8/ts-cms/server/node_modules/.4.6.0@co/index.js:50:10)
    sql: INSERT INTO `user`(`userName`, `sex`, `apartmentId`, `mb`, `uid`) VALUES('22', '1', 'ACCOUNT', '22', '22')
code: 'ER_DUP_ENTRY'
errno: 1062
sqlState: '23000'
index: 0
name: 'ER_DUP_ENTRYError'
pid: 33590
hostname: chenzhengrongdeMacBook-Pro.local

2017-07-21 02:50:55,676 ERROR 33745 [-/127.0.0.1/-/35ms POST /user] nodejs.ER_DUP_ENTRYError: ER_DUP_ENTRY: Duplicate entry '22' for key 'PRIMARY'
    at Query.Sequence._packetToError (/Users/rick/Desktop/2017.8/ts-cms/server/node_modules/.2.13.0@mysql/lib/protocol/sequences/Sequence.js:52:14)
    at Query.ErrorPacket (/Users/rick/Desktop/2017.8/ts-cms/server/node_modules/.2.13.0@mysql/lib/protocol/sequences/Query.js:77:18)
    at Protocol._parsePacket (/Users/rick/Desktop/2017.8/ts-cms/server/node_modules/.2.13.0@mysql/lib/protocol/Protocol.js:280:23)
    at Parser.write (/Users/rick/Desktop/2017.8/ts-cms/server/node_modules/.2.13.0@mysql/lib/protocol/Parser.js:75:12)
    at Protocol.write (/Users/rick/Desktop/2017.8/ts-cms/server/node_modules/.2.13.0@mysql/lib/protocol/Protocol.js:39:16)
    at Socket.<anonymous> (/Users/rick/Desktop/2017.8/ts-cms/server/node_modules/.2.13.0@mysql/lib/Connection.js:103:28)
    at emitOne (events.js:96:13)
    at Socket.emit (events.js:188:7)
    at readableAddChunk (_stream_readable.js:177:18)
    at Socket.Readable.push (_stream_readable.js:135:10)
    at TCP.onread (net.js:542:20)
    --------------------
    at Pool.query (/Users/rick/Desktop/2017.8/ts-cms/server/node_modules/.2.13.0@mysql/lib/Pool.js:199:23)
    at /Users/rick/Desktop/2017.8/ts-cms/server/node_modules/.2.3.0@pify/index.js:29:7
    at Pool.<anonymous> (/Users/rick/Desktop/2017.8/ts-cms/server/node_modules/.2.3.0@pify/index.js:12:10)
    at Pool.ret [as query] (/Users/rick/Desktop/2017.8/ts-cms/server/node_modules/.2.3.0@pify/index.js:56:34)
    at RDSClient.proto._query (/Users/rick/Desktop/2017.8/ts-cms/server/node_modules/.3.0.0@ali-rds/lib/client.js:34:20)
    at RDSClient.proto.query (/Users/rick/Desktop/2017.8/ts-cms/server/node_modules/.3.0.0@ali-rds/lib/operator.js:54:29)
    at next (native)
    at onFulfilled (/Users/rick/Desktop/2017.8/ts-cms/server/node_modules/.4.6.0@co/index.js:65:19)
    at /Users/rick/Desktop/2017.8/ts-cms/server/node_modules/.4.6.0@co/index.js:54:5
    at RDSClient.co (/Users/rick/Desktop/2017.8/ts-cms/server/node_modules/.4.6.0@co/index.js:50:10)
    at RDSClient.createPromise [as query] (/Users/rick/Desktop/2017.8/ts-cms/server/node_modules/.4.6.0@co/index.js:30:15)
    at RDSClient.proto.insert (/Users/rick/Desktop/2017.8/ts-cms/server/node_modules/.3.0.0@ali-rds/lib/operator.js:141:21)
    at next (native)
    at onFulfilled (/Users/rick/Desktop/2017.8/ts-cms/server/node_modules/.4.6.0@co/index.js:65:19)
    at /Users/rick/Desktop/2017.8/ts-cms/server/node_modules/.4.6.0@co/index.js:54:5
    at RDSClient.co (/Users/rick/Desktop/2017.8/ts-cms/server/node_modules/.4.6.0@co/index.js:50:10)
    sql: INSERT INTO `user`(`userName`, `sex`, `apartmentId`, `mb`, `uid`) VALUES('22', '1', 'ACCOUNT', '22', '22')
code: 'ER_DUP_ENTRY'
errno: 1062
sqlState: '23000'
index: 0
name: 'ER_DUP_ENTRYError'
pid: 33745
hostname: chenzhengrongdeMacBook-Pro.local

2017-07-21 02:51:12,077 ERROR 33763 [-/127.0.0.1/-/33ms POST /user] nodejs.ER_DUP_ENTRYError: ER_DUP_ENTRY: Duplicate entry '22' for key 'PRIMARY'
    at Query.Sequence._packetToError (/Users/rick/Desktop/2017.8/ts-cms/server/node_modules/.2.13.0@mysql/lib/protocol/sequences/Sequence.js:52:14)
    at Query.ErrorPacket (/Users/rick/Desktop/2017.8/ts-cms/server/node_modules/.2.13.0@mysql/lib/protocol/sequences/Query.js:77:18)
    at Protocol._parsePacket (/Users/rick/Desktop/2017.8/ts-cms/server/node_modules/.2.13.0@mysql/lib/protocol/Protocol.js:280:23)
    at Parser.write (/Users/rick/Desktop/2017.8/ts-cms/server/node_modules/.2.13.0@mysql/lib/protocol/Parser.js:75:12)
    at Protocol.write (/Users/rick/Desktop/2017.8/ts-cms/server/node_modules/.2.13.0@mysql/lib/protocol/Protocol.js:39:16)
    at Socket.<anonymous> (/Users/rick/Desktop/2017.8/ts-cms/server/node_modules/.2.13.0@mysql/lib/Connection.js:103:28)
    at emitOne (events.js:96:13)
    at Socket.emit (events.js:188:7)
    at readableAddChunk (_stream_readable.js:177:18)
    at Socket.Readable.push (_stream_readable.js:135:10)
    at TCP.onread (net.js:542:20)
    --------------------
    at Pool.query (/Users/rick/Desktop/2017.8/ts-cms/server/node_modules/.2.13.0@mysql/lib/Pool.js:199:23)
    at /Users/rick/Desktop/2017.8/ts-cms/server/node_modules/.2.3.0@pify/index.js:29:7
    at Pool.<anonymous> (/Users/rick/Desktop/2017.8/ts-cms/server/node_modules/.2.3.0@pify/index.js:12:10)
    at Pool.ret [as query] (/Users/rick/Desktop/2017.8/ts-cms/server/node_modules/.2.3.0@pify/index.js:56:34)
    at RDSClient.proto._query (/Users/rick/Desktop/2017.8/ts-cms/server/node_modules/.3.0.0@ali-rds/lib/client.js:34:20)
    at RDSClient.proto.query (/Users/rick/Desktop/2017.8/ts-cms/server/node_modules/.3.0.0@ali-rds/lib/operator.js:54:29)
    at next (native)
    at onFulfilled (/Users/rick/Desktop/2017.8/ts-cms/server/node_modules/.4.6.0@co/index.js:65:19)
    at /Users/rick/Desktop/2017.8/ts-cms/server/node_modules/.4.6.0@co/index.js:54:5
    at RDSClient.co (/Users/rick/Desktop/2017.8/ts-cms/server/node_modules/.4.6.0@co/index.js:50:10)
    at RDSClient.createPromise [as query] (/Users/rick/Desktop/2017.8/ts-cms/server/node_modules/.4.6.0@co/index.js:30:15)
    at RDSClient.proto.insert (/Users/rick/Desktop/2017.8/ts-cms/server/node_modules/.3.0.0@ali-rds/lib/operator.js:141:21)
    at next (native)
    at onFulfilled (/Users/rick/Desktop/2017.8/ts-cms/server/node_modules/.4.6.0@co/index.js:65:19)
    at /Users/rick/Desktop/2017.8/ts-cms/server/node_modules/.4.6.0@co/index.js:54:5
    at RDSClient.co (/Users/rick/Desktop/2017.8/ts-cms/server/node_modules/.4.6.0@co/index.js:50:10)
    sql: INSERT INTO `user`(`userName`, `sex`, `apartmentId`, `mb`, `uid`) VALUES('22', '1', 'ACCOUNT', '22', '22')
code: 'ER_DUP_ENTRY'
errno: 1062
sqlState: '23000'
index: 0
name: 'ER_DUP_ENTRYError'
pid: 33763
hostname: chenzhengrongdeMacBook-Pro.local

2017-07-21 02:51:25,997 ERROR 33784 [-/127.0.0.1/-/44ms POST /user] nodejs.ER_DUP_ENTRYError: ER_DUP_ENTRY: Duplicate entry '22' for key 'PRIMARY'
    at Query.Sequence._packetToError (/Users/rick/Desktop/2017.8/ts-cms/server/node_modules/.2.13.0@mysql/lib/protocol/sequences/Sequence.js:52:14)
    at Query.ErrorPacket (/Users/rick/Desktop/2017.8/ts-cms/server/node_modules/.2.13.0@mysql/lib/protocol/sequences/Query.js:77:18)
    at Protocol._parsePacket (/Users/rick/Desktop/2017.8/ts-cms/server/node_modules/.2.13.0@mysql/lib/protocol/Protocol.js:280:23)
    at Parser.write (/Users/rick/Desktop/2017.8/ts-cms/server/node_modules/.2.13.0@mysql/lib/protocol/Parser.js:75:12)
    at Protocol.write (/Users/rick/Desktop/2017.8/ts-cms/server/node_modules/.2.13.0@mysql/lib/protocol/Protocol.js:39:16)
    at Socket.<anonymous> (/Users/rick/Desktop/2017.8/ts-cms/server/node_modules/.2.13.0@mysql/lib/Connection.js:103:28)
    at emitOne (events.js:96:13)
    at Socket.emit (events.js:188:7)
    at readableAddChunk (_stream_readable.js:177:18)
    at Socket.Readable.push (_stream_readable.js:135:10)
    at TCP.onread (net.js:542:20)
    --------------------
    at Pool.query (/Users/rick/Desktop/2017.8/ts-cms/server/node_modules/.2.13.0@mysql/lib/Pool.js:199:23)
    at /Users/rick/Desktop/2017.8/ts-cms/server/node_modules/.2.3.0@pify/index.js:29:7
    at Pool.<anonymous> (/Users/rick/Desktop/2017.8/ts-cms/server/node_modules/.2.3.0@pify/index.js:12:10)
    at Pool.ret [as query] (/Users/rick/Desktop/2017.8/ts-cms/server/node_modules/.2.3.0@pify/index.js:56:34)
    at RDSClient.proto._query (/Users/rick/Desktop/2017.8/ts-cms/server/node_modules/.3.0.0@ali-rds/lib/client.js:34:20)
    at RDSClient.proto.query (/Users/rick/Desktop/2017.8/ts-cms/server/node_modules/.3.0.0@ali-rds/lib/operator.js:54:29)
    at next (native)
    at onFulfilled (/Users/rick/Desktop/2017.8/ts-cms/server/node_modules/.4.6.0@co/index.js:65:19)
    at /Users/rick/Desktop/2017.8/ts-cms/server/node_modules/.4.6.0@co/index.js:54:5
    at RDSClient.co (/Users/rick/Desktop/2017.8/ts-cms/server/node_modules/.4.6.0@co/index.js:50:10)
    at RDSClient.createPromise [as query] (/Users/rick/Desktop/2017.8/ts-cms/server/node_modules/.4.6.0@co/index.js:30:15)
    at RDSClient.proto.insert (/Users/rick/Desktop/2017.8/ts-cms/server/node_modules/.3.0.0@ali-rds/lib/operator.js:141:21)
    at next (native)
    at onFulfilled (/Users/rick/Desktop/2017.8/ts-cms/server/node_modules/.4.6.0@co/index.js:65:19)
    at /Users/rick/Desktop/2017.8/ts-cms/server/node_modules/.4.6.0@co/index.js:54:5
    at RDSClient.co (/Users/rick/Desktop/2017.8/ts-cms/server/node_modules/.4.6.0@co/index.js:50:10)
    sql: INSERT INTO `user`(`userName`, `sex`, `apartmentId`, `mb`, `uid`) VALUES('22', '1', 'ACCOUNT', '22', '22')
code: 'ER_DUP_ENTRY'
errno: 1062
sqlState: '23000'
index: 0
name: 'ER_DUP_ENTRYError'
pid: 33784
hostname: chenzhengrongdeMacBook-Pro.local

2017-07-21 03:07:02,895 ERROR 34543 [-/127.0.0.1/-/10ms POST /user] nodejs.ER_DUP_ENTRYError: ER_DUP_ENTRY: Duplicate entry '1' for key 'PRIMARY'
    at Query.Sequence._packetToError (/Users/rick/Desktop/2017.8/ts-cms/server/node_modules/.2.13.0@mysql/lib/protocol/sequences/Sequence.js:52:14)
    at Query.ErrorPacket (/Users/rick/Desktop/2017.8/ts-cms/server/node_modules/.2.13.0@mysql/lib/protocol/sequences/Query.js:77:18)
    at Protocol._parsePacket (/Users/rick/Desktop/2017.8/ts-cms/server/node_modules/.2.13.0@mysql/lib/protocol/Protocol.js:280:23)
    at Parser.write (/Users/rick/Desktop/2017.8/ts-cms/server/node_modules/.2.13.0@mysql/lib/protocol/Parser.js:75:12)
    at Protocol.write (/Users/rick/Desktop/2017.8/ts-cms/server/node_modules/.2.13.0@mysql/lib/protocol/Protocol.js:39:16)
    at Socket.<anonymous> (/Users/rick/Desktop/2017.8/ts-cms/server/node_modules/.2.13.0@mysql/lib/Connection.js:103:28)
    at emitOne (events.js:96:13)
    at Socket.emit (events.js:188:7)
    at readableAddChunk (_stream_readable.js:177:18)
    at Socket.Readable.push (_stream_readable.js:135:10)
    at TCP.onread (net.js:542:20)
    --------------------
    at Protocol._enqueue (/Users/rick/Desktop/2017.8/ts-cms/server/node_modules/.2.13.0@mysql/lib/protocol/Protocol.js:141:48)
    at PoolConnection.query (/Users/rick/Desktop/2017.8/ts-cms/server/node_modules/.2.13.0@mysql/lib/Connection.js:208:25)
    at /Users/rick/Desktop/2017.8/ts-cms/server/node_modules/.2.3.0@pify/index.js:29:7
    at PoolConnection.<anonymous> (/Users/rick/Desktop/2017.8/ts-cms/server/node_modules/.2.3.0@pify/index.js:12:10)
    at PoolConnection.ret [as query] (/Users/rick/Desktop/2017.8/ts-cms/server/node_modules/.2.3.0@pify/index.js:56:34)
    at RDSConnection.proto._query (/Users/rick/Desktop/2017.8/ts-cms/server/node_modules/.3.0.0@ali-rds/lib/connection.js:38:20)
    at RDSTransaction.proto._query (/Users/rick/Desktop/2017.8/ts-cms/server/node_modules/.3.0.0@ali-rds/lib/transaction.js:45:26)
    at next (native)
    at onFulfilled (/Users/rick/Desktop/2017.8/ts-cms/server/node_modules/.4.6.0@co/index.js:65:19)
    at /Users/rick/Desktop/2017.8/ts-cms/server/node_modules/.4.6.0@co/index.js:54:5
    at RDSTransaction.co (/Users/rick/Desktop/2017.8/ts-cms/server/node_modules/.4.6.0@co/index.js:50:10)
    at RDSTransaction.createPromise [as _query] (/Users/rick/Desktop/2017.8/ts-cms/server/node_modules/.4.6.0@co/index.js:30:15)
    at RDSTransaction.proto.query (/Users/rick/Desktop/2017.8/ts-cms/server/node_modules/.3.0.0@ali-rds/lib/operator.js:54:29)
    at next (native)
    at onFulfilled (/Users/rick/Desktop/2017.8/ts-cms/server/node_modules/.4.6.0@co/index.js:65:19)
    at /Users/rick/Desktop/2017.8/ts-cms/server/node_modules/.4.6.0@co/index.js:54:5
    sql: INSERT INTO `user`(`userName`, `sex`, `apartmentId`, `mb`, `uid`) VALUES('1', '1', 'SNS', '1', '1')
code: 'ER_DUP_ENTRY'
errno: 1062
sqlState: '23000'
index: 0
name: 'ER_DUP_ENTRYError'
pid: 34543
hostname: chenzhengrongdeMacBook-Pro.local

2017-07-21 03:17:09,603 ERROR 35135 [-/127.0.0.1/-/44ms POST /user] nodejs.ER_DUP_ENTRYError: ER_DUP_ENTRY: Duplicate entry '1' for key 'PRIMARY'
    at Query.Sequence._packetToError (/Users/rick/Desktop/2017.8/ts-cms/server/node_modules/.2.13.0@mysql/lib/protocol/sequences/Sequence.js:52:14)
    at Query.ErrorPacket (/Users/rick/Desktop/2017.8/ts-cms/server/node_modules/.2.13.0@mysql/lib/protocol/sequences/Query.js:77:18)
    at Protocol._parsePacket (/Users/rick/Desktop/2017.8/ts-cms/server/node_modules/.2.13.0@mysql/lib/protocol/Protocol.js:280:23)
    at Parser.write (/Users/rick/Desktop/2017.8/ts-cms/server/node_modules/.2.13.0@mysql/lib/protocol/Parser.js:75:12)
    at Protocol.write (/Users/rick/Desktop/2017.8/ts-cms/server/node_modules/.2.13.0@mysql/lib/protocol/Protocol.js:39:16)
    at Socket.<anonymous> (/Users/rick/Desktop/2017.8/ts-cms/server/node_modules/.2.13.0@mysql/lib/Connection.js:103:28)
    at emitOne (events.js:96:13)
    at Socket.emit (events.js:188:7)
    at readableAddChunk (_stream_readable.js:177:18)
    at Socket.Readable.push (_stream_readable.js:135:10)
    at TCP.onread (net.js:542:20)
    --------------------
    at Protocol._enqueue (/Users/rick/Desktop/2017.8/ts-cms/server/node_modules/.2.13.0@mysql/lib/protocol/Protocol.js:141:48)
    at PoolConnection.query (/Users/rick/Desktop/2017.8/ts-cms/server/node_modules/.2.13.0@mysql/lib/Connection.js:208:25)
    at /Users/rick/Desktop/2017.8/ts-cms/server/node_modules/.2.3.0@pify/index.js:29:7
    at PoolConnection.<anonymous> (/Users/rick/Desktop/2017.8/ts-cms/server/node_modules/.2.3.0@pify/index.js:12:10)
    at PoolConnection.ret [as query] (/Users/rick/Desktop/2017.8/ts-cms/server/node_modules/.2.3.0@pify/index.js:56:34)
    at RDSConnection.proto._query (/Users/rick/Desktop/2017.8/ts-cms/server/node_modules/.3.0.0@ali-rds/lib/connection.js:38:20)
    at RDSTransaction.proto._query (/Users/rick/Desktop/2017.8/ts-cms/server/node_modules/.3.0.0@ali-rds/lib/transaction.js:45:26)
    at next (native)
    at onFulfilled (/Users/rick/Desktop/2017.8/ts-cms/server/node_modules/.4.6.0@co/index.js:65:19)
    at /Users/rick/Desktop/2017.8/ts-cms/server/node_modules/.4.6.0@co/index.js:54:5
    at RDSTransaction.co (/Users/rick/Desktop/2017.8/ts-cms/server/node_modules/.4.6.0@co/index.js:50:10)
    at RDSTransaction.createPromise [as _query] (/Users/rick/Desktop/2017.8/ts-cms/server/node_modules/.4.6.0@co/index.js:30:15)
    at RDSTransaction.proto.query (/Users/rick/Desktop/2017.8/ts-cms/server/node_modules/.3.0.0@ali-rds/lib/operator.js:54:29)
    at next (native)
    at onFulfilled (/Users/rick/Desktop/2017.8/ts-cms/server/node_modules/.4.6.0@co/index.js:65:19)
    at /Users/rick/Desktop/2017.8/ts-cms/server/node_modules/.4.6.0@co/index.js:54:5
    sql: INSERT INTO `user`(`userName`, `sex`, `apartmentId`, `mb`, `uid`) VALUES('1', '1', 'SNS', '1', '1')
code: 'ER_DUP_ENTRY'
errno: 1062
sqlState: '23000'
index: 0
name: 'ER_DUP_ENTRYError'
pid: 35135
hostname: chenzhengrongdeMacBook-Pro.local

2017-07-21 03:17:09,605 ERROR 35135 [-/127.0.0.1/-/46ms POST /user] nodejs.ReferenceError: status is not defined
    at Object.<anonymous> (/Users/rick/Desktop/2017.8/ts-cms/server/app/middleware/error_handler.js:10:21)
    at throw (native)
    at onRejected (/Users/rick/Desktop/2017.8/ts-cms/server/node_modules/.4.6.0@co/index.js:81:24)
    at process._tickCallback (internal/process/next_tick.js:103:7)

pid: 35135
hostname: chenzhengrongdeMacBook-Pro.local

2017-07-21 03:18:12,149 ERROR 35135 [-/127.0.0.1/-/6ms POST /user] nodejs.ER_DUP_ENTRYError: ER_DUP_ENTRY: Duplicate entry '1' for key 'PRIMARY'
    at Query.Sequence._packetToError (/Users/rick/Desktop/2017.8/ts-cms/server/node_modules/.2.13.0@mysql/lib/protocol/sequences/Sequence.js:52:14)
    at Query.ErrorPacket (/Users/rick/Desktop/2017.8/ts-cms/server/node_modules/.2.13.0@mysql/lib/protocol/sequences/Query.js:77:18)
    at Protocol._parsePacket (/Users/rick/Desktop/2017.8/ts-cms/server/node_modules/.2.13.0@mysql/lib/protocol/Protocol.js:280:23)
    at Parser.write (/Users/rick/Desktop/2017.8/ts-cms/server/node_modules/.2.13.0@mysql/lib/protocol/Parser.js:75:12)
    at Protocol.write (/Users/rick/Desktop/2017.8/ts-cms/server/node_modules/.2.13.0@mysql/lib/protocol/Protocol.js:39:16)
    at Socket.<anonymous> (/Users/rick/Desktop/2017.8/ts-cms/server/node_modules/.2.13.0@mysql/lib/Connection.js:103:28)
    at emitOne (events.js:96:13)
    at Socket.emit (events.js:188:7)
    at readableAddChunk (_stream_readable.js:177:18)
    at Socket.Readable.push (_stream_readable.js:135:10)
    at TCP.onread (net.js:542:20)
    --------------------
    at Protocol._enqueue (/Users/rick/Desktop/2017.8/ts-cms/server/node_modules/.2.13.0@mysql/lib/protocol/Protocol.js:141:48)
    at PoolConnection.query (/Users/rick/Desktop/2017.8/ts-cms/server/node_modules/.2.13.0@mysql/lib/Connection.js:208:25)
    at /Users/rick/Desktop/2017.8/ts-cms/server/node_modules/.2.3.0@pify/index.js:29:7
    at PoolConnection.<anonymous> (/Users/rick/Desktop/2017.8/ts-cms/server/node_modules/.2.3.0@pify/index.js:12:10)
    at PoolConnection.ret [as query] (/Users/rick/Desktop/2017.8/ts-cms/server/node_modules/.2.3.0@pify/index.js:56:34)
    at RDSConnection.proto._query (/Users/rick/Desktop/2017.8/ts-cms/server/node_modules/.3.0.0@ali-rds/lib/connection.js:38:20)
    at RDSTransaction.proto._query (/Users/rick/Desktop/2017.8/ts-cms/server/node_modules/.3.0.0@ali-rds/lib/transaction.js:45:26)
    at next (native)
    at onFulfilled (/Users/rick/Desktop/2017.8/ts-cms/server/node_modules/.4.6.0@co/index.js:65:19)
    at /Users/rick/Desktop/2017.8/ts-cms/server/node_modules/.4.6.0@co/index.js:54:5
    at RDSTransaction.co (/Users/rick/Desktop/2017.8/ts-cms/server/node_modules/.4.6.0@co/index.js:50:10)
    at RDSTransaction.createPromise [as _query] (/Users/rick/Desktop/2017.8/ts-cms/server/node_modules/.4.6.0@co/index.js:30:15)
    at RDSTransaction.proto.query (/Users/rick/Desktop/2017.8/ts-cms/server/node_modules/.3.0.0@ali-rds/lib/operator.js:54:29)
    at next (native)
    at onFulfilled (/Users/rick/Desktop/2017.8/ts-cms/server/node_modules/.4.6.0@co/index.js:65:19)
    at /Users/rick/Desktop/2017.8/ts-cms/server/node_modules/.4.6.0@co/index.js:54:5
    sql: INSERT INTO `user`(`userName`, `sex`, `apartmentId`, `mb`, `uid`) VALUES('1', '1', 'B2B', '1', '1')
code: 'ER_DUP_ENTRY'
errno: 1062
sqlState: '23000'
index: 0
name: 'ER_DUP_ENTRYError'
pid: 35135
hostname: chenzhengrongdeMacBook-Pro.local

2017-07-21 03:18:12,151 ERROR 35135 [-/127.0.0.1/-/8ms POST /user] nodejs.ReferenceError: status is not defined
    at Object.<anonymous> (/Users/rick/Desktop/2017.8/ts-cms/server/app/middleware/error_handler.js:10:21)
    at throw (native)
    at onRejected (/Users/rick/Desktop/2017.8/ts-cms/server/node_modules/.4.6.0@co/index.js:81:24)
    at process._tickCallback (internal/process/next_tick.js:103:7)

pid: 35135
hostname: chenzhengrongdeMacBook-Pro.local

2017-07-21 03:19:36,364 ERROR 35273 [-/127.0.0.1/-/48ms POST /user] nodejs.ER_DUP_ENTRYError: ER_DUP_ENTRY: Duplicate entry '1' for key 'PRIMARY'
    at Query.Sequence._packetToError (/Users/rick/Desktop/2017.8/ts-cms/server/node_modules/.2.13.0@mysql/lib/protocol/sequences/Sequence.js:52:14)
    at Query.ErrorPacket (/Users/rick/Desktop/2017.8/ts-cms/server/node_modules/.2.13.0@mysql/lib/protocol/sequences/Query.js:77:18)
    at Protocol._parsePacket (/Users/rick/Desktop/2017.8/ts-cms/server/node_modules/.2.13.0@mysql/lib/protocol/Protocol.js:280:23)
    at Parser.write (/Users/rick/Desktop/2017.8/ts-cms/server/node_modules/.2.13.0@mysql/lib/protocol/Parser.js:75:12)
    at Protocol.write (/Users/rick/Desktop/2017.8/ts-cms/server/node_modules/.2.13.0@mysql/lib/protocol/Protocol.js:39:16)
    at Socket.<anonymous> (/Users/rick/Desktop/2017.8/ts-cms/server/node_modules/.2.13.0@mysql/lib/Connection.js:103:28)
    at emitOne (events.js:96:13)
    at Socket.emit (events.js:188:7)
    at readableAddChunk (_stream_readable.js:177:18)
    at Socket.Readable.push (_stream_readable.js:135:10)
    at TCP.onread (net.js:542:20)
    --------------------
    at Protocol._enqueue (/Users/rick/Desktop/2017.8/ts-cms/server/node_modules/.2.13.0@mysql/lib/protocol/Protocol.js:141:48)
    at PoolConnection.query (/Users/rick/Desktop/2017.8/ts-cms/server/node_modules/.2.13.0@mysql/lib/Connection.js:208:25)
    at /Users/rick/Desktop/2017.8/ts-cms/server/node_modules/.2.3.0@pify/index.js:29:7
    at PoolConnection.<anonymous> (/Users/rick/Desktop/2017.8/ts-cms/server/node_modules/.2.3.0@pify/index.js:12:10)
    at PoolConnection.ret [as query] (/Users/rick/Desktop/2017.8/ts-cms/server/node_modules/.2.3.0@pify/index.js:56:34)
    at RDSConnection.proto._query (/Users/rick/Desktop/2017.8/ts-cms/server/node_modules/.3.0.0@ali-rds/lib/connection.js:38:20)
    at RDSTransaction.proto._query (/Users/rick/Desktop/2017.8/ts-cms/server/node_modules/.3.0.0@ali-rds/lib/transaction.js:45:26)
    at next (native)
    at onFulfilled (/Users/rick/Desktop/2017.8/ts-cms/server/node_modules/.4.6.0@co/index.js:65:19)
    at /Users/rick/Desktop/2017.8/ts-cms/server/node_modules/.4.6.0@co/index.js:54:5
    at RDSTransaction.co (/Users/rick/Desktop/2017.8/ts-cms/server/node_modules/.4.6.0@co/index.js:50:10)
    at RDSTransaction.createPromise [as _query] (/Users/rick/Desktop/2017.8/ts-cms/server/node_modules/.4.6.0@co/index.js:30:15)
    at RDSTransaction.proto.query (/Users/rick/Desktop/2017.8/ts-cms/server/node_modules/.3.0.0@ali-rds/lib/operator.js:54:29)
    at next (native)
    at onFulfilled (/Users/rick/Desktop/2017.8/ts-cms/server/node_modules/.4.6.0@co/index.js:65:19)
    at /Users/rick/Desktop/2017.8/ts-cms/server/node_modules/.4.6.0@co/index.js:54:5
    sql: INSERT INTO `user`(`userName`, `sex`, `apartmentId`, `mb`, `uid`) VALUES('1', '1', 'B2B', '1', '1')
code: 'ER_DUP_ENTRY'
errno: 1062
sqlState: '23000'
index: 0
name: 'ER_DUP_ENTRYError'
pid: 35273
hostname: chenzhengrongdeMacBook-Pro.local

2017-07-21 03:19:36,366 ERROR 35273 [-/127.0.0.1/-/50ms POST /user] nodejs.ReferenceError: status is not defined
    at Object.<anonymous> (/Users/rick/Desktop/2017.8/ts-cms/server/app/middleware/error_handler.js:10:21)
    at throw (native)
    at onRejected (/Users/rick/Desktop/2017.8/ts-cms/server/node_modules/.4.6.0@co/index.js:81:24)
    at process._tickCallback (internal/process/next_tick.js:103:7)

pid: 35273
hostname: chenzhengrongdeMacBook-Pro.local

2017-07-21 03:19:43,992 ERROR 35273 [-/127.0.0.1/-/5ms POST /user] nodejs.ER_DUP_ENTRYError: ER_DUP_ENTRY: Duplicate entry '1' for key 'PRIMARY'
    at Query.Sequence._packetToError (/Users/rick/Desktop/2017.8/ts-cms/server/node_modules/.2.13.0@mysql/lib/protocol/sequences/Sequence.js:52:14)
    at Query.ErrorPacket (/Users/rick/Desktop/2017.8/ts-cms/server/node_modules/.2.13.0@mysql/lib/protocol/sequences/Query.js:77:18)
    at Protocol._parsePacket (/Users/rick/Desktop/2017.8/ts-cms/server/node_modules/.2.13.0@mysql/lib/protocol/Protocol.js:280:23)
    at Parser.write (/Users/rick/Desktop/2017.8/ts-cms/server/node_modules/.2.13.0@mysql/lib/protocol/Parser.js:75:12)
    at Protocol.write (/Users/rick/Desktop/2017.8/ts-cms/server/node_modules/.2.13.0@mysql/lib/protocol/Protocol.js:39:16)
    at Socket.<anonymous> (/Users/rick/Desktop/2017.8/ts-cms/server/node_modules/.2.13.0@mysql/lib/Connection.js:103:28)
    at emitOne (events.js:96:13)
    at Socket.emit (events.js:188:7)
    at readableAddChunk (_stream_readable.js:177:18)
    at Socket.Readable.push (_stream_readable.js:135:10)
    at TCP.onread (net.js:542:20)
    --------------------
    at Protocol._enqueue (/Users/rick/Desktop/2017.8/ts-cms/server/node_modules/.2.13.0@mysql/lib/protocol/Protocol.js:141:48)
    at PoolConnection.query (/Users/rick/Desktop/2017.8/ts-cms/server/node_modules/.2.13.0@mysql/lib/Connection.js:208:25)
    at /Users/rick/Desktop/2017.8/ts-cms/server/node_modules/.2.3.0@pify/index.js:29:7
    at PoolConnection.<anonymous> (/Users/rick/Desktop/2017.8/ts-cms/server/node_modules/.2.3.0@pify/index.js:12:10)
    at PoolConnection.ret [as query] (/Users/rick/Desktop/2017.8/ts-cms/server/node_modules/.2.3.0@pify/index.js:56:34)
    at RDSConnection.proto._query (/Users/rick/Desktop/2017.8/ts-cms/server/node_modules/.3.0.0@ali-rds/lib/connection.js:38:20)
    at RDSTransaction.proto._query (/Users/rick/Desktop/2017.8/ts-cms/server/node_modules/.3.0.0@ali-rds/lib/transaction.js:45:26)
    at next (native)
    at onFulfilled (/Users/rick/Desktop/2017.8/ts-cms/server/node_modules/.4.6.0@co/index.js:65:19)
    at /Users/rick/Desktop/2017.8/ts-cms/server/node_modules/.4.6.0@co/index.js:54:5
    at RDSTransaction.co (/Users/rick/Desktop/2017.8/ts-cms/server/node_modules/.4.6.0@co/index.js:50:10)
    at RDSTransaction.createPromise [as _query] (/Users/rick/Desktop/2017.8/ts-cms/server/node_modules/.4.6.0@co/index.js:30:15)
    at RDSTransaction.proto.query (/Users/rick/Desktop/2017.8/ts-cms/server/node_modules/.3.0.0@ali-rds/lib/operator.js:54:29)
    at next (native)
    at onFulfilled (/Users/rick/Desktop/2017.8/ts-cms/server/node_modules/.4.6.0@co/index.js:65:19)
    at /Users/rick/Desktop/2017.8/ts-cms/server/node_modules/.4.6.0@co/index.js:54:5
    sql: INSERT INTO `user`(`userName`, `sex`, `apartmentId`, `mb`, `uid`) VALUES('1', '1', 'B2B', '1', '1')
code: 'ER_DUP_ENTRY'
errno: 1062
sqlState: '23000'
index: 0
name: 'ER_DUP_ENTRYError'
pid: 35273
hostname: chenzhengrongdeMacBook-Pro.local

2017-07-21 03:19:43,993 ERROR 35273 [-/127.0.0.1/-/5ms POST /user] nodejs.ReferenceError: status is not defined
    at Object.<anonymous> (/Users/rick/Desktop/2017.8/ts-cms/server/app/middleware/error_handler.js:10:21)
    at throw (native)
    at onRejected (/Users/rick/Desktop/2017.8/ts-cms/server/node_modules/.4.6.0@co/index.js:81:24)
    at process._tickCallback (internal/process/next_tick.js:103:7)

pid: 35273
hostname: chenzhengrongdeMacBook-Pro.local

2017-07-21 03:20:09,498 ERROR 35302 [-/127.0.0.1/-/53ms POST /user] nodejs.ER_DUP_ENTRYError: ER_DUP_ENTRY: Duplicate entry '1' for key 'PRIMARY'
    at Query.Sequence._packetToError (/Users/rick/Desktop/2017.8/ts-cms/server/node_modules/.2.13.0@mysql/lib/protocol/sequences/Sequence.js:52:14)
    at Query.ErrorPacket (/Users/rick/Desktop/2017.8/ts-cms/server/node_modules/.2.13.0@mysql/lib/protocol/sequences/Query.js:77:18)
    at Protocol._parsePacket (/Users/rick/Desktop/2017.8/ts-cms/server/node_modules/.2.13.0@mysql/lib/protocol/Protocol.js:280:23)
    at Parser.write (/Users/rick/Desktop/2017.8/ts-cms/server/node_modules/.2.13.0@mysql/lib/protocol/Parser.js:75:12)
    at Protocol.write (/Users/rick/Desktop/2017.8/ts-cms/server/node_modules/.2.13.0@mysql/lib/protocol/Protocol.js:39:16)
    at Socket.<anonymous> (/Users/rick/Desktop/2017.8/ts-cms/server/node_modules/.2.13.0@mysql/lib/Connection.js:103:28)
    at emitOne (events.js:96:13)
    at Socket.emit (events.js:188:7)
    at readableAddChunk (_stream_readable.js:177:18)
    at Socket.Readable.push (_stream_readable.js:135:10)
    at TCP.onread (net.js:542:20)
    --------------------
    at Protocol._enqueue (/Users/rick/Desktop/2017.8/ts-cms/server/node_modules/.2.13.0@mysql/lib/protocol/Protocol.js:141:48)
    at PoolConnection.query (/Users/rick/Desktop/2017.8/ts-cms/server/node_modules/.2.13.0@mysql/lib/Connection.js:208:25)
    at /Users/rick/Desktop/2017.8/ts-cms/server/node_modules/.2.3.0@pify/index.js:29:7
    at PoolConnection.<anonymous> (/Users/rick/Desktop/2017.8/ts-cms/server/node_modules/.2.3.0@pify/index.js:12:10)
    at PoolConnection.ret [as query] (/Users/rick/Desktop/2017.8/ts-cms/server/node_modules/.2.3.0@pify/index.js:56:34)
    at RDSConnection.proto._query (/Users/rick/Desktop/2017.8/ts-cms/server/node_modules/.3.0.0@ali-rds/lib/connection.js:38:20)
    at RDSTransaction.proto._query (/Users/rick/Desktop/2017.8/ts-cms/server/node_modules/.3.0.0@ali-rds/lib/transaction.js:45:26)
    at next (native)
    at onFulfilled (/Users/rick/Desktop/2017.8/ts-cms/server/node_modules/.4.6.0@co/index.js:65:19)
    at /Users/rick/Desktop/2017.8/ts-cms/server/node_modules/.4.6.0@co/index.js:54:5
    at RDSTransaction.co (/Users/rick/Desktop/2017.8/ts-cms/server/node_modules/.4.6.0@co/index.js:50:10)
    at RDSTransaction.createPromise [as _query] (/Users/rick/Desktop/2017.8/ts-cms/server/node_modules/.4.6.0@co/index.js:30:15)
    at RDSTransaction.proto.query (/Users/rick/Desktop/2017.8/ts-cms/server/node_modules/.3.0.0@ali-rds/lib/operator.js:54:29)
    at next (native)
    at onFulfilled (/Users/rick/Desktop/2017.8/ts-cms/server/node_modules/.4.6.0@co/index.js:65:19)
    at /Users/rick/Desktop/2017.8/ts-cms/server/node_modules/.4.6.0@co/index.js:54:5
    sql: INSERT INTO `user`(`userName`, `sex`, `apartmentId`, `mb`, `uid`) VALUES('1', '1', 'B2B', '1', '1')
code: 'ER_DUP_ENTRY'
errno: 1062
sqlState: '23000'
index: 0
name: 'ER_DUP_ENTRYError'
pid: 35302
hostname: chenzhengrongdeMacBook-Pro.local

2017-07-21 03:20:14,170 ERROR 35302 [-/127.0.0.1/-/6ms POST /user] nodejs.ER_DUP_ENTRYError: ER_DUP_ENTRY: Duplicate entry '1' for key 'PRIMARY'
    at Query.Sequence._packetToError (/Users/rick/Desktop/2017.8/ts-cms/server/node_modules/.2.13.0@mysql/lib/protocol/sequences/Sequence.js:52:14)
    at Query.ErrorPacket (/Users/rick/Desktop/2017.8/ts-cms/server/node_modules/.2.13.0@mysql/lib/protocol/sequences/Query.js:77:18)
    at Protocol._parsePacket (/Users/rick/Desktop/2017.8/ts-cms/server/node_modules/.2.13.0@mysql/lib/protocol/Protocol.js:280:23)
    at Parser.write (/Users/rick/Desktop/2017.8/ts-cms/server/node_modules/.2.13.0@mysql/lib/protocol/Parser.js:75:12)
    at Protocol.write (/Users/rick/Desktop/2017.8/ts-cms/server/node_modules/.2.13.0@mysql/lib/protocol/Protocol.js:39:16)
    at Socket.<anonymous> (/Users/rick/Desktop/2017.8/ts-cms/server/node_modules/.2.13.0@mysql/lib/Connection.js:103:28)
    at emitOne (events.js:96:13)
    at Socket.emit (events.js:188:7)
    at readableAddChunk (_stream_readable.js:177:18)
    at Socket.Readable.push (_stream_readable.js:135:10)
    at TCP.onread (net.js:542:20)
    --------------------
    at Protocol._enqueue (/Users/rick/Desktop/2017.8/ts-cms/server/node_modules/.2.13.0@mysql/lib/protocol/Protocol.js:141:48)
    at PoolConnection.query (/Users/rick/Desktop/2017.8/ts-cms/server/node_modules/.2.13.0@mysql/lib/Connection.js:208:25)
    at /Users/rick/Desktop/2017.8/ts-cms/server/node_modules/.2.3.0@pify/index.js:29:7
    at PoolConnection.<anonymous> (/Users/rick/Desktop/2017.8/ts-cms/server/node_modules/.2.3.0@pify/index.js:12:10)
    at PoolConnection.ret [as query] (/Users/rick/Desktop/2017.8/ts-cms/server/node_modules/.2.3.0@pify/index.js:56:34)
    at RDSConnection.proto._query (/Users/rick/Desktop/2017.8/ts-cms/server/node_modules/.3.0.0@ali-rds/lib/connection.js:38:20)
    at RDSTransaction.proto._query (/Users/rick/Desktop/2017.8/ts-cms/server/node_modules/.3.0.0@ali-rds/lib/transaction.js:45:26)
    at next (native)
    at onFulfilled (/Users/rick/Desktop/2017.8/ts-cms/server/node_modules/.4.6.0@co/index.js:65:19)
    at /Users/rick/Desktop/2017.8/ts-cms/server/node_modules/.4.6.0@co/index.js:54:5
    at RDSTransaction.co (/Users/rick/Desktop/2017.8/ts-cms/server/node_modules/.4.6.0@co/index.js:50:10)
    at RDSTransaction.createPromise [as _query] (/Users/rick/Desktop/2017.8/ts-cms/server/node_modules/.4.6.0@co/index.js:30:15)
    at RDSTransaction.proto.query (/Users/rick/Desktop/2017.8/ts-cms/server/node_modules/.3.0.0@ali-rds/lib/operator.js:54:29)
    at next (native)
    at onFulfilled (/Users/rick/Desktop/2017.8/ts-cms/server/node_modules/.4.6.0@co/index.js:65:19)
    at /Users/rick/Desktop/2017.8/ts-cms/server/node_modules/.4.6.0@co/index.js:54:5
    sql: INSERT INTO `user`(`userName`, `sex`, `apartmentId`, `mb`, `uid`) VALUES('1', '1', 'B2B', '1', '1')
code: 'ER_DUP_ENTRY'
errno: 1062
sqlState: '23000'
index: 0
name: 'ER_DUP_ENTRYError'
pid: 35302
hostname: chenzhengrongdeMacBook-Pro.local

2017-07-21 03:21:04,344 ERROR 35302 [-/127.0.0.1/-/6ms POST /user] nodejs.ER_DUP_ENTRYError: ER_DUP_ENTRY: Duplicate entry '1' for key 'PRIMARY'
    at Query.Sequence._packetToError (/Users/rick/Desktop/2017.8/ts-cms/server/node_modules/.2.13.0@mysql/lib/protocol/sequences/Sequence.js:52:14)
    at Query.ErrorPacket (/Users/rick/Desktop/2017.8/ts-cms/server/node_modules/.2.13.0@mysql/lib/protocol/sequences/Query.js:77:18)
    at Protocol._parsePacket (/Users/rick/Desktop/2017.8/ts-cms/server/node_modules/.2.13.0@mysql/lib/protocol/Protocol.js:280:23)
    at Parser.write (/Users/rick/Desktop/2017.8/ts-cms/server/node_modules/.2.13.0@mysql/lib/protocol/Parser.js:75:12)
    at Protocol.write (/Users/rick/Desktop/2017.8/ts-cms/server/node_modules/.2.13.0@mysql/lib/protocol/Protocol.js:39:16)
    at Socket.<anonymous> (/Users/rick/Desktop/2017.8/ts-cms/server/node_modules/.2.13.0@mysql/lib/Connection.js:103:28)
    at emitOne (events.js:96:13)
    at Socket.emit (events.js:188:7)
    at readableAddChunk (_stream_readable.js:177:18)
    at Socket.Readable.push (_stream_readable.js:135:10)
    at TCP.onread (net.js:542:20)
    --------------------
    at Protocol._enqueue (/Users/rick/Desktop/2017.8/ts-cms/server/node_modules/.2.13.0@mysql/lib/protocol/Protocol.js:141:48)
    at PoolConnection.query (/Users/rick/Desktop/2017.8/ts-cms/server/node_modules/.2.13.0@mysql/lib/Connection.js:208:25)
    at /Users/rick/Desktop/2017.8/ts-cms/server/node_modules/.2.3.0@pify/index.js:29:7
    at PoolConnection.<anonymous> (/Users/rick/Desktop/2017.8/ts-cms/server/node_modules/.2.3.0@pify/index.js:12:10)
    at PoolConnection.ret [as query] (/Users/rick/Desktop/2017.8/ts-cms/server/node_modules/.2.3.0@pify/index.js:56:34)
    at RDSConnection.proto._query (/Users/rick/Desktop/2017.8/ts-cms/server/node_modules/.3.0.0@ali-rds/lib/connection.js:38:20)
    at RDSTransaction.proto._query (/Users/rick/Desktop/2017.8/ts-cms/server/node_modules/.3.0.0@ali-rds/lib/transaction.js:45:26)
    at next (native)
    at onFulfilled (/Users/rick/Desktop/2017.8/ts-cms/server/node_modules/.4.6.0@co/index.js:65:19)
    at /Users/rick/Desktop/2017.8/ts-cms/server/node_modules/.4.6.0@co/index.js:54:5
    at RDSTransaction.co (/Users/rick/Desktop/2017.8/ts-cms/server/node_modules/.4.6.0@co/index.js:50:10)
    at RDSTransaction.createPromise [as _query] (/Users/rick/Desktop/2017.8/ts-cms/server/node_modules/.4.6.0@co/index.js:30:15)
    at RDSTransaction.proto.query (/Users/rick/Desktop/2017.8/ts-cms/server/node_modules/.3.0.0@ali-rds/lib/operator.js:54:29)
    at next (native)
    at onFulfilled (/Users/rick/Desktop/2017.8/ts-cms/server/node_modules/.4.6.0@co/index.js:65:19)
    at /Users/rick/Desktop/2017.8/ts-cms/server/node_modules/.4.6.0@co/index.js:54:5
    sql: INSERT INTO `user`(`userName`, `sex`, `apartmentId`, `mb`, `uid`) VALUES('1', '1', 'MB', '1', '1')
code: 'ER_DUP_ENTRY'
errno: 1062
sqlState: '23000'
index: 0
name: 'ER_DUP_ENTRYError'
pid: 35302
hostname: chenzhengrongdeMacBook-Pro.local

2017-07-21 03:21:50,412 ERROR 35398 [-/127.0.0.1/-/55ms POST /user] nodejs.ER_DUP_ENTRYError: ER_DUP_ENTRY: Duplicate entry '1' for key 'PRIMARY'
    at Query.Sequence._packetToError (/Users/rick/Desktop/2017.8/ts-cms/server/node_modules/.2.13.0@mysql/lib/protocol/sequences/Sequence.js:52:14)
    at Query.ErrorPacket (/Users/rick/Desktop/2017.8/ts-cms/server/node_modules/.2.13.0@mysql/lib/protocol/sequences/Query.js:77:18)
    at Protocol._parsePacket (/Users/rick/Desktop/2017.8/ts-cms/server/node_modules/.2.13.0@mysql/lib/protocol/Protocol.js:280:23)
    at Parser.write (/Users/rick/Desktop/2017.8/ts-cms/server/node_modules/.2.13.0@mysql/lib/protocol/Parser.js:75:12)
    at Protocol.write (/Users/rick/Desktop/2017.8/ts-cms/server/node_modules/.2.13.0@mysql/lib/protocol/Protocol.js:39:16)
    at Socket.<anonymous> (/Users/rick/Desktop/2017.8/ts-cms/server/node_modules/.2.13.0@mysql/lib/Connection.js:103:28)
    at emitOne (events.js:96:13)
    at Socket.emit (events.js:188:7)
    at readableAddChunk (_stream_readable.js:177:18)
    at Socket.Readable.push (_stream_readable.js:135:10)
    at TCP.onread (net.js:542:20)
    --------------------
    at Protocol._enqueue (/Users/rick/Desktop/2017.8/ts-cms/server/node_modules/.2.13.0@mysql/lib/protocol/Protocol.js:141:48)
    at PoolConnection.query (/Users/rick/Desktop/2017.8/ts-cms/server/node_modules/.2.13.0@mysql/lib/Connection.js:208:25)
    at /Users/rick/Desktop/2017.8/ts-cms/server/node_modules/.2.3.0@pify/index.js:29:7
    at PoolConnection.<anonymous> (/Users/rick/Desktop/2017.8/ts-cms/server/node_modules/.2.3.0@pify/index.js:12:10)
    at PoolConnection.ret [as query] (/Users/rick/Desktop/2017.8/ts-cms/server/node_modules/.2.3.0@pify/index.js:56:34)
    at RDSConnection.proto._query (/Users/rick/Desktop/2017.8/ts-cms/server/node_modules/.3.0.0@ali-rds/lib/connection.js:38:20)
    at RDSTransaction.proto._query (/Users/rick/Desktop/2017.8/ts-cms/server/node_modules/.3.0.0@ali-rds/lib/transaction.js:45:26)
    at next (native)
    at onFulfilled (/Users/rick/Desktop/2017.8/ts-cms/server/node_modules/.4.6.0@co/index.js:65:19)
    at /Users/rick/Desktop/2017.8/ts-cms/server/node_modules/.4.6.0@co/index.js:54:5
    at RDSTransaction.co (/Users/rick/Desktop/2017.8/ts-cms/server/node_modules/.4.6.0@co/index.js:50:10)
    at RDSTransaction.createPromise [as _query] (/Users/rick/Desktop/2017.8/ts-cms/server/node_modules/.4.6.0@co/index.js:30:15)
    at RDSTransaction.proto.query (/Users/rick/Desktop/2017.8/ts-cms/server/node_modules/.3.0.0@ali-rds/lib/operator.js:54:29)
    at next (native)
    at onFulfilled (/Users/rick/Desktop/2017.8/ts-cms/server/node_modules/.4.6.0@co/index.js:65:19)
    at /Users/rick/Desktop/2017.8/ts-cms/server/node_modules/.4.6.0@co/index.js:54:5
    sql: INSERT INTO `user`(`userName`, `sex`, `apartmentId`, `mb`, `uid`) VALUES('1', '1', 'MB', '1', '1')
code: 'ER_DUP_ENTRY'
errno: 1062
sqlState: '23000'
index: 0
name: 'ER_DUP_ENTRYError'
pid: 35398
hostname: chenzhengrongdeMacBook-Pro.local

2017-07-21 03:23:43,278 ERROR 35515 [-/127.0.0.1/-/53ms POST /user] nodejs.ER_DUP_ENTRYError: ER_DUP_ENTRY: Duplicate entry '1' for key 'PRIMARY'
    at Query.Sequence._packetToError (/Users/rick/Desktop/2017.8/ts-cms/server/node_modules/.2.13.0@mysql/lib/protocol/sequences/Sequence.js:52:14)
    at Query.ErrorPacket (/Users/rick/Desktop/2017.8/ts-cms/server/node_modules/.2.13.0@mysql/lib/protocol/sequences/Query.js:77:18)
    at Protocol._parsePacket (/Users/rick/Desktop/2017.8/ts-cms/server/node_modules/.2.13.0@mysql/lib/protocol/Protocol.js:280:23)
    at Parser.write (/Users/rick/Desktop/2017.8/ts-cms/server/node_modules/.2.13.0@mysql/lib/protocol/Parser.js:75:12)
    at Protocol.write (/Users/rick/Desktop/2017.8/ts-cms/server/node_modules/.2.13.0@mysql/lib/protocol/Protocol.js:39:16)
    at Socket.<anonymous> (/Users/rick/Desktop/2017.8/ts-cms/server/node_modules/.2.13.0@mysql/lib/Connection.js:103:28)
    at emitOne (events.js:96:13)
    at Socket.emit (events.js:188:7)
    at readableAddChunk (_stream_readable.js:177:18)
    at Socket.Readable.push (_stream_readable.js:135:10)
    at TCP.onread (net.js:542:20)
    --------------------
    at Protocol._enqueue (/Users/rick/Desktop/2017.8/ts-cms/server/node_modules/.2.13.0@mysql/lib/protocol/Protocol.js:141:48)
    at PoolConnection.query (/Users/rick/Desktop/2017.8/ts-cms/server/node_modules/.2.13.0@mysql/lib/Connection.js:208:25)
    at /Users/rick/Desktop/2017.8/ts-cms/server/node_modules/.2.3.0@pify/index.js:29:7
    at PoolConnection.<anonymous> (/Users/rick/Desktop/2017.8/ts-cms/server/node_modules/.2.3.0@pify/index.js:12:10)
    at PoolConnection.ret [as query] (/Users/rick/Desktop/2017.8/ts-cms/server/node_modules/.2.3.0@pify/index.js:56:34)
    at RDSConnection.proto._query (/Users/rick/Desktop/2017.8/ts-cms/server/node_modules/.3.0.0@ali-rds/lib/connection.js:38:20)
    at RDSTransaction.proto._query (/Users/rick/Desktop/2017.8/ts-cms/server/node_modules/.3.0.0@ali-rds/lib/transaction.js:45:26)
    at next (native)
    at onFulfilled (/Users/rick/Desktop/2017.8/ts-cms/server/node_modules/.4.6.0@co/index.js:65:19)
    at /Users/rick/Desktop/2017.8/ts-cms/server/node_modules/.4.6.0@co/index.js:54:5
    at RDSTransaction.co (/Users/rick/Desktop/2017.8/ts-cms/server/node_modules/.4.6.0@co/index.js:50:10)
    at RDSTransaction.createPromise [as _query] (/Users/rick/Desktop/2017.8/ts-cms/server/node_modules/.4.6.0@co/index.js:30:15)
    at RDSTransaction.proto.query (/Users/rick/Desktop/2017.8/ts-cms/server/node_modules/.3.0.0@ali-rds/lib/operator.js:54:29)
    at next (native)
    at onFulfilled (/Users/rick/Desktop/2017.8/ts-cms/server/node_modules/.4.6.0@co/index.js:65:19)
    at /Users/rick/Desktop/2017.8/ts-cms/server/node_modules/.4.6.0@co/index.js:54:5
    sql: INSERT INTO `user`(`userName`, `sex`, `apartmentId`, `mb`, `uid`) VALUES('1', '1', 'MB', '1', '1')
code: 'ER_DUP_ENTRY'
errno: 1062
sqlState: '23000'
index: 0
name: 'ER_DUP_ENTRYError'
pid: 35515
hostname: chenzhengrongdeMacBook-Pro.local

2017-07-21 03:24:39,676 ERROR 35575 [-/127.0.0.1/-/38ms POST /user] nodejs.ER_DUP_ENTRYError: ER_DUP_ENTRY: Duplicate entry '1' for key 'PRIMARY'
    at Query.Sequence._packetToError (/Users/rick/Desktop/2017.8/ts-cms/server/node_modules/.2.13.0@mysql/lib/protocol/sequences/Sequence.js:52:14)
    at Query.ErrorPacket (/Users/rick/Desktop/2017.8/ts-cms/server/node_modules/.2.13.0@mysql/lib/protocol/sequences/Query.js:77:18)
    at Protocol._parsePacket (/Users/rick/Desktop/2017.8/ts-cms/server/node_modules/.2.13.0@mysql/lib/protocol/Protocol.js:280:23)
    at Parser.write (/Users/rick/Desktop/2017.8/ts-cms/server/node_modules/.2.13.0@mysql/lib/protocol/Parser.js:75:12)
    at Protocol.write (/Users/rick/Desktop/2017.8/ts-cms/server/node_modules/.2.13.0@mysql/lib/protocol/Protocol.js:39:16)
    at Socket.<anonymous> (/Users/rick/Desktop/2017.8/ts-cms/server/node_modules/.2.13.0@mysql/lib/Connection.js:103:28)
    at emitOne (events.js:96:13)
    at Socket.emit (events.js:188:7)
    at readableAddChunk (_stream_readable.js:177:18)
    at Socket.Readable.push (_stream_readable.js:135:10)
    at TCP.onread (net.js:542:20)
    --------------------
    at Protocol._enqueue (/Users/rick/Desktop/2017.8/ts-cms/server/node_modules/.2.13.0@mysql/lib/protocol/Protocol.js:141:48)
    at PoolConnection.query (/Users/rick/Desktop/2017.8/ts-cms/server/node_modules/.2.13.0@mysql/lib/Connection.js:208:25)
    at /Users/rick/Desktop/2017.8/ts-cms/server/node_modules/.2.3.0@pify/index.js:29:7
    at PoolConnection.<anonymous> (/Users/rick/Desktop/2017.8/ts-cms/server/node_modules/.2.3.0@pify/index.js:12:10)
    at PoolConnection.ret [as query] (/Users/rick/Desktop/2017.8/ts-cms/server/node_modules/.2.3.0@pify/index.js:56:34)
    at RDSConnection.proto._query (/Users/rick/Desktop/2017.8/ts-cms/server/node_modules/.3.0.0@ali-rds/lib/connection.js:38:20)
    at RDSTransaction.proto._query (/Users/rick/Desktop/2017.8/ts-cms/server/node_modules/.3.0.0@ali-rds/lib/transaction.js:45:26)
    at next (native)
    at onFulfilled (/Users/rick/Desktop/2017.8/ts-cms/server/node_modules/.4.6.0@co/index.js:65:19)
    at /Users/rick/Desktop/2017.8/ts-cms/server/node_modules/.4.6.0@co/index.js:54:5
    at RDSTransaction.co (/Users/rick/Desktop/2017.8/ts-cms/server/node_modules/.4.6.0@co/index.js:50:10)
    at RDSTransaction.createPromise [as _query] (/Users/rick/Desktop/2017.8/ts-cms/server/node_modules/.4.6.0@co/index.js:30:15)
    at RDSTransaction.proto.query (/Users/rick/Desktop/2017.8/ts-cms/server/node_modules/.3.0.0@ali-rds/lib/operator.js:54:29)
    at next (native)
    at onFulfilled (/Users/rick/Desktop/2017.8/ts-cms/server/node_modules/.4.6.0@co/index.js:65:19)
    at /Users/rick/Desktop/2017.8/ts-cms/server/node_modules/.4.6.0@co/index.js:54:5
    sql: INSERT INTO `user`(`userName`, `sex`, `apartmentId`, `mb`, `uid`) VALUES('1', '1', 'MB', '1', '1')
code: 'ER_DUP_ENTRY'
errno: 1062
sqlState: '23000'
index: 0
name: 'ER_DUP_ENTRYError'
pid: 35575
hostname: chenzhengrongdeMacBook-Pro.local

2017-07-21 03:26:15,388 ERROR 35575 [-/127.0.0.1/-/7ms POST /user] nodejs.ER_DUP_ENTRYError: ER_DUP_ENTRY: Duplicate entry '1' for key 'PRIMARY'
    at Query.Sequence._packetToError (/Users/rick/Desktop/2017.8/ts-cms/server/node_modules/.2.13.0@mysql/lib/protocol/sequences/Sequence.js:52:14)
    at Query.ErrorPacket (/Users/rick/Desktop/2017.8/ts-cms/server/node_modules/.2.13.0@mysql/lib/protocol/sequences/Query.js:77:18)
    at Protocol._parsePacket (/Users/rick/Desktop/2017.8/ts-cms/server/node_modules/.2.13.0@mysql/lib/protocol/Protocol.js:280:23)
    at Parser.write (/Users/rick/Desktop/2017.8/ts-cms/server/node_modules/.2.13.0@mysql/lib/protocol/Parser.js:75:12)
    at Protocol.write (/Users/rick/Desktop/2017.8/ts-cms/server/node_modules/.2.13.0@mysql/lib/protocol/Protocol.js:39:16)
    at Socket.<anonymous> (/Users/rick/Desktop/2017.8/ts-cms/server/node_modules/.2.13.0@mysql/lib/Connection.js:103:28)
    at emitOne (events.js:96:13)
    at Socket.emit (events.js:188:7)
    at readableAddChunk (_stream_readable.js:177:18)
    at Socket.Readable.push (_stream_readable.js:135:10)
    at TCP.onread (net.js:542:20)
    --------------------
    at Protocol._enqueue (/Users/rick/Desktop/2017.8/ts-cms/server/node_modules/.2.13.0@mysql/lib/protocol/Protocol.js:141:48)
    at PoolConnection.query (/Users/rick/Desktop/2017.8/ts-cms/server/node_modules/.2.13.0@mysql/lib/Connection.js:208:25)
    at /Users/rick/Desktop/2017.8/ts-cms/server/node_modules/.2.3.0@pify/index.js:29:7
    at PoolConnection.<anonymous> (/Users/rick/Desktop/2017.8/ts-cms/server/node_modules/.2.3.0@pify/index.js:12:10)
    at PoolConnection.ret [as query] (/Users/rick/Desktop/2017.8/ts-cms/server/node_modules/.2.3.0@pify/index.js:56:34)
    at RDSConnection.proto._query (/Users/rick/Desktop/2017.8/ts-cms/server/node_modules/.3.0.0@ali-rds/lib/connection.js:38:20)
    at RDSTransaction.proto._query (/Users/rick/Desktop/2017.8/ts-cms/server/node_modules/.3.0.0@ali-rds/lib/transaction.js:45:26)
    at next (native)
    at onFulfilled (/Users/rick/Desktop/2017.8/ts-cms/server/node_modules/.4.6.0@co/index.js:65:19)
    at /Users/rick/Desktop/2017.8/ts-cms/server/node_modules/.4.6.0@co/index.js:54:5
    at RDSTransaction.co (/Users/rick/Desktop/2017.8/ts-cms/server/node_modules/.4.6.0@co/index.js:50:10)
    at RDSTransaction.createPromise [as _query] (/Users/rick/Desktop/2017.8/ts-cms/server/node_modules/.4.6.0@co/index.js:30:15)
    at RDSTransaction.proto.query (/Users/rick/Desktop/2017.8/ts-cms/server/node_modules/.3.0.0@ali-rds/lib/operator.js:54:29)
    at next (native)
    at onFulfilled (/Users/rick/Desktop/2017.8/ts-cms/server/node_modules/.4.6.0@co/index.js:65:19)
    at /Users/rick/Desktop/2017.8/ts-cms/server/node_modules/.4.6.0@co/index.js:54:5
    sql: INSERT INTO `user`(`userName`, `sex`, `apartmentId`, `mb`, `uid`) VALUES('1', '1', 'B2B', '1', '1')
code: 'ER_DUP_ENTRY'
errno: 1062
sqlState: '23000'
index: 0
name: 'ER_DUP_ENTRYError'
pid: 35575
hostname: chenzhengrongdeMacBook-Pro.local

2017-07-21 03:26:32,235 ERROR 35575 [-/127.0.0.1/-/5ms POST /user] nodejs.ER_DUP_ENTRYError: ER_DUP_ENTRY: Duplicate entry '1' for key 'PRIMARY'
    at Query.Sequence._packetToError (/Users/rick/Desktop/2017.8/ts-cms/server/node_modules/.2.13.0@mysql/lib/protocol/sequences/Sequence.js:52:14)
    at Query.ErrorPacket (/Users/rick/Desktop/2017.8/ts-cms/server/node_modules/.2.13.0@mysql/lib/protocol/sequences/Query.js:77:18)
    at Protocol._parsePacket (/Users/rick/Desktop/2017.8/ts-cms/server/node_modules/.2.13.0@mysql/lib/protocol/Protocol.js:280:23)
    at Parser.write (/Users/rick/Desktop/2017.8/ts-cms/server/node_modules/.2.13.0@mysql/lib/protocol/Parser.js:75:12)
    at Protocol.write (/Users/rick/Desktop/2017.8/ts-cms/server/node_modules/.2.13.0@mysql/lib/protocol/Protocol.js:39:16)
    at Socket.<anonymous> (/Users/rick/Desktop/2017.8/ts-cms/server/node_modules/.2.13.0@mysql/lib/Connection.js:103:28)
    at emitOne (events.js:96:13)
    at Socket.emit (events.js:188:7)
    at readableAddChunk (_stream_readable.js:177:18)
    at Socket.Readable.push (_stream_readable.js:135:10)
    at TCP.onread (net.js:542:20)
    --------------------
    at Protocol._enqueue (/Users/rick/Desktop/2017.8/ts-cms/server/node_modules/.2.13.0@mysql/lib/protocol/Protocol.js:141:48)
    at PoolConnection.query (/Users/rick/Desktop/2017.8/ts-cms/server/node_modules/.2.13.0@mysql/lib/Connection.js:208:25)
    at /Users/rick/Desktop/2017.8/ts-cms/server/node_modules/.2.3.0@pify/index.js:29:7
    at PoolConnection.<anonymous> (/Users/rick/Desktop/2017.8/ts-cms/server/node_modules/.2.3.0@pify/index.js:12:10)
    at PoolConnection.ret [as query] (/Users/rick/Desktop/2017.8/ts-cms/server/node_modules/.2.3.0@pify/index.js:56:34)
    at RDSConnection.proto._query (/Users/rick/Desktop/2017.8/ts-cms/server/node_modules/.3.0.0@ali-rds/lib/connection.js:38:20)
    at RDSTransaction.proto._query (/Users/rick/Desktop/2017.8/ts-cms/server/node_modules/.3.0.0@ali-rds/lib/transaction.js:45:26)
    at next (native)
    at onFulfilled (/Users/rick/Desktop/2017.8/ts-cms/server/node_modules/.4.6.0@co/index.js:65:19)
    at /Users/rick/Desktop/2017.8/ts-cms/server/node_modules/.4.6.0@co/index.js:54:5
    at RDSTransaction.co (/Users/rick/Desktop/2017.8/ts-cms/server/node_modules/.4.6.0@co/index.js:50:10)
    at RDSTransaction.createPromise [as _query] (/Users/rick/Desktop/2017.8/ts-cms/server/node_modules/.4.6.0@co/index.js:30:15)
    at RDSTransaction.proto.query (/Users/rick/Desktop/2017.8/ts-cms/server/node_modules/.3.0.0@ali-rds/lib/operator.js:54:29)
    at next (native)
    at onFulfilled (/Users/rick/Desktop/2017.8/ts-cms/server/node_modules/.4.6.0@co/index.js:65:19)
    at /Users/rick/Desktop/2017.8/ts-cms/server/node_modules/.4.6.0@co/index.js:54:5
    sql: INSERT INTO `user`(`userName`, `sex`, `apartmentId`, `mb`, `uid`) VALUES('1', '1', 'B2B', '1', '1')
code: 'ER_DUP_ENTRY'
errno: 1062
sqlState: '23000'
index: 0
name: 'ER_DUP_ENTRYError'
pid: 35575
hostname: chenzhengrongdeMacBook-Pro.local

2017-07-21 03:31:55,645 ERROR 35575 [-/127.0.0.1/-/4ms POST /user] nodejs.ER_DUP_ENTRYError: ER_DUP_ENTRY: Duplicate entry '1' for key 'PRIMARY'
    at Query.Sequence._packetToError (/Users/rick/Desktop/2017.8/ts-cms/server/node_modules/.2.13.0@mysql/lib/protocol/sequences/Sequence.js:52:14)
    at Query.ErrorPacket (/Users/rick/Desktop/2017.8/ts-cms/server/node_modules/.2.13.0@mysql/lib/protocol/sequences/Query.js:77:18)
    at Protocol._parsePacket (/Users/rick/Desktop/2017.8/ts-cms/server/node_modules/.2.13.0@mysql/lib/protocol/Protocol.js:280:23)
    at Parser.write (/Users/rick/Desktop/2017.8/ts-cms/server/node_modules/.2.13.0@mysql/lib/protocol/Parser.js:75:12)
    at Protocol.write (/Users/rick/Desktop/2017.8/ts-cms/server/node_modules/.2.13.0@mysql/lib/protocol/Protocol.js:39:16)
    at Socket.<anonymous> (/Users/rick/Desktop/2017.8/ts-cms/server/node_modules/.2.13.0@mysql/lib/Connection.js:103:28)
    at emitOne (events.js:96:13)
    at Socket.emit (events.js:188:7)
    at readableAddChunk (_stream_readable.js:177:18)
    at Socket.Readable.push (_stream_readable.js:135:10)
    at TCP.onread (net.js:542:20)
    --------------------
    at Protocol._enqueue (/Users/rick/Desktop/2017.8/ts-cms/server/node_modules/.2.13.0@mysql/lib/protocol/Protocol.js:141:48)
    at PoolConnection.query (/Users/rick/Desktop/2017.8/ts-cms/server/node_modules/.2.13.0@mysql/lib/Connection.js:208:25)
    at /Users/rick/Desktop/2017.8/ts-cms/server/node_modules/.2.3.0@pify/index.js:29:7
    at PoolConnection.<anonymous> (/Users/rick/Desktop/2017.8/ts-cms/server/node_modules/.2.3.0@pify/index.js:12:10)
    at PoolConnection.ret [as query] (/Users/rick/Desktop/2017.8/ts-cms/server/node_modules/.2.3.0@pify/index.js:56:34)
    at RDSConnection.proto._query (/Users/rick/Desktop/2017.8/ts-cms/server/node_modules/.3.0.0@ali-rds/lib/connection.js:38:20)
    at RDSTransaction.proto._query (/Users/rick/Desktop/2017.8/ts-cms/server/node_modules/.3.0.0@ali-rds/lib/transaction.js:45:26)
    at next (native)
    at onFulfilled (/Users/rick/Desktop/2017.8/ts-cms/server/node_modules/.4.6.0@co/index.js:65:19)
    at /Users/rick/Desktop/2017.8/ts-cms/server/node_modules/.4.6.0@co/index.js:54:5
    at RDSTransaction.co (/Users/rick/Desktop/2017.8/ts-cms/server/node_modules/.4.6.0@co/index.js:50:10)
    at RDSTransaction.createPromise [as _query] (/Users/rick/Desktop/2017.8/ts-cms/server/node_modules/.4.6.0@co/index.js:30:15)
    at RDSTransaction.proto.query (/Users/rick/Desktop/2017.8/ts-cms/server/node_modules/.3.0.0@ali-rds/lib/operator.js:54:29)
    at next (native)
    at onFulfilled (/Users/rick/Desktop/2017.8/ts-cms/server/node_modules/.4.6.0@co/index.js:65:19)
    at /Users/rick/Desktop/2017.8/ts-cms/server/node_modules/.4.6.0@co/index.js:54:5
    sql: INSERT INTO `user`(`userName`, `sex`, `apartmentId`, `mb`, `uid`) VALUES('1', '1', 'MB', '1', '1')
code: 'ER_DUP_ENTRY'
errno: 1062
sqlState: '23000'
index: 0
name: 'ER_DUP_ENTRYError'
pid: 35575
hostname: chenzhengrongdeMacBook-Pro.local

2017-07-21 03:32:54,608 ERROR 35575 [-/127.0.0.1/-/6ms POST /user] nodejs.ER_DUP_ENTRYError: ER_DUP_ENTRY: Duplicate entry '1' for key 'PRIMARY'
    at Query.Sequence._packetToError (/Users/rick/Desktop/2017.8/ts-cms/server/node_modules/.2.13.0@mysql/lib/protocol/sequences/Sequence.js:52:14)
    at Query.ErrorPacket (/Users/rick/Desktop/2017.8/ts-cms/server/node_modules/.2.13.0@mysql/lib/protocol/sequences/Query.js:77:18)
    at Protocol._parsePacket (/Users/rick/Desktop/2017.8/ts-cms/server/node_modules/.2.13.0@mysql/lib/protocol/Protocol.js:280:23)
    at Parser.write (/Users/rick/Desktop/2017.8/ts-cms/server/node_modules/.2.13.0@mysql/lib/protocol/Parser.js:75:12)
    at Protocol.write (/Users/rick/Desktop/2017.8/ts-cms/server/node_modules/.2.13.0@mysql/lib/protocol/Protocol.js:39:16)
    at Socket.<anonymous> (/Users/rick/Desktop/2017.8/ts-cms/server/node_modules/.2.13.0@mysql/lib/Connection.js:103:28)
    at emitOne (events.js:96:13)
    at Socket.emit (events.js:188:7)
    at readableAddChunk (_stream_readable.js:177:18)
    at Socket.Readable.push (_stream_readable.js:135:10)
    at TCP.onread (net.js:542:20)
    --------------------
    at Protocol._enqueue (/Users/rick/Desktop/2017.8/ts-cms/server/node_modules/.2.13.0@mysql/lib/protocol/Protocol.js:141:48)
    at PoolConnection.query (/Users/rick/Desktop/2017.8/ts-cms/server/node_modules/.2.13.0@mysql/lib/Connection.js:208:25)
    at /Users/rick/Desktop/2017.8/ts-cms/server/node_modules/.2.3.0@pify/index.js:29:7
    at PoolConnection.<anonymous> (/Users/rick/Desktop/2017.8/ts-cms/server/node_modules/.2.3.0@pify/index.js:12:10)
    at PoolConnection.ret [as query] (/Users/rick/Desktop/2017.8/ts-cms/server/node_modules/.2.3.0@pify/index.js:56:34)
    at RDSConnection.proto._query (/Users/rick/Desktop/2017.8/ts-cms/server/node_modules/.3.0.0@ali-rds/lib/connection.js:38:20)
    at RDSTransaction.proto._query (/Users/rick/Desktop/2017.8/ts-cms/server/node_modules/.3.0.0@ali-rds/lib/transaction.js:45:26)
    at next (native)
    at onFulfilled (/Users/rick/Desktop/2017.8/ts-cms/server/node_modules/.4.6.0@co/index.js:65:19)
    at /Users/rick/Desktop/2017.8/ts-cms/server/node_modules/.4.6.0@co/index.js:54:5
    at RDSTransaction.co (/Users/rick/Desktop/2017.8/ts-cms/server/node_modules/.4.6.0@co/index.js:50:10)
    at RDSTransaction.createPromise [as _query] (/Users/rick/Desktop/2017.8/ts-cms/server/node_modules/.4.6.0@co/index.js:30:15)
    at RDSTransaction.proto.query (/Users/rick/Desktop/2017.8/ts-cms/server/node_modules/.3.0.0@ali-rds/lib/operator.js:54:29)
    at next (native)
    at onFulfilled (/Users/rick/Desktop/2017.8/ts-cms/server/node_modules/.4.6.0@co/index.js:65:19)
    at /Users/rick/Desktop/2017.8/ts-cms/server/node_modules/.4.6.0@co/index.js:54:5
    sql: INSERT INTO `user`(`userName`, `sex`, `apartmentId`, `mb`, `uid`) VALUES('1', '1', 'B2B', '1', '1')
code: 'ER_DUP_ENTRY'
errno: 1062
sqlState: '23000'
index: 0
name: 'ER_DUP_ENTRYError'
pid: 35575
hostname: chenzhengrongdeMacBook-Pro.local

2017-07-21 03:33:15,515 ERROR 35575 [-/127.0.0.1/-/4ms POST /user] nodejs.ER_DUP_ENTRYError: ER_DUP_ENTRY: Duplicate entry '1' for key 'PRIMARY'
    at Query.Sequence._packetToError (/Users/rick/Desktop/2017.8/ts-cms/server/node_modules/.2.13.0@mysql/lib/protocol/sequences/Sequence.js:52:14)
    at Query.ErrorPacket (/Users/rick/Desktop/2017.8/ts-cms/server/node_modules/.2.13.0@mysql/lib/protocol/sequences/Query.js:77:18)
    at Protocol._parsePacket (/Users/rick/Desktop/2017.8/ts-cms/server/node_modules/.2.13.0@mysql/lib/protocol/Protocol.js:280:23)
    at Parser.write (/Users/rick/Desktop/2017.8/ts-cms/server/node_modules/.2.13.0@mysql/lib/protocol/Parser.js:75:12)
    at Protocol.write (/Users/rick/Desktop/2017.8/ts-cms/server/node_modules/.2.13.0@mysql/lib/protocol/Protocol.js:39:16)
    at Socket.<anonymous> (/Users/rick/Desktop/2017.8/ts-cms/server/node_modules/.2.13.0@mysql/lib/Connection.js:103:28)
    at emitOne (events.js:96:13)
    at Socket.emit (events.js:188:7)
    at readableAddChunk (_stream_readable.js:177:18)
    at Socket.Readable.push (_stream_readable.js:135:10)
    at TCP.onread (net.js:542:20)
    --------------------
    at Protocol._enqueue (/Users/rick/Desktop/2017.8/ts-cms/server/node_modules/.2.13.0@mysql/lib/protocol/Protocol.js:141:48)
    at PoolConnection.query (/Users/rick/Desktop/2017.8/ts-cms/server/node_modules/.2.13.0@mysql/lib/Connection.js:208:25)
    at /Users/rick/Desktop/2017.8/ts-cms/server/node_modules/.2.3.0@pify/index.js:29:7
    at PoolConnection.<anonymous> (/Users/rick/Desktop/2017.8/ts-cms/server/node_modules/.2.3.0@pify/index.js:12:10)
    at PoolConnection.ret [as query] (/Users/rick/Desktop/2017.8/ts-cms/server/node_modules/.2.3.0@pify/index.js:56:34)
    at RDSConnection.proto._query (/Users/rick/Desktop/2017.8/ts-cms/server/node_modules/.3.0.0@ali-rds/lib/connection.js:38:20)
    at RDSTransaction.proto._query (/Users/rick/Desktop/2017.8/ts-cms/server/node_modules/.3.0.0@ali-rds/lib/transaction.js:45:26)
    at next (native)
    at onFulfilled (/Users/rick/Desktop/2017.8/ts-cms/server/node_modules/.4.6.0@co/index.js:65:19)
    at /Users/rick/Desktop/2017.8/ts-cms/server/node_modules/.4.6.0@co/index.js:54:5
    at RDSTransaction.co (/Users/rick/Desktop/2017.8/ts-cms/server/node_modules/.4.6.0@co/index.js:50:10)
    at RDSTransaction.createPromise [as _query] (/Users/rick/Desktop/2017.8/ts-cms/server/node_modules/.4.6.0@co/index.js:30:15)
    at RDSTransaction.proto.query (/Users/rick/Desktop/2017.8/ts-cms/server/node_modules/.3.0.0@ali-rds/lib/operator.js:54:29)
    at next (native)
    at onFulfilled (/Users/rick/Desktop/2017.8/ts-cms/server/node_modules/.4.6.0@co/index.js:65:19)
    at /Users/rick/Desktop/2017.8/ts-cms/server/node_modules/.4.6.0@co/index.js:54:5
    sql: INSERT INTO `user`(`userName`, `sex`, `apartmentId`, `mb`, `uid`) VALUES('1', '1', 'ACCOUNT', '1', '1')
code: 'ER_DUP_ENTRY'
errno: 1062
sqlState: '23000'
index: 0
name: 'ER_DUP_ENTRYError'
pid: 35575
hostname: chenzhengrongdeMacBook-Pro.local

2017-07-21 05:47:18,923 ERROR 24996 nodejs.ClusterClientNoResponseError: client no response in 3604924ms exceeding maxIdleTime 60000ms, maybe the connection is close on other side.
    at Timeout.Leader._heartbeatTimer.setInterval [as _repeat] (/Users/rick/Desktop/2017.8/ts-cms/server/node_modules/.1.6.5@cluster-client/lib/leader.js:72:23)
    at Timeout.wrapper [as _onTimeout] (timers.js:425:11)
    at tryOnTimeout (timers.js:232:11)
    at Timer.listOnTimeout (timers.js:202:5)
name: 'ClusterClientNoResponseError'
pid: 24996
hostname: chenzhengrongdeMacBook-Pro.local

2017-07-21 06:48:13,525 ERROR 24996 nodejs.ClusterClientNoResponseError: client no response in 3614581ms exceeding maxIdleTime 60000ms, maybe the connection is close on other side.
    at Timeout.Leader._heartbeatTimer.setInterval [as _repeat] (/Users/rick/Desktop/2017.8/ts-cms/server/node_modules/.1.6.5@cluster-client/lib/leader.js:72:23)
    at Timeout.wrapper [as _onTimeout] (timers.js:425:11)
    at tryOnTimeout (timers.js:232:11)
    at Timer.listOnTimeout (timers.js:202:5)
name: 'ClusterClientNoResponseError'
pid: 24996
hostname: chenzhengrongdeMacBook-Pro.local

2017-07-21 07:48:48,538 ERROR 24996 nodejs.ClusterClientNoResponseError: client no response in 3615002ms exceeding maxIdleTime 60000ms, maybe the connection is close on other side.
    at Timeout.Leader._heartbeatTimer.setInterval [as _repeat] (/Users/rick/Desktop/2017.8/ts-cms/server/node_modules/.1.6.5@cluster-client/lib/leader.js:72:23)
    at Timeout.wrapper [as _onTimeout] (timers.js:425:11)
    at tryOnTimeout (timers.js:232:11)
    at Timer.listOnTimeout (timers.js:202:5)
name: 'ClusterClientNoResponseError'
pid: 24996
hostname: chenzhengrongdeMacBook-Pro.local

2017-07-21 08:50:43,482 ERROR 24996 nodejs.ClusterClientNoResponseError: client no response in 3614906ms exceeding maxIdleTime 60000ms, maybe the connection is close on other side.
    at Timeout.Leader._heartbeatTimer.setInterval [as _repeat] (/Users/rick/Desktop/2017.8/ts-cms/server/node_modules/.1.6.5@cluster-client/lib/leader.js:72:23)
    at Timeout.wrapper [as _onTimeout] (timers.js:425:11)
    at tryOnTimeout (timers.js:232:11)
    at Timer.listOnTimeout (timers.js:202:5)
name: 'ClusterClientNoResponseError'
pid: 24996
hostname: chenzhengrongdeMacBook-Pro.local

2017-07-21 09:51:18,001 ERROR 24996 nodejs.ClusterClientNoResponseError: client no response in 3614507ms exceeding maxIdleTime 60000ms, maybe the connection is close on other side.
    at Timeout.Leader._heartbeatTimer.setInterval [as _repeat] (/Users/rick/Desktop/2017.8/ts-cms/server/node_modules/.1.6.5@cluster-client/lib/leader.js:72:23)
    at Timeout.wrapper [as _onTimeout] (timers.js:425:11)
    at tryOnTimeout (timers.js:232:11)
    at Timer.listOnTimeout (timers.js:202:5)
name: 'ClusterClientNoResponseError'
pid: 24996
hostname: chenzhengrongdeMacBook-Pro.local

2017-07-21 10:52:12,518 ERROR 24996 nodejs.ClusterClientNoResponseError: client no response in 3614493ms exceeding maxIdleTime 60000ms, maybe the connection is close on other side.
    at Timeout.Leader._heartbeatTimer.setInterval [as _repeat] (/Users/rick/Desktop/2017.8/ts-cms/server/node_modules/.1.6.5@cluster-client/lib/leader.js:72:23)
    at Timeout.wrapper [as _onTimeout] (timers.js:425:11)
    at tryOnTimeout (timers.js:232:11)
    at Timer.listOnTimeout (timers.js:202:5)
name: 'ClusterClientNoResponseError'
pid: 24996
hostname: chenzhengrongdeMacBook-Pro.local

2017-07-21 11:52:47,132 ERROR 24996 nodejs.ClusterClientNoResponseError: client no response in 3614603ms exceeding maxIdleTime 60000ms, maybe the connection is close on other side.
    at Timeout.Leader._heartbeatTimer.setInterval [as _repeat] (/Users/rick/Desktop/2017.8/ts-cms/server/node_modules/.1.6.5@cluster-client/lib/leader.js:72:23)
    at Timeout.wrapper [as _onTimeout] (timers.js:425:11)
    at tryOnTimeout (timers.js:232:11)
    at Timer.listOnTimeout (timers.js:202:5)
name: 'ClusterClientNoResponseError'
pid: 24996
hostname: chenzhengrongdeMacBook-Pro.local

2017-07-21 13:54:36,304 ERROR 24996 nodejs.ClusterClientNoResponseError: client no response in 3614609ms exceeding maxIdleTime 60000ms, maybe the connection is close on other side.
    at Timeout.Leader._heartbeatTimer.setInterval [as _repeat] (/Users/rick/Desktop/2017.8/ts-cms/server/node_modules/.1.6.5@cluster-client/lib/leader.js:72:23)
    at Timeout.wrapper [as _onTimeout] (timers.js:425:11)
    at tryOnTimeout (timers.js:232:11)
    at Timer.listOnTimeout (timers.js:202:5)
name: 'ClusterClientNoResponseError'
pid: 24996
hostname: chenzhengrongdeMacBook-Pro.local

2017-07-21 14:55:30,846 ERROR 24996 nodejs.ClusterClientNoResponseError: client no response in 3614523ms exceeding maxIdleTime 60000ms, maybe the connection is close on other side.
    at Timeout.Leader._heartbeatTimer.setInterval [as _repeat] (/Users/rick/Desktop/2017.8/ts-cms/server/node_modules/.1.6.5@cluster-client/lib/leader.js:72:23)
    at Timeout.wrapper [as _onTimeout] (timers.js:425:11)
    at tryOnTimeout (timers.js:232:11)
    at Timer.listOnTimeout (timers.js:202:5)
name: 'ClusterClientNoResponseError'
pid: 24996
hostname: chenzhengrongdeMacBook-Pro.local

2017-07-21 15:56:05,695 ERROR 24996 nodejs.ClusterClientNoResponseError: client no response in 3614837ms exceeding maxIdleTime 60000ms, maybe the connection is close on other side.
    at Timeout.Leader._heartbeatTimer.setInterval [as _repeat] (/Users/rick/Desktop/2017.8/ts-cms/server/node_modules/.1.6.5@cluster-client/lib/leader.js:72:23)
    at Timeout.wrapper [as _onTimeout] (timers.js:425:11)
    at tryOnTimeout (timers.js:232:11)
    at Timer.listOnTimeout (timers.js:202:5)
name: 'ClusterClientNoResponseError'
pid: 24996
hostname: chenzhengrongdeMacBook-Pro.local

2017-07-21 17:44:20,209 ERROR 24996 nodejs.ClusterClientNoResponseError: client no response in 6454499ms exceeding maxIdleTime 60000ms, maybe the connection is close on other side.
    at Timeout.Leader._heartbeatTimer.setInterval [as _repeat] (/Users/rick/Desktop/2017.8/ts-cms/server/node_modules/.1.6.5@cluster-client/lib/leader.js:72:23)
    at Timeout.wrapper [as _onTimeout] (timers.js:425:11)
    at tryOnTimeout (timers.js:232:11)
    at Timer.listOnTimeout (timers.js:202:5)
name: 'ClusterClientNoResponseError'
pid: 24996
hostname: chenzhengrongdeMacBook-Pro.local

2017-07-21 19:32:14,715 ERROR 24996 nodejs.ClusterClientNoResponseError: client no response in 6454493ms exceeding maxIdleTime 60000ms, maybe the connection is close on other side.
    at Timeout.Leader._heartbeatTimer.setInterval [as _repeat] (/Users/rick/Desktop/2017.8/ts-cms/server/node_modules/.1.6.5@cluster-client/lib/leader.js:72:23)
    at Timeout.wrapper [as _onTimeout] (timers.js:425:11)
    at tryOnTimeout (timers.js:232:11)
    at Timer.listOnTimeout (timers.js:202:5)
name: 'ClusterClientNoResponseError'
pid: 24996
hostname: chenzhengrongdeMacBook-Pro.local

2017-07-21 21:20:30,250 ERROR 24996 nodejs.ClusterClientNoResponseError: client no response in 6435516ms exceeding maxIdleTime 60000ms, maybe the connection is close on other side.
    at Timeout.Leader._heartbeatTimer.setInterval [as _repeat] (/Users/rick/Desktop/2017.8/ts-cms/server/node_modules/.1.6.5@cluster-client/lib/leader.js:72:23)
    at Timeout.wrapper [as _onTimeout] (timers.js:425:11)
    at tryOnTimeout (timers.js:232:11)
    at Timer.listOnTimeout (timers.js:202:5)
name: 'ClusterClientNoResponseError'
pid: 24996
hostname: chenzhengrongdeMacBook-Pro.local

2017-07-21 22:50:10,006 ERROR 24996 nodejs.ClusterClientNoResponseError: client no response in 5359745ms exceeding maxIdleTime 60000ms, maybe the connection is close on other side.
    at Timeout.Leader._heartbeatTimer.setInterval [as _repeat] (/Users/rick/Desktop/2017.8/ts-cms/server/node_modules/.1.6.5@cluster-client/lib/leader.js:72:23)
    at Timeout.wrapper [as _onTimeout] (timers.js:425:11)
    at tryOnTimeout (timers.js:232:11)
    at Timer.listOnTimeout (timers.js:202:5)
name: 'ClusterClientNoResponseError'
pid: 24996
hostname: chenzhengrongdeMacBook-Pro.local

