2017-07-21 00:26:02,335 INFO 24997 [egg-logrotator] app logger reload: got log-reload message
2017-07-21 00:26:02,338 INFO 24997 [egg-logrotator] clean all log before 31 days
2017-07-21 00:26:02,338 INFO 24997 [egg-schedule] egg-schedule:/Users/rick/Desktop/2017.8/ts-cms/server/node_modules/.2.2.3@egg-logrotator/app/schedule/clean_log.js excute succeed, used 6ms
2017-07-21 02:41:45,007 INFO 33240 [egg:logger] init all loggers with options: {"dir":"/Users/rick/Desktop/2017.8/ts-cms/server/logs/eggdemo","encoding":"utf8","env":"local","level":"INFO","consoleLevel":"INFO","disableConsoleAfterReady":false,"outputJSON":false,"buffer":true,"appLogName":"eggdemo-web.log","coreLogName":"egg-web.log","agentLogName":"egg-agent.log","errorLogName":"common-error.log","coreLogger":{"consoleLevel":"WARN"},"type":"application"}
2017-07-21 02:41:45,053 INFO 33240 [egg-schedule]: register schedule egg-schedule:/Users/rick/Desktop/2017.8/ts-cms/server/node_modules/.2.2.3@egg-logrotator/app/schedule/clean_log.js
2017-07-21 02:41:45,053 INFO 33240 [egg-schedule]: register schedule egg-schedule:/Users/rick/Desktop/2017.8/ts-cms/server/node_modules/.2.2.3@egg-logrotator/app/schedule/rotate_by_file.js
2017-07-21 02:41:45,075 INFO 33240 [egg-mysql] connecting root@127.0.0.1:3306/ts-cms
2017-07-21 02:41:45,313 INFO 33240 [egg-redis] connecting redis://:@127.0.0.1:6379/0
2017-07-21 02:41:45,392 INFO 33240 [egg-static] starting static serve /public/ -> /Users/rick/Desktop/2017.8/ts-cms/server/app/public
2017-07-21 02:41:45,396 INFO 33240 [egg-security] use csrf middleware
2017-07-21 02:41:45,397 INFO 33240 [egg-security] use methodnoallow middleware
2017-07-21 02:41:45,399 INFO 33240 [egg-security] use noopen middleware
2017-07-21 02:41:45,399 INFO 33240 [egg-security] use nosniff middleware
2017-07-21 02:41:45,400 INFO 33240 [egg-security] use xssProtection middleware
2017-07-21 02:41:45,401 INFO 33240 [egg-security] use xframe middleware
2017-07-21 02:41:45,402 INFO 33240 [egg-security] use dta middleware
2017-07-21 02:41:45,402 INFO 33240 [egg-security] compose 7 middlewares into one security middleware
2017-07-21 02:41:45,456 INFO 33240 [egg-redis] connect success on redis://:@127.0.0.1:6379/0
2017-07-21 02:41:45,473 INFO 33240 [egg-watcher:app] watcher start success
2017-07-21 02:41:45,473 INFO 33240 [egg-redis] instance[0] status OK, redis currentTime: #
2017-07-21 02:41:45,476 INFO 33240 [egg-mysql] instance[0] status OK, rds currentTime: Fri Jul 21 2017 02:41:45 GMT+0800 (CST)
2017-07-21 02:42:06,430 INFO 33264 [egg:logger] init all loggers with options: {"dir":"/Users/rick/Desktop/2017.8/ts-cms/server/logs/eggdemo","encoding":"utf8","env":"local","level":"INFO","consoleLevel":"INFO","disableConsoleAfterReady":false,"outputJSON":false,"buffer":true,"appLogName":"eggdemo-web.log","coreLogName":"egg-web.log","agentLogName":"egg-agent.log","errorLogName":"common-error.log","coreLogger":{"consoleLevel":"WARN"},"type":"application"}
2017-07-21 02:42:06,461 INFO 33264 [egg-schedule]: register schedule egg-schedule:/Users/rick/Desktop/2017.8/ts-cms/server/node_modules/.2.2.3@egg-logrotator/app/schedule/clean_log.js
2017-07-21 02:42:06,461 INFO 33264 [egg-schedule]: register schedule egg-schedule:/Users/rick/Desktop/2017.8/ts-cms/server/node_modules/.2.2.3@egg-logrotator/app/schedule/rotate_by_file.js
2017-07-21 02:42:06,473 INFO 33264 [egg-mysql] connecting root@127.0.0.1:3306/ts-cms
2017-07-21 02:42:06,672 INFO 33264 [egg-redis] connecting redis://:@127.0.0.1:6379/0
2017-07-21 02:42:06,739 INFO 33264 [egg-static] starting static serve /public/ -> /Users/rick/Desktop/2017.8/ts-cms/server/app/public
2017-07-21 02:42:06,743 INFO 33264 [egg-security] use csrf middleware
2017-07-21 02:42:06,744 INFO 33264 [egg-security] use methodnoallow middleware
2017-07-21 02:42:06,745 INFO 33264 [egg-security] use noopen middleware
2017-07-21 02:42:06,745 INFO 33264 [egg-security] use nosniff middleware
2017-07-21 02:42:06,746 INFO 33264 [egg-security] use xssProtection middleware
2017-07-21 02:42:06,746 INFO 33264 [egg-security] use xframe middleware
2017-07-21 02:42:06,747 INFO 33264 [egg-security] use dta middleware
2017-07-21 02:42:06,747 INFO 33264 [egg-security] compose 7 middlewares into one security middleware
2017-07-21 02:42:06,817 INFO 33264 [egg-redis] connect success on redis://:@127.0.0.1:6379/0
2017-07-21 02:42:06,839 INFO 33264 [egg-watcher:app] watcher start success
2017-07-21 02:42:06,842 INFO 33264 [egg-mysql] instance[0] status OK, rds currentTime: Fri Jul 21 2017 02:42:06 GMT+0800 (CST)
2017-07-21 02:42:06,843 INFO 33264 [egg-redis] instance[0] status OK, redis currentTime: #
2017-07-21 02:47:27,893 INFO 33562 [egg:logger] init all loggers with options: {"dir":"/Users/rick/Desktop/2017.8/ts-cms/server/logs/eggdemo","encoding":"utf8","env":"local","level":"INFO","consoleLevel":"INFO","disableConsoleAfterReady":false,"outputJSON":false,"buffer":true,"appLogName":"eggdemo-web.log","coreLogName":"egg-web.log","agentLogName":"egg-agent.log","errorLogName":"common-error.log","coreLogger":{"consoleLevel":"WARN"},"type":"application"}
2017-07-21 02:47:27,923 INFO 33562 [egg-schedule]: register schedule egg-schedule:/Users/rick/Desktop/2017.8/ts-cms/server/node_modules/.2.2.3@egg-logrotator/app/schedule/clean_log.js
2017-07-21 02:47:27,924 INFO 33562 [egg-schedule]: register schedule egg-schedule:/Users/rick/Desktop/2017.8/ts-cms/server/node_modules/.2.2.3@egg-logrotator/app/schedule/rotate_by_file.js
2017-07-21 02:47:27,939 INFO 33562 [egg-mysql] connecting root@127.0.0.1:3306/ts-cms
2017-07-21 02:47:28,154 INFO 33562 [egg-redis] connecting redis://:@127.0.0.1:6379/0
2017-07-21 02:47:28,205 INFO 33562 [egg-static] starting static serve /public/ -> /Users/rick/Desktop/2017.8/ts-cms/server/app/public
2017-07-21 02:47:28,208 INFO 33562 [egg-security] use csrf middleware
2017-07-21 02:47:28,209 INFO 33562 [egg-security] use methodnoallow middleware
2017-07-21 02:47:28,210 INFO 33562 [egg-security] use noopen middleware
2017-07-21 02:47:28,210 INFO 33562 [egg-security] use nosniff middleware
2017-07-21 02:47:28,211 INFO 33562 [egg-security] use xssProtection middleware
2017-07-21 02:47:28,211 INFO 33562 [egg-security] use xframe middleware
2017-07-21 02:47:28,212 INFO 33562 [egg-security] use dta middleware
2017-07-21 02:47:28,212 INFO 33562 [egg-security] compose 7 middlewares into one security middleware
2017-07-21 02:47:28,308 INFO 33562 [egg-redis] connect success on redis://:@127.0.0.1:6379/0
2017-07-21 02:47:28,330 INFO 33562 [egg-watcher:app] watcher start success
2017-07-21 02:47:28,331 INFO 33562 [egg-redis] instance[0] status OK, redis currentTime: #
2017-07-21 02:47:28,334 INFO 33562 [egg-mysql] instance[0] status OK, rds currentTime: Fri Jul 21 2017 02:47:28 GMT+0800 (CST)
2017-07-21 02:47:53,665 INFO 33590 [egg:logger] init all loggers with options: {"dir":"/Users/rick/Desktop/2017.8/ts-cms/server/logs/eggdemo","encoding":"utf8","env":"local","level":"INFO","consoleLevel":"INFO","disableConsoleAfterReady":false,"outputJSON":false,"buffer":true,"appLogName":"eggdemo-web.log","coreLogName":"egg-web.log","agentLogName":"egg-agent.log","errorLogName":"common-error.log","coreLogger":{"consoleLevel":"WARN"},"type":"application"}
2017-07-21 02:47:53,710 INFO 33590 [egg-schedule]: register schedule egg-schedule:/Users/rick/Desktop/2017.8/ts-cms/server/node_modules/.2.2.3@egg-logrotator/app/schedule/clean_log.js
2017-07-21 02:47:53,710 INFO 33590 [egg-schedule]: register schedule egg-schedule:/Users/rick/Desktop/2017.8/ts-cms/server/node_modules/.2.2.3@egg-logrotator/app/schedule/rotate_by_file.js
2017-07-21 02:47:53,720 INFO 33590 [egg-mysql] connecting root@127.0.0.1:3306/ts-cms
2017-07-21 02:47:53,884 INFO 33590 [egg-redis] connecting redis://:@127.0.0.1:6379/0
2017-07-21 02:47:53,927 INFO 33590 [egg-static] starting static serve /public/ -> /Users/rick/Desktop/2017.8/ts-cms/server/app/public
2017-07-21 02:47:53,929 INFO 33590 [egg-security] use csrf middleware
2017-07-21 02:47:53,930 INFO 33590 [egg-security] use methodnoallow middleware
2017-07-21 02:47:53,930 INFO 33590 [egg-security] use noopen middleware
2017-07-21 02:47:53,931 INFO 33590 [egg-security] use nosniff middleware
2017-07-21 02:47:53,931 INFO 33590 [egg-security] use xssProtection middleware
2017-07-21 02:47:53,931 INFO 33590 [egg-security] use xframe middleware
2017-07-21 02:47:53,932 INFO 33590 [egg-security] use dta middleware
2017-07-21 02:47:53,932 INFO 33590 [egg-security] compose 7 middlewares into one security middleware
2017-07-21 02:47:53,984 INFO 33590 [egg-redis] connect success on redis://:@127.0.0.1:6379/0
2017-07-21 02:47:53,999 INFO 33590 [egg-watcher:app] watcher start success
2017-07-21 02:47:54,001 INFO 33590 [egg-mysql] instance[0] status OK, rds currentTime: Fri Jul 21 2017 02:47:53 GMT+0800 (CST)
2017-07-21 02:47:54,002 INFO 33590 [egg-redis] instance[0] status OK, redis currentTime: #
2017-07-21 02:50:52,812 INFO 33745 [egg:logger] init all loggers with options: {"dir":"/Users/rick/Desktop/2017.8/ts-cms/server/logs/eggdemo","encoding":"utf8","env":"local","level":"INFO","consoleLevel":"INFO","disableConsoleAfterReady":false,"outputJSON":false,"buffer":true,"appLogName":"eggdemo-web.log","coreLogName":"egg-web.log","agentLogName":"egg-agent.log","errorLogName":"common-error.log","coreLogger":{"consoleLevel":"WARN"},"type":"application"}
2017-07-21 02:50:52,841 INFO 33745 [egg-schedule]: register schedule egg-schedule:/Users/rick/Desktop/2017.8/ts-cms/server/node_modules/.2.2.3@egg-logrotator/app/schedule/clean_log.js
2017-07-21 02:50:52,841 INFO 33745 [egg-schedule]: register schedule egg-schedule:/Users/rick/Desktop/2017.8/ts-cms/server/node_modules/.2.2.3@egg-logrotator/app/schedule/rotate_by_file.js
2017-07-21 02:50:52,851 INFO 33745 [egg-mysql] connecting root@127.0.0.1:3306/ts-cms
2017-07-21 02:50:53,058 INFO 33745 [egg-redis] connecting redis://:@127.0.0.1:6379/0
2017-07-21 02:50:53,225 INFO 33745 [egg-static] starting static serve /public/ -> /Users/rick/Desktop/2017.8/ts-cms/server/app/public
2017-07-21 02:50:53,233 INFO 33745 [egg-security] use csrf middleware
2017-07-21 02:50:53,236 INFO 33745 [egg-security] use methodnoallow middleware
2017-07-21 02:50:53,236 INFO 33745 [egg-security] use noopen middleware
2017-07-21 02:50:53,238 INFO 33745 [egg-security] use nosniff middleware
2017-07-21 02:50:53,239 INFO 33745 [egg-security] use xssProtection middleware
2017-07-21 02:50:53,239 INFO 33745 [egg-security] use xframe middleware
2017-07-21 02:50:53,239 INFO 33745 [egg-security] use dta middleware
2017-07-21 02:50:53,239 INFO 33745 [egg-security] compose 7 middlewares into one security middleware
2017-07-21 02:50:53,380 INFO 33745 [egg-redis] connect success on redis://:@127.0.0.1:6379/0
2017-07-21 02:50:53,413 INFO 33745 [egg-watcher:app] watcher start success
2017-07-21 02:50:53,431 INFO 33745 [egg-mysql] instance[0] status OK, rds currentTime: Fri Jul 21 2017 02:50:53 GMT+0800 (CST)
2017-07-21 02:50:53,432 INFO 33745 [egg-redis] instance[0] status OK, redis currentTime: #
2017-07-21 02:51:08,349 INFO 33763 [egg:logger] init all loggers with options: {"dir":"/Users/rick/Desktop/2017.8/ts-cms/server/logs/eggdemo","encoding":"utf8","env":"local","level":"INFO","consoleLevel":"INFO","disableConsoleAfterReady":false,"outputJSON":false,"buffer":true,"appLogName":"eggdemo-web.log","coreLogName":"egg-web.log","agentLogName":"egg-agent.log","errorLogName":"common-error.log","coreLogger":{"consoleLevel":"WARN"},"type":"application"}
2017-07-21 02:51:08,385 INFO 33763 [egg-schedule]: register schedule egg-schedule:/Users/rick/Desktop/2017.8/ts-cms/server/node_modules/.2.2.3@egg-logrotator/app/schedule/clean_log.js
2017-07-21 02:51:08,385 INFO 33763 [egg-schedule]: register schedule egg-schedule:/Users/rick/Desktop/2017.8/ts-cms/server/node_modules/.2.2.3@egg-logrotator/app/schedule/rotate_by_file.js
2017-07-21 02:51:08,398 INFO 33763 [egg-mysql] connecting root@127.0.0.1:3306/ts-cms
2017-07-21 02:51:08,590 INFO 33763 [egg-redis] connecting redis://:@127.0.0.1:6379/0
2017-07-21 02:51:08,647 INFO 33763 [egg-static] starting static serve /public/ -> /Users/rick/Desktop/2017.8/ts-cms/server/app/public
2017-07-21 02:51:08,649 INFO 33763 [egg-security] use csrf middleware
2017-07-21 02:51:08,650 INFO 33763 [egg-security] use methodnoallow middleware
2017-07-21 02:51:08,650 INFO 33763 [egg-security] use noopen middleware
2017-07-21 02:51:08,651 INFO 33763 [egg-security] use nosniff middleware
2017-07-21 02:51:08,651 INFO 33763 [egg-security] use xssProtection middleware
2017-07-21 02:51:08,651 INFO 33763 [egg-security] use xframe middleware
2017-07-21 02:51:08,652 INFO 33763 [egg-security] use dta middleware
2017-07-21 02:51:08,652 INFO 33763 [egg-security] compose 7 middlewares into one security middleware
2017-07-21 02:51:08,719 INFO 33763 [egg-redis] connect success on redis://:@127.0.0.1:6379/0
2017-07-21 02:51:08,733 INFO 33763 [egg-watcher:app] watcher start success
2017-07-21 02:51:08,736 INFO 33763 [egg-mysql] instance[0] status OK, rds currentTime: Fri Jul 21 2017 02:51:08 GMT+0800 (CST)
2017-07-21 02:51:08,737 INFO 33763 [egg-redis] instance[0] status OK, redis currentTime: #
2017-07-21 02:51:24,276 INFO 33784 [egg:logger] init all loggers with options: {"dir":"/Users/rick/Desktop/2017.8/ts-cms/server/logs/eggdemo","encoding":"utf8","env":"local","level":"INFO","consoleLevel":"INFO","disableConsoleAfterReady":false,"outputJSON":false,"buffer":true,"appLogName":"eggdemo-web.log","coreLogName":"egg-web.log","agentLogName":"egg-agent.log","errorLogName":"common-error.log","coreLogger":{"consoleLevel":"WARN"},"type":"application"}
2017-07-21 02:51:24,310 INFO 33784 [egg-schedule]: register schedule egg-schedule:/Users/rick/Desktop/2017.8/ts-cms/server/node_modules/.2.2.3@egg-logrotator/app/schedule/clean_log.js
2017-07-21 02:51:24,311 INFO 33784 [egg-schedule]: register schedule egg-schedule:/Users/rick/Desktop/2017.8/ts-cms/server/node_modules/.2.2.3@egg-logrotator/app/schedule/rotate_by_file.js
2017-07-21 02:51:24,323 INFO 33784 [egg-mysql] connecting root@127.0.0.1:3306/ts-cms
2017-07-21 02:51:24,526 INFO 33784 [egg-redis] connecting redis://:@127.0.0.1:6379/0
2017-07-21 02:51:24,592 INFO 33784 [egg-static] starting static serve /public/ -> /Users/rick/Desktop/2017.8/ts-cms/server/app/public
2017-07-21 02:51:24,596 INFO 33784 [egg-security] use csrf middleware
2017-07-21 02:51:24,597 INFO 33784 [egg-security] use methodnoallow middleware
2017-07-21 02:51:24,598 INFO 33784 [egg-security] use noopen middleware
2017-07-21 02:51:24,598 INFO 33784 [egg-security] use nosniff middleware
2017-07-21 02:51:24,598 INFO 33784 [egg-security] use xssProtection middleware
2017-07-21 02:51:24,599 INFO 33784 [egg-security] use xframe middleware
2017-07-21 02:51:24,599 INFO 33784 [egg-security] use dta middleware
2017-07-21 02:51:24,599 INFO 33784 [egg-security] compose 7 middlewares into one security middleware
2017-07-21 02:51:24,671 INFO 33784 [egg-redis] connect success on redis://:@127.0.0.1:6379/0
2017-07-21 02:51:24,688 INFO 33784 [egg-watcher:app] watcher start success
2017-07-21 02:51:24,692 INFO 33784 [egg-mysql] instance[0] status OK, rds currentTime: Fri Jul 21 2017 02:51:24 GMT+0800 (CST)
2017-07-21 02:51:24,693 INFO 33784 [egg-redis] instance[0] status OK, redis currentTime: #
2017-07-21 02:55:08,045 INFO 33995 [egg:logger] init all loggers with options: {"dir":"/Users/rick/Desktop/2017.8/ts-cms/server/logs/eggdemo","encoding":"utf8","env":"local","level":"INFO","consoleLevel":"INFO","disableConsoleAfterReady":false,"outputJSON":false,"buffer":true,"appLogName":"eggdemo-web.log","coreLogName":"egg-web.log","agentLogName":"egg-agent.log","errorLogName":"common-error.log","coreLogger":{"consoleLevel":"WARN"},"type":"application"}
2017-07-21 02:55:08,073 INFO 33995 [egg-schedule]: register schedule egg-schedule:/Users/rick/Desktop/2017.8/ts-cms/server/node_modules/.2.2.3@egg-logrotator/app/schedule/clean_log.js
2017-07-21 02:55:08,073 INFO 33995 [egg-schedule]: register schedule egg-schedule:/Users/rick/Desktop/2017.8/ts-cms/server/node_modules/.2.2.3@egg-logrotator/app/schedule/rotate_by_file.js
2017-07-21 02:55:08,083 INFO 33995 [egg-mysql] connecting root@127.0.0.1:3306/ts-cms
2017-07-21 02:55:08,273 INFO 33995 [egg-redis] connecting redis://:@127.0.0.1:6379/0
2017-07-21 02:55:08,347 INFO 33995 [egg-static] starting static serve /public/ -> /Users/rick/Desktop/2017.8/ts-cms/server/app/public
2017-07-21 02:55:08,350 INFO 33995 [egg-security] use csrf middleware
2017-07-21 02:55:08,352 INFO 33995 [egg-security] use methodnoallow middleware
2017-07-21 02:55:08,352 INFO 33995 [egg-security] use noopen middleware
2017-07-21 02:55:08,353 INFO 33995 [egg-security] use nosniff middleware
2017-07-21 02:55:08,353 INFO 33995 [egg-security] use xssProtection middleware
2017-07-21 02:55:08,354 INFO 33995 [egg-security] use xframe middleware
2017-07-21 02:55:08,354 INFO 33995 [egg-security] use dta middleware
2017-07-21 02:55:08,354 INFO 33995 [egg-security] compose 7 middlewares into one security middleware
2017-07-21 02:55:08,422 INFO 33995 [egg-redis] connect success on redis://:@127.0.0.1:6379/0
2017-07-21 02:55:08,439 INFO 33995 [egg-watcher:app] watcher start success
2017-07-21 02:55:08,440 INFO 33995 [egg-redis] instance[0] status OK, redis currentTime: #
2017-07-21 02:55:08,442 INFO 33995 [egg-mysql] instance[0] status OK, rds currentTime: Fri Jul 21 2017 02:55:08 GMT+0800 (CST)
2017-07-21 02:56:11,651 INFO 34049 [egg:logger] init all loggers with options: {"dir":"/Users/rick/Desktop/2017.8/ts-cms/server/logs/eggdemo","encoding":"utf8","env":"local","level":"INFO","consoleLevel":"INFO","disableConsoleAfterReady":false,"outputJSON":false,"buffer":true,"appLogName":"eggdemo-web.log","coreLogName":"egg-web.log","agentLogName":"egg-agent.log","errorLogName":"common-error.log","coreLogger":{"consoleLevel":"WARN"},"type":"application"}
2017-07-21 02:56:11,691 INFO 34049 [egg-schedule]: register schedule egg-schedule:/Users/rick/Desktop/2017.8/ts-cms/server/node_modules/.2.2.3@egg-logrotator/app/schedule/clean_log.js
2017-07-21 02:56:11,692 INFO 34049 [egg-schedule]: register schedule egg-schedule:/Users/rick/Desktop/2017.8/ts-cms/server/node_modules/.2.2.3@egg-logrotator/app/schedule/rotate_by_file.js
2017-07-21 02:56:11,708 INFO 34049 [egg-mysql] connecting root@127.0.0.1:3306/ts-cms
2017-07-21 02:56:11,905 INFO 34049 [egg-redis] connecting redis://:@127.0.0.1:6379/0
2017-07-21 02:56:11,969 INFO 34049 [egg-static] starting static serve /public/ -> /Users/rick/Desktop/2017.8/ts-cms/server/app/public
2017-07-21 02:56:11,973 INFO 34049 [egg-security] use csrf middleware
2017-07-21 02:56:11,974 INFO 34049 [egg-security] use methodnoallow middleware
2017-07-21 02:56:11,974 INFO 34049 [egg-security] use noopen middleware
2017-07-21 02:56:11,975 INFO 34049 [egg-security] use nosniff middleware
2017-07-21 02:56:11,975 INFO 34049 [egg-security] use xssProtection middleware
2017-07-21 02:56:11,976 INFO 34049 [egg-security] use xframe middleware
2017-07-21 02:56:11,977 INFO 34049 [egg-security] use dta middleware
2017-07-21 02:56:11,977 INFO 34049 [egg-security] compose 7 middlewares into one security middleware
2017-07-21 02:56:12,047 INFO 34049 [egg-redis] connect success on redis://:@127.0.0.1:6379/0
2017-07-21 02:56:12,070 INFO 34049 [egg-watcher:app] watcher start success
2017-07-21 02:56:12,070 INFO 34049 [egg-redis] instance[0] status OK, redis currentTime: #
2017-07-21 02:56:12,075 INFO 34049 [egg-mysql] instance[0] status OK, rds currentTime: Fri Jul 21 2017 02:56:12 GMT+0800 (CST)
2017-07-21 02:56:19,265 INFO 34056 [egg:logger] init all loggers with options: {"dir":"/Users/rick/Desktop/2017.8/ts-cms/server/logs/eggdemo","encoding":"utf8","env":"local","level":"INFO","consoleLevel":"INFO","disableConsoleAfterReady":false,"outputJSON":false,"buffer":true,"appLogName":"eggdemo-web.log","coreLogName":"egg-web.log","agentLogName":"egg-agent.log","errorLogName":"common-error.log","coreLogger":{"consoleLevel":"WARN"},"type":"application"}
2017-07-21 02:56:19,302 INFO 34056 [egg-schedule]: register schedule egg-schedule:/Users/rick/Desktop/2017.8/ts-cms/server/node_modules/.2.2.3@egg-logrotator/app/schedule/clean_log.js
2017-07-21 02:56:19,302 INFO 34056 [egg-schedule]: register schedule egg-schedule:/Users/rick/Desktop/2017.8/ts-cms/server/node_modules/.2.2.3@egg-logrotator/app/schedule/rotate_by_file.js
2017-07-21 02:56:19,313 INFO 34056 [egg-mysql] connecting root@127.0.0.1:3306/ts-cms
2017-07-21 02:56:19,481 INFO 34056 [egg-redis] connecting redis://:@127.0.0.1:6379/0
2017-07-21 02:56:19,537 INFO 34056 [egg-static] starting static serve /public/ -> /Users/rick/Desktop/2017.8/ts-cms/server/app/public
2017-07-21 02:56:19,539 INFO 34056 [egg-security] use csrf middleware
2017-07-21 02:56:19,541 INFO 34056 [egg-security] use methodnoallow middleware
2017-07-21 02:56:19,541 INFO 34056 [egg-security] use noopen middleware
2017-07-21 02:56:19,542 INFO 34056 [egg-security] use nosniff middleware
2017-07-21 02:56:19,542 INFO 34056 [egg-security] use xssProtection middleware
2017-07-21 02:56:19,542 INFO 34056 [egg-security] use xframe middleware
2017-07-21 02:56:19,543 INFO 34056 [egg-security] use dta middleware
2017-07-21 02:56:19,543 INFO 34056 [egg-security] compose 7 middlewares into one security middleware
2017-07-21 02:56:19,606 INFO 34056 [egg-redis] connect success on redis://:@127.0.0.1:6379/0
2017-07-21 02:56:19,623 INFO 34056 [egg-watcher:app] watcher start success
2017-07-21 02:56:19,625 INFO 34056 [egg-mysql] instance[0] status OK, rds currentTime: Fri Jul 21 2017 02:56:19 GMT+0800 (CST)
2017-07-21 02:56:19,625 INFO 34056 [egg-redis] instance[0] status OK, redis currentTime: #
2017-07-21 02:56:27,872 INFO 34065 [egg:logger] init all loggers with options: {"dir":"/Users/rick/Desktop/2017.8/ts-cms/server/logs/eggdemo","encoding":"utf8","env":"local","level":"INFO","consoleLevel":"INFO","disableConsoleAfterReady":false,"outputJSON":false,"buffer":true,"appLogName":"eggdemo-web.log","coreLogName":"egg-web.log","agentLogName":"egg-agent.log","errorLogName":"common-error.log","coreLogger":{"consoleLevel":"WARN"},"type":"application"}
2017-07-21 02:56:27,900 INFO 34065 [egg-schedule]: register schedule egg-schedule:/Users/rick/Desktop/2017.8/ts-cms/server/node_modules/.2.2.3@egg-logrotator/app/schedule/clean_log.js
2017-07-21 02:56:27,900 INFO 34065 [egg-schedule]: register schedule egg-schedule:/Users/rick/Desktop/2017.8/ts-cms/server/node_modules/.2.2.3@egg-logrotator/app/schedule/rotate_by_file.js
2017-07-21 02:56:27,911 INFO 34065 [egg-mysql] connecting root@127.0.0.1:3306/ts-cms
2017-07-21 02:56:28,094 INFO 34065 [egg-redis] connecting redis://:@127.0.0.1:6379/0
2017-07-21 02:56:28,159 INFO 34065 [egg-static] starting static serve /public/ -> /Users/rick/Desktop/2017.8/ts-cms/server/app/public
2017-07-21 02:56:28,163 INFO 34065 [egg-security] use csrf middleware
2017-07-21 02:56:28,164 INFO 34065 [egg-security] use methodnoallow middleware
2017-07-21 02:56:28,164 INFO 34065 [egg-security] use noopen middleware
2017-07-21 02:56:28,165 INFO 34065 [egg-security] use nosniff middleware
2017-07-21 02:56:28,165 INFO 34065 [egg-security] use xssProtection middleware
2017-07-21 02:56:28,166 INFO 34065 [egg-security] use xframe middleware
2017-07-21 02:56:28,166 INFO 34065 [egg-security] use dta middleware
2017-07-21 02:56:28,166 INFO 34065 [egg-security] compose 7 middlewares into one security middleware
2017-07-21 02:56:28,238 INFO 34065 [egg-redis] connect success on redis://:@127.0.0.1:6379/0
2017-07-21 02:56:28,257 INFO 34065 [egg-watcher:app] watcher start success
2017-07-21 02:56:28,258 INFO 34065 [egg-redis] instance[0] status OK, redis currentTime: #
2017-07-21 02:56:28,261 INFO 34065 [egg-mysql] instance[0] status OK, rds currentTime: Fri Jul 21 2017 02:56:28 GMT+0800 (CST)
2017-07-21 02:57:32,406 INFO 34123 [egg:logger] init all loggers with options: {"dir":"/Users/rick/Desktop/2017.8/ts-cms/server/logs/eggdemo","encoding":"utf8","env":"local","level":"INFO","consoleLevel":"INFO","disableConsoleAfterReady":false,"outputJSON":false,"buffer":true,"appLogName":"eggdemo-web.log","coreLogName":"egg-web.log","agentLogName":"egg-agent.log","errorLogName":"common-error.log","coreLogger":{"consoleLevel":"WARN"},"type":"application"}
2017-07-21 02:57:32,436 INFO 34123 [egg-schedule]: register schedule egg-schedule:/Users/rick/Desktop/2017.8/ts-cms/server/node_modules/.2.2.3@egg-logrotator/app/schedule/clean_log.js
2017-07-21 02:57:32,436 INFO 34123 [egg-schedule]: register schedule egg-schedule:/Users/rick/Desktop/2017.8/ts-cms/server/node_modules/.2.2.3@egg-logrotator/app/schedule/rotate_by_file.js
2017-07-21 02:57:32,446 INFO 34123 [egg-mysql] connecting root@127.0.0.1:3306/ts-cms
2017-07-21 02:57:32,622 INFO 34123 [egg-redis] connecting redis://:@127.0.0.1:6379/0
2017-07-21 02:57:32,699 INFO 34123 [egg-static] starting static serve /public/ -> /Users/rick/Desktop/2017.8/ts-cms/server/app/public
2017-07-21 02:57:32,705 INFO 34123 [egg-security] use csrf middleware
2017-07-21 02:57:32,707 INFO 34123 [egg-security] use methodnoallow middleware
2017-07-21 02:57:32,708 INFO 34123 [egg-security] use noopen middleware
2017-07-21 02:57:32,709 INFO 34123 [egg-security] use nosniff middleware
2017-07-21 02:57:32,710 INFO 34123 [egg-security] use xssProtection middleware
2017-07-21 02:57:32,711 INFO 34123 [egg-security] use xframe middleware
2017-07-21 02:57:32,712 INFO 34123 [egg-security] use dta middleware
2017-07-21 02:57:32,712 INFO 34123 [egg-security] compose 7 middlewares into one security middleware
2017-07-21 02:57:32,845 INFO 34123 [egg-redis] connect success on redis://:@127.0.0.1:6379/0
2017-07-21 02:57:32,863 INFO 34123 [egg-watcher:app] watcher start success
2017-07-21 02:57:32,863 INFO 34123 [egg-redis] instance[0] status OK, redis currentTime: #
2017-07-21 02:57:32,865 INFO 34123 [egg-mysql] instance[0] status OK, rds currentTime: Fri Jul 21 2017 02:57:32 GMT+0800 (CST)
2017-07-21 02:57:53,210 INFO 34144 [egg:logger] init all loggers with options: {"dir":"/Users/rick/Desktop/2017.8/ts-cms/server/logs/eggdemo","encoding":"utf8","env":"local","level":"INFO","consoleLevel":"INFO","disableConsoleAfterReady":false,"outputJSON":false,"buffer":true,"appLogName":"eggdemo-web.log","coreLogName":"egg-web.log","agentLogName":"egg-agent.log","errorLogName":"common-error.log","coreLogger":{"consoleLevel":"WARN"},"type":"application"}
2017-07-21 02:57:53,245 INFO 34144 [egg-schedule]: register schedule egg-schedule:/Users/rick/Desktop/2017.8/ts-cms/server/node_modules/.2.2.3@egg-logrotator/app/schedule/clean_log.js
2017-07-21 02:57:53,245 INFO 34144 [egg-schedule]: register schedule egg-schedule:/Users/rick/Desktop/2017.8/ts-cms/server/node_modules/.2.2.3@egg-logrotator/app/schedule/rotate_by_file.js
2017-07-21 02:57:53,255 INFO 34144 [egg-mysql] connecting root@127.0.0.1:3306/ts-cms
2017-07-21 02:57:53,454 INFO 34144 [egg-redis] connecting redis://:@127.0.0.1:6379/0
2017-07-21 02:57:53,532 INFO 34144 [egg-static] starting static serve /public/ -> /Users/rick/Desktop/2017.8/ts-cms/server/app/public
2017-07-21 02:57:53,535 INFO 34144 [egg-security] use csrf middleware
2017-07-21 02:57:53,536 INFO 34144 [egg-security] use methodnoallow middleware
2017-07-21 02:57:53,537 INFO 34144 [egg-security] use noopen middleware
2017-07-21 02:57:53,538 INFO 34144 [egg-security] use nosniff middleware
2017-07-21 02:57:53,539 INFO 34144 [egg-security] use xssProtection middleware
2017-07-21 02:57:53,539 INFO 34144 [egg-security] use xframe middleware
2017-07-21 02:57:53,540 INFO 34144 [egg-security] use dta middleware
2017-07-21 02:57:53,540 INFO 34144 [egg-security] compose 7 middlewares into one security middleware
2017-07-21 02:57:53,606 INFO 34144 [egg-redis] connect success on redis://:@127.0.0.1:6379/0
2017-07-21 02:57:53,622 INFO 34144 [egg-watcher:app] watcher start success
2017-07-21 02:57:53,623 INFO 34144 [egg-redis] instance[0] status OK, redis currentTime: #
2017-07-21 02:57:53,625 INFO 34144 [egg-mysql] instance[0] status OK, rds currentTime: Fri Jul 21 2017 02:57:53 GMT+0800 (CST)
2017-07-21 02:58:59,298 INFO 34203 [egg:logger] init all loggers with options: {"dir":"/Users/rick/Desktop/2017.8/ts-cms/server/logs/eggdemo","encoding":"utf8","env":"local","level":"INFO","consoleLevel":"INFO","disableConsoleAfterReady":false,"outputJSON":false,"buffer":true,"appLogName":"eggdemo-web.log","coreLogName":"egg-web.log","agentLogName":"egg-agent.log","errorLogName":"common-error.log","coreLogger":{"consoleLevel":"WARN"},"type":"application"}
2017-07-21 02:58:59,327 INFO 34203 [egg-schedule]: register schedule egg-schedule:/Users/rick/Desktop/2017.8/ts-cms/server/node_modules/.2.2.3@egg-logrotator/app/schedule/clean_log.js
2017-07-21 02:58:59,327 INFO 34203 [egg-schedule]: register schedule egg-schedule:/Users/rick/Desktop/2017.8/ts-cms/server/node_modules/.2.2.3@egg-logrotator/app/schedule/rotate_by_file.js
2017-07-21 02:58:59,338 INFO 34203 [egg-mysql] connecting root@127.0.0.1:3306/ts-cms
2017-07-21 02:58:59,501 INFO 34203 [egg-redis] connecting redis://:@127.0.0.1:6379/0
2017-07-21 02:58:59,557 INFO 34203 [egg-static] starting static serve /public/ -> /Users/rick/Desktop/2017.8/ts-cms/server/app/public
2017-07-21 02:58:59,561 INFO 34203 [egg-security] use csrf middleware
2017-07-21 02:58:59,562 INFO 34203 [egg-security] use methodnoallow middleware
2017-07-21 02:58:59,562 INFO 34203 [egg-security] use noopen middleware
2017-07-21 02:58:59,563 INFO 34203 [egg-security] use nosniff middleware
2017-07-21 02:58:59,563 INFO 34203 [egg-security] use xssProtection middleware
2017-07-21 02:58:59,564 INFO 34203 [egg-security] use xframe middleware
2017-07-21 02:58:59,565 INFO 34203 [egg-security] use dta middleware
2017-07-21 02:58:59,565 INFO 34203 [egg-security] compose 7 middlewares into one security middleware
2017-07-21 02:58:59,650 INFO 34203 [egg-redis] connect success on redis://:@127.0.0.1:6379/0
2017-07-21 02:58:59,671 INFO 34203 [egg-watcher:app] watcher start success
2017-07-21 02:58:59,671 INFO 34203 [egg-redis] instance[0] status OK, redis currentTime: #
2017-07-21 02:58:59,674 INFO 34203 [egg-mysql] instance[0] status OK, rds currentTime: Fri Jul 21 2017 02:58:59 GMT+0800 (CST)
2017-07-21 03:00:13,302 INFO 34264 [egg:logger] init all loggers with options: {"dir":"/Users/rick/Desktop/2017.8/ts-cms/server/logs/eggdemo","encoding":"utf8","env":"local","level":"INFO","consoleLevel":"INFO","disableConsoleAfterReady":false,"outputJSON":false,"buffer":true,"appLogName":"eggdemo-web.log","coreLogName":"egg-web.log","agentLogName":"egg-agent.log","errorLogName":"common-error.log","coreLogger":{"consoleLevel":"WARN"},"type":"application"}
2017-07-21 03:00:13,330 INFO 34264 [egg-schedule]: register schedule egg-schedule:/Users/rick/Desktop/2017.8/ts-cms/server/node_modules/.2.2.3@egg-logrotator/app/schedule/clean_log.js
2017-07-21 03:00:13,331 INFO 34264 [egg-schedule]: register schedule egg-schedule:/Users/rick/Desktop/2017.8/ts-cms/server/node_modules/.2.2.3@egg-logrotator/app/schedule/rotate_by_file.js
2017-07-21 03:00:13,341 INFO 34264 [egg-mysql] connecting root@127.0.0.1:3306/ts-cms
2017-07-21 03:00:13,501 INFO 34264 [egg-redis] connecting redis://:@127.0.0.1:6379/0
2017-07-21 03:00:13,545 INFO 34264 [egg-static] starting static serve /public/ -> /Users/rick/Desktop/2017.8/ts-cms/server/app/public
2017-07-21 03:00:13,549 INFO 34264 [egg-security] use csrf middleware
2017-07-21 03:00:13,551 INFO 34264 [egg-security] use methodnoallow middleware
2017-07-21 03:00:13,551 INFO 34264 [egg-security] use noopen middleware
2017-07-21 03:00:13,552 INFO 34264 [egg-security] use nosniff middleware
2017-07-21 03:00:13,553 INFO 34264 [egg-security] use xssProtection middleware
2017-07-21 03:00:13,553 INFO 34264 [egg-security] use xframe middleware
2017-07-21 03:00:13,554 INFO 34264 [egg-security] use dta middleware
2017-07-21 03:00:13,554 INFO 34264 [egg-security] compose 7 middlewares into one security middleware
2017-07-21 03:00:13,627 INFO 34264 [egg-redis] connect success on redis://:@127.0.0.1:6379/0
2017-07-21 03:00:13,643 INFO 34264 [egg-watcher:app] watcher start success
2017-07-21 03:00:13,645 INFO 34264 [egg-mysql] instance[0] status OK, rds currentTime: Fri Jul 21 2017 03:00:13 GMT+0800 (CST)
2017-07-21 03:00:13,645 INFO 34264 [egg-redis] instance[0] status OK, redis currentTime: #
2017-07-21 03:00:32,430 INFO 34278 [egg:logger] init all loggers with options: {"dir":"/Users/rick/Desktop/2017.8/ts-cms/server/logs/eggdemo","encoding":"utf8","env":"local","level":"INFO","consoleLevel":"INFO","disableConsoleAfterReady":false,"outputJSON":false,"buffer":true,"appLogName":"eggdemo-web.log","coreLogName":"egg-web.log","agentLogName":"egg-agent.log","errorLogName":"common-error.log","coreLogger":{"consoleLevel":"WARN"},"type":"application"}
2017-07-21 03:00:32,458 INFO 34278 [egg-schedule]: register schedule egg-schedule:/Users/rick/Desktop/2017.8/ts-cms/server/node_modules/.2.2.3@egg-logrotator/app/schedule/clean_log.js
2017-07-21 03:00:32,459 INFO 34278 [egg-schedule]: register schedule egg-schedule:/Users/rick/Desktop/2017.8/ts-cms/server/node_modules/.2.2.3@egg-logrotator/app/schedule/rotate_by_file.js
2017-07-21 03:00:32,469 INFO 34278 [egg-mysql] connecting root@127.0.0.1:3306/ts-cms
2017-07-21 03:00:32,690 INFO 34278 [egg-redis] connecting redis://:@127.0.0.1:6379/0
2017-07-21 03:00:32,764 INFO 34278 [egg-static] starting static serve /public/ -> /Users/rick/Desktop/2017.8/ts-cms/server/app/public
2017-07-21 03:00:32,768 INFO 34278 [egg-security] use csrf middleware
2017-07-21 03:00:32,769 INFO 34278 [egg-security] use methodnoallow middleware
2017-07-21 03:00:32,769 INFO 34278 [egg-security] use noopen middleware
2017-07-21 03:00:32,770 INFO 34278 [egg-security] use nosniff middleware
2017-07-21 03:00:32,770 INFO 34278 [egg-security] use xssProtection middleware
2017-07-21 03:00:32,771 INFO 34278 [egg-security] use xframe middleware
2017-07-21 03:00:32,771 INFO 34278 [egg-security] use dta middleware
2017-07-21 03:00:32,771 INFO 34278 [egg-security] compose 7 middlewares into one security middleware
2017-07-21 03:00:32,858 INFO 34278 [egg-redis] connect success on redis://:@127.0.0.1:6379/0
2017-07-21 03:00:32,884 INFO 34278 [egg-watcher:app] watcher start success
2017-07-21 03:00:32,891 INFO 34278 [egg-mysql] instance[0] status OK, rds currentTime: Fri Jul 21 2017 03:00:32 GMT+0800 (CST)
2017-07-21 03:00:32,892 INFO 34278 [egg-redis] instance[0] status OK, redis currentTime: #
2017-07-21 03:00:36,822 INFO 34283 [egg:logger] init all loggers with options: {"dir":"/Users/rick/Desktop/2017.8/ts-cms/server/logs/eggdemo","encoding":"utf8","env":"local","level":"INFO","consoleLevel":"INFO","disableConsoleAfterReady":false,"outputJSON":false,"buffer":true,"appLogName":"eggdemo-web.log","coreLogName":"egg-web.log","agentLogName":"egg-agent.log","errorLogName":"common-error.log","coreLogger":{"consoleLevel":"WARN"},"type":"application"}
2017-07-21 03:00:36,849 INFO 34283 [egg-schedule]: register schedule egg-schedule:/Users/rick/Desktop/2017.8/ts-cms/server/node_modules/.2.2.3@egg-logrotator/app/schedule/clean_log.js
2017-07-21 03:00:36,850 INFO 34283 [egg-schedule]: register schedule egg-schedule:/Users/rick/Desktop/2017.8/ts-cms/server/node_modules/.2.2.3@egg-logrotator/app/schedule/rotate_by_file.js
2017-07-21 03:00:36,860 INFO 34283 [egg-mysql] connecting root@127.0.0.1:3306/ts-cms
2017-07-21 03:00:37,034 INFO 34283 [egg-redis] connecting redis://:@127.0.0.1:6379/0
2017-07-21 03:00:37,082 INFO 34283 [egg-static] starting static serve /public/ -> /Users/rick/Desktop/2017.8/ts-cms/server/app/public
2017-07-21 03:00:37,085 INFO 34283 [egg-security] use csrf middleware
2017-07-21 03:00:37,086 INFO 34283 [egg-security] use methodnoallow middleware
2017-07-21 03:00:37,086 INFO 34283 [egg-security] use noopen middleware
2017-07-21 03:00:37,087 INFO 34283 [egg-security] use nosniff middleware
2017-07-21 03:00:37,087 INFO 34283 [egg-security] use xssProtection middleware
2017-07-21 03:00:37,087 INFO 34283 [egg-security] use xframe middleware
2017-07-21 03:00:37,088 INFO 34283 [egg-security] use dta middleware
2017-07-21 03:00:37,088 INFO 34283 [egg-security] compose 7 middlewares into one security middleware
2017-07-21 03:00:37,158 INFO 34283 [egg-redis] connect success on redis://:@127.0.0.1:6379/0
2017-07-21 03:00:37,177 INFO 34283 [egg-watcher:app] watcher start success
2017-07-21 03:00:37,177 INFO 34283 [egg-redis] instance[0] status OK, redis currentTime: #
2017-07-21 03:00:37,179 INFO 34283 [egg-mysql] instance[0] status OK, rds currentTime: Fri Jul 21 2017 03:00:37 GMT+0800 (CST)
2017-07-21 03:04:51,236 INFO 34501 [egg:logger] init all loggers with options: {"dir":"/Users/rick/Desktop/2017.8/ts-cms/server/logs/eggdemo","encoding":"utf8","env":"local","level":"INFO","consoleLevel":"INFO","disableConsoleAfterReady":false,"outputJSON":false,"buffer":true,"appLogName":"eggdemo-web.log","coreLogName":"egg-web.log","agentLogName":"egg-agent.log","errorLogName":"common-error.log","coreLogger":{"consoleLevel":"WARN"},"type":"application"}
2017-07-21 03:04:51,270 INFO 34501 [egg-schedule]: register schedule egg-schedule:/Users/rick/Desktop/2017.8/ts-cms/server/node_modules/.2.2.3@egg-logrotator/app/schedule/clean_log.js
2017-07-21 03:04:51,271 INFO 34501 [egg-schedule]: register schedule egg-schedule:/Users/rick/Desktop/2017.8/ts-cms/server/node_modules/.2.2.3@egg-logrotator/app/schedule/rotate_by_file.js
2017-07-21 03:04:51,281 INFO 34501 [egg-mysql] connecting root@127.0.0.1:3306/ts-cms
2017-07-21 03:04:51,442 INFO 34501 [egg-redis] connecting redis://:@127.0.0.1:6379/0
2017-07-21 03:04:51,490 INFO 34501 [egg-static] starting static serve /public/ -> /Users/rick/Desktop/2017.8/ts-cms/server/app/public
2017-07-21 03:04:51,492 INFO 34501 [egg-security] use csrf middleware
2017-07-21 03:04:51,493 INFO 34501 [egg-security] use methodnoallow middleware
2017-07-21 03:04:51,493 INFO 34501 [egg-security] use noopen middleware
2017-07-21 03:04:51,493 INFO 34501 [egg-security] use nosniff middleware
2017-07-21 03:04:51,494 INFO 34501 [egg-security] use xssProtection middleware
2017-07-21 03:04:51,494 INFO 34501 [egg-security] use xframe middleware
2017-07-21 03:04:51,494 INFO 34501 [egg-security] use dta middleware
2017-07-21 03:04:51,494 INFO 34501 [egg-security] compose 7 middlewares into one security middleware
2017-07-21 03:04:51,547 INFO 34501 [egg-redis] connect success on redis://:@127.0.0.1:6379/0
2017-07-21 03:04:51,562 INFO 34501 [egg-watcher:app] watcher start success
2017-07-21 03:04:51,562 INFO 34501 [egg-redis] instance[0] status OK, redis currentTime: #
2017-07-21 03:04:51,564 INFO 34501 [egg-mysql] instance[0] status OK, rds currentTime: Fri Jul 21 2017 03:04:51 GMT+0800 (CST)
2017-07-21 03:05:19,671 INFO 34525 [egg:logger] init all loggers with options: {"dir":"/Users/rick/Desktop/2017.8/ts-cms/server/logs/eggdemo","encoding":"utf8","env":"local","level":"INFO","consoleLevel":"INFO","disableConsoleAfterReady":false,"outputJSON":false,"buffer":true,"appLogName":"eggdemo-web.log","coreLogName":"egg-web.log","agentLogName":"egg-agent.log","errorLogName":"common-error.log","coreLogger":{"consoleLevel":"WARN"},"type":"application"}
2017-07-21 03:05:19,699 INFO 34525 [egg-schedule]: register schedule egg-schedule:/Users/rick/Desktop/2017.8/ts-cms/server/node_modules/.2.2.3@egg-logrotator/app/schedule/clean_log.js
2017-07-21 03:05:19,699 INFO 34525 [egg-schedule]: register schedule egg-schedule:/Users/rick/Desktop/2017.8/ts-cms/server/node_modules/.2.2.3@egg-logrotator/app/schedule/rotate_by_file.js
2017-07-21 03:05:19,709 INFO 34525 [egg-mysql] connecting root@127.0.0.1:3306/ts-cms
2017-07-21 03:05:19,914 INFO 34525 [egg-redis] connecting redis://:@127.0.0.1:6379/0
2017-07-21 03:05:20,005 INFO 34525 [egg-static] starting static serve /public/ -> /Users/rick/Desktop/2017.8/ts-cms/server/app/public
2017-07-21 03:05:20,009 INFO 34525 [egg-security] use csrf middleware
2017-07-21 03:05:20,010 INFO 34525 [egg-security] use methodnoallow middleware
2017-07-21 03:05:20,011 INFO 34525 [egg-security] use noopen middleware
2017-07-21 03:05:20,012 INFO 34525 [egg-security] use nosniff middleware
2017-07-21 03:05:20,012 INFO 34525 [egg-security] use xssProtection middleware
2017-07-21 03:05:20,013 INFO 34525 [egg-security] use xframe middleware
2017-07-21 03:05:20,013 INFO 34525 [egg-security] use dta middleware
2017-07-21 03:05:20,013 INFO 34525 [egg-security] compose 7 middlewares into one security middleware
2017-07-21 03:05:20,089 INFO 34525 [egg-redis] connect success on redis://:@127.0.0.1:6379/0
2017-07-21 03:05:20,106 INFO 34525 [egg-watcher:app] watcher start success
2017-07-21 03:05:20,108 INFO 34525 [egg-mysql] instance[0] status OK, rds currentTime: Fri Jul 21 2017 03:05:20 GMT+0800 (CST)
2017-07-21 03:05:20,109 INFO 34525 [egg-redis] instance[0] status OK, redis currentTime: #
2017-07-21 03:05:41,516 INFO 34543 [egg:logger] init all loggers with options: {"dir":"/Users/rick/Desktop/2017.8/ts-cms/server/logs/eggdemo","encoding":"utf8","env":"local","level":"INFO","consoleLevel":"INFO","disableConsoleAfterReady":false,"outputJSON":false,"buffer":true,"appLogName":"eggdemo-web.log","coreLogName":"egg-web.log","agentLogName":"egg-agent.log","errorLogName":"common-error.log","coreLogger":{"consoleLevel":"WARN"},"type":"application"}
2017-07-21 03:05:41,558 INFO 34543 [egg-schedule]: register schedule egg-schedule:/Users/rick/Desktop/2017.8/ts-cms/server/node_modules/.2.2.3@egg-logrotator/app/schedule/clean_log.js
2017-07-21 03:05:41,558 INFO 34543 [egg-schedule]: register schedule egg-schedule:/Users/rick/Desktop/2017.8/ts-cms/server/node_modules/.2.2.3@egg-logrotator/app/schedule/rotate_by_file.js
2017-07-21 03:05:41,574 INFO 34543 [egg-mysql] connecting root@127.0.0.1:3306/ts-cms
2017-07-21 03:05:41,820 INFO 34543 [egg-redis] connecting redis://:@127.0.0.1:6379/0
2017-07-21 03:05:41,888 INFO 34543 [egg-static] starting static serve /public/ -> /Users/rick/Desktop/2017.8/ts-cms/server/app/public
2017-07-21 03:05:41,891 INFO 34543 [egg-security] use csrf middleware
2017-07-21 03:05:41,892 INFO 34543 [egg-security] use methodnoallow middleware
2017-07-21 03:05:41,892 INFO 34543 [egg-security] use noopen middleware
2017-07-21 03:05:41,892 INFO 34543 [egg-security] use nosniff middleware
2017-07-21 03:05:41,893 INFO 34543 [egg-security] use xssProtection middleware
2017-07-21 03:05:41,894 INFO 34543 [egg-security] use xframe middleware
2017-07-21 03:05:41,894 INFO 34543 [egg-security] use dta middleware
2017-07-21 03:05:41,894 INFO 34543 [egg-security] compose 7 middlewares into one security middleware
2017-07-21 03:05:41,972 INFO 34543 [egg-redis] connect success on redis://:@127.0.0.1:6379/0
2017-07-21 03:05:41,992 INFO 34543 [egg-watcher:app] watcher start success
2017-07-21 03:05:41,995 INFO 34543 [egg-mysql] instance[0] status OK, rds currentTime: Fri Jul 21 2017 03:05:41 GMT+0800 (CST)
2017-07-21 03:05:41,995 INFO 34543 [egg-redis] instance[0] status OK, redis currentTime: #
2017-07-21 03:13:47,601 INFO 34959 [egg:logger] init all loggers with options: {"dir":"/Users/rick/Desktop/2017.8/ts-cms/server/logs/eggdemo","encoding":"utf8","env":"local","level":"INFO","consoleLevel":"INFO","disableConsoleAfterReady":false,"outputJSON":false,"buffer":true,"appLogName":"eggdemo-web.log","coreLogName":"egg-web.log","agentLogName":"egg-agent.log","errorLogName":"common-error.log","coreLogger":{"consoleLevel":"WARN"},"type":"application"}
2017-07-21 03:13:47,671 INFO 34959 [egg-schedule]: register schedule egg-schedule:/Users/rick/Desktop/2017.8/ts-cms/server/node_modules/.2.2.3@egg-logrotator/app/schedule/clean_log.js
2017-07-21 03:13:47,672 INFO 34959 [egg-schedule]: register schedule egg-schedule:/Users/rick/Desktop/2017.8/ts-cms/server/node_modules/.2.2.3@egg-logrotator/app/schedule/rotate_by_file.js
2017-07-21 03:13:47,700 INFO 34959 [egg-mysql] connecting root@127.0.0.1:3306/ts-cms
2017-07-21 03:13:48,017 INFO 34959 [egg-redis] connecting redis://:@127.0.0.1:6379/0
2017-07-21 03:13:48,083 INFO 34959 [egg-static] starting static serve /public/ -> /Users/rick/Desktop/2017.8/ts-cms/server/app/public
2017-07-21 03:13:48,086 INFO 34959 [egg-security] use csrf middleware
2017-07-21 03:13:48,087 INFO 34959 [egg-security] use methodnoallow middleware
2017-07-21 03:13:48,087 INFO 34959 [egg-security] use noopen middleware
2017-07-21 03:13:48,088 INFO 34959 [egg-security] use nosniff middleware
2017-07-21 03:13:48,089 INFO 34959 [egg-security] use xssProtection middleware
2017-07-21 03:13:48,089 INFO 34959 [egg-security] use xframe middleware
2017-07-21 03:13:48,090 INFO 34959 [egg-security] use dta middleware
2017-07-21 03:13:48,090 INFO 34959 [egg-security] compose 7 middlewares into one security middleware
2017-07-21 03:13:48,154 INFO 34959 [egg-redis] connect success on redis://:@127.0.0.1:6379/0
2017-07-21 03:13:48,173 INFO 34959 [egg-watcher:app] watcher start success
2017-07-21 03:13:48,174 INFO 34959 [egg-redis] instance[0] status OK, redis currentTime: #
2017-07-21 03:13:48,176 INFO 34959 [egg-mysql] instance[0] status OK, rds currentTime: Fri Jul 21 2017 03:13:48 GMT+0800 (CST)
2017-07-21 03:13:59,503 INFO 34976 [egg:logger] init all loggers with options: {"dir":"/Users/rick/Desktop/2017.8/ts-cms/server/logs/eggdemo","encoding":"utf8","env":"local","level":"INFO","consoleLevel":"INFO","disableConsoleAfterReady":false,"outputJSON":false,"buffer":true,"appLogName":"eggdemo-web.log","coreLogName":"egg-web.log","agentLogName":"egg-agent.log","errorLogName":"common-error.log","coreLogger":{"consoleLevel":"WARN"},"type":"application"}
2017-07-21 03:13:59,531 INFO 34976 [egg-schedule]: register schedule egg-schedule:/Users/rick/Desktop/2017.8/ts-cms/server/node_modules/.2.2.3@egg-logrotator/app/schedule/clean_log.js
2017-07-21 03:13:59,531 INFO 34976 [egg-schedule]: register schedule egg-schedule:/Users/rick/Desktop/2017.8/ts-cms/server/node_modules/.2.2.3@egg-logrotator/app/schedule/rotate_by_file.js
2017-07-21 03:13:59,541 INFO 34976 [egg-mysql] connecting root@127.0.0.1:3306/ts-cms
2017-07-21 03:13:59,702 INFO 34976 [egg-redis] connecting redis://:@127.0.0.1:6379/0
2017-07-21 03:13:59,746 INFO 34976 [egg-static] starting static serve /public/ -> /Users/rick/Desktop/2017.8/ts-cms/server/app/public
2017-07-21 03:13:59,749 INFO 34976 [egg-security] use csrf middleware
2017-07-21 03:13:59,749 INFO 34976 [egg-security] use methodnoallow middleware
2017-07-21 03:13:59,750 INFO 34976 [egg-security] use noopen middleware
2017-07-21 03:13:59,750 INFO 34976 [egg-security] use nosniff middleware
2017-07-21 03:13:59,750 INFO 34976 [egg-security] use xssProtection middleware
2017-07-21 03:13:59,751 INFO 34976 [egg-security] use xframe middleware
2017-07-21 03:13:59,751 INFO 34976 [egg-security] use dta middleware
2017-07-21 03:13:59,751 INFO 34976 [egg-security] compose 7 middlewares into one security middleware
2017-07-21 03:13:59,807 INFO 34976 [egg-redis] connect success on redis://:@127.0.0.1:6379/0
2017-07-21 03:13:59,822 INFO 34976 [egg-watcher:app] watcher start success
2017-07-21 03:13:59,822 INFO 34976 [egg-redis] instance[0] status OK, redis currentTime: #
2017-07-21 03:13:59,825 INFO 34976 [egg-mysql] instance[0] status OK, rds currentTime: Fri Jul 21 2017 03:13:59 GMT+0800 (CST)
2017-07-21 03:14:21,254 INFO 34993 [egg:logger] init all loggers with options: {"dir":"/Users/rick/Desktop/2017.8/ts-cms/server/logs/eggdemo","encoding":"utf8","env":"local","level":"INFO","consoleLevel":"INFO","disableConsoleAfterReady":false,"outputJSON":false,"buffer":true,"appLogName":"eggdemo-web.log","coreLogName":"egg-web.log","agentLogName":"egg-agent.log","errorLogName":"common-error.log","coreLogger":{"consoleLevel":"WARN"},"type":"application"}
2017-07-21 03:14:21,281 INFO 34993 [egg-schedule]: register schedule egg-schedule:/Users/rick/Desktop/2017.8/ts-cms/server/node_modules/.2.2.3@egg-logrotator/app/schedule/clean_log.js
2017-07-21 03:14:21,281 INFO 34993 [egg-schedule]: register schedule egg-schedule:/Users/rick/Desktop/2017.8/ts-cms/server/node_modules/.2.2.3@egg-logrotator/app/schedule/rotate_by_file.js
2017-07-21 03:14:21,294 INFO 34993 [egg-mysql] connecting root@127.0.0.1:3306/ts-cms
2017-07-21 03:14:21,453 INFO 34993 [egg-redis] connecting redis://:@127.0.0.1:6379/0
2017-07-21 03:14:21,500 INFO 34993 [egg-static] starting static serve /public/ -> /Users/rick/Desktop/2017.8/ts-cms/server/app/public
2017-07-21 03:14:21,502 INFO 34993 [egg-security] use csrf middleware
2017-07-21 03:14:21,503 INFO 34993 [egg-security] use methodnoallow middleware
2017-07-21 03:14:21,503 INFO 34993 [egg-security] use noopen middleware
2017-07-21 03:14:21,504 INFO 34993 [egg-security] use nosniff middleware
2017-07-21 03:14:21,504 INFO 34993 [egg-security] use xssProtection middleware
2017-07-21 03:14:21,504 INFO 34993 [egg-security] use xframe middleware
2017-07-21 03:14:21,505 INFO 34993 [egg-security] use dta middleware
2017-07-21 03:14:21,505 INFO 34993 [egg-security] compose 7 middlewares into one security middleware
2017-07-21 03:14:21,558 INFO 34993 [egg-redis] connect success on redis://:@127.0.0.1:6379/0
2017-07-21 03:14:21,574 INFO 34993 [egg-watcher:app] watcher start success
2017-07-21 03:14:21,576 INFO 34993 [egg-mysql] instance[0] status OK, rds currentTime: Fri Jul 21 2017 03:14:21 GMT+0800 (CST)
2017-07-21 03:14:21,576 INFO 34993 [egg-redis] instance[0] status OK, redis currentTime: #
2017-07-21 03:17:06,292 INFO 35135 [egg:logger] init all loggers with options: {"dir":"/Users/rick/Desktop/2017.8/ts-cms/server/logs/eggdemo","encoding":"utf8","env":"local","level":"INFO","consoleLevel":"INFO","disableConsoleAfterReady":false,"outputJSON":false,"buffer":true,"appLogName":"eggdemo-web.log","coreLogName":"egg-web.log","agentLogName":"egg-agent.log","errorLogName":"common-error.log","coreLogger":{"consoleLevel":"WARN"},"type":"application"}
2017-07-21 03:17:06,337 INFO 35135 [egg-schedule]: register schedule egg-schedule:/Users/rick/Desktop/2017.8/ts-cms/server/node_modules/.2.2.3@egg-logrotator/app/schedule/clean_log.js
2017-07-21 03:17:06,337 INFO 35135 [egg-schedule]: register schedule egg-schedule:/Users/rick/Desktop/2017.8/ts-cms/server/node_modules/.2.2.3@egg-logrotator/app/schedule/rotate_by_file.js
2017-07-21 03:17:06,356 INFO 35135 [egg-mysql] connecting root@127.0.0.1:3306/ts-cms
2017-07-21 03:17:06,576 INFO 35135 [egg-redis] connecting redis://:@127.0.0.1:6379/0
2017-07-21 03:17:06,640 INFO 35135 [egg-static] starting static serve /public/ -> /Users/rick/Desktop/2017.8/ts-cms/server/app/public
2017-07-21 03:17:06,643 INFO 35135 [egg-security] use csrf middleware
2017-07-21 03:17:06,645 INFO 35135 [egg-security] use methodnoallow middleware
2017-07-21 03:17:06,645 INFO 35135 [egg-security] use noopen middleware
2017-07-21 03:17:06,646 INFO 35135 [egg-security] use nosniff middleware
2017-07-21 03:17:06,647 INFO 35135 [egg-security] use xssProtection middleware
2017-07-21 03:17:06,648 INFO 35135 [egg-security] use xframe middleware
2017-07-21 03:17:06,649 INFO 35135 [egg-security] use dta middleware
2017-07-21 03:17:06,649 INFO 35135 [egg-security] compose 7 middlewares into one security middleware
2017-07-21 03:17:06,715 INFO 35135 [egg-redis] connect success on redis://:@127.0.0.1:6379/0
2017-07-21 03:17:06,740 INFO 35135 [egg-watcher:app] watcher start success
2017-07-21 03:17:06,741 INFO 35135 [egg-redis] instance[0] status OK, redis currentTime: #
2017-07-21 03:17:06,745 INFO 35135 [egg-mysql] instance[0] status OK, rds currentTime: Fri Jul 21 2017 03:17:06 GMT+0800 (CST)
2017-07-21 03:19:35,527 INFO 35273 [egg:logger] init all loggers with options: {"dir":"/Users/rick/Desktop/2017.8/ts-cms/server/logs/eggdemo","encoding":"utf8","env":"local","level":"INFO","consoleLevel":"INFO","disableConsoleAfterReady":false,"outputJSON":false,"buffer":true,"appLogName":"eggdemo-web.log","coreLogName":"egg-web.log","agentLogName":"egg-agent.log","errorLogName":"common-error.log","coreLogger":{"consoleLevel":"WARN"},"type":"application"}
2017-07-21 03:19:35,567 INFO 35273 [egg-schedule]: register schedule egg-schedule:/Users/rick/Desktop/2017.8/ts-cms/server/node_modules/.2.2.3@egg-logrotator/app/schedule/clean_log.js
2017-07-21 03:19:35,567 INFO 35273 [egg-schedule]: register schedule egg-schedule:/Users/rick/Desktop/2017.8/ts-cms/server/node_modules/.2.2.3@egg-logrotator/app/schedule/rotate_by_file.js
2017-07-21 03:19:35,585 INFO 35273 [egg-mysql] connecting root@127.0.0.1:3306/ts-cms
2017-07-21 03:19:35,904 INFO 35273 [egg-redis] connecting redis://:@127.0.0.1:6379/0
2017-07-21 03:19:35,994 INFO 35273 [egg-static] starting static serve /public/ -> /Users/rick/Desktop/2017.8/ts-cms/server/app/public
2017-07-21 03:19:35,997 INFO 35273 [egg-security] use csrf middleware
2017-07-21 03:19:35,998 INFO 35273 [egg-security] use methodnoallow middleware
2017-07-21 03:19:35,999 INFO 35273 [egg-security] use noopen middleware
2017-07-21 03:19:36,000 INFO 35273 [egg-security] use nosniff middleware
2017-07-21 03:19:36,001 INFO 35273 [egg-security] use xssProtection middleware
2017-07-21 03:19:36,002 INFO 35273 [egg-security] use xframe middleware
2017-07-21 03:19:36,002 INFO 35273 [egg-security] use dta middleware
2017-07-21 03:19:36,002 INFO 35273 [egg-security] compose 7 middlewares into one security middleware
2017-07-21 03:19:36,060 INFO 35273 [egg-redis] connect success on redis://:@127.0.0.1:6379/0
2017-07-21 03:19:36,078 INFO 35273 [egg-watcher:app] watcher start success
2017-07-21 03:19:36,078 INFO 35273 [egg-redis] instance[0] status OK, redis currentTime: #
2017-07-21 03:19:36,081 INFO 35273 [egg-mysql] instance[0] status OK, rds currentTime: Fri Jul 21 2017 03:19:36 GMT+0800 (CST)
2017-07-21 03:20:07,504 INFO 35302 [egg:logger] init all loggers with options: {"dir":"/Users/rick/Desktop/2017.8/ts-cms/server/logs/eggdemo","encoding":"utf8","env":"local","level":"INFO","consoleLevel":"INFO","disableConsoleAfterReady":false,"outputJSON":false,"buffer":true,"appLogName":"eggdemo-web.log","coreLogName":"egg-web.log","agentLogName":"egg-agent.log","errorLogName":"common-error.log","coreLogger":{"consoleLevel":"WARN"},"type":"application"}
2017-07-21 03:20:07,536 INFO 35302 [egg-schedule]: register schedule egg-schedule:/Users/rick/Desktop/2017.8/ts-cms/server/node_modules/.2.2.3@egg-logrotator/app/schedule/clean_log.js
2017-07-21 03:20:07,536 INFO 35302 [egg-schedule]: register schedule egg-schedule:/Users/rick/Desktop/2017.8/ts-cms/server/node_modules/.2.2.3@egg-logrotator/app/schedule/rotate_by_file.js
2017-07-21 03:20:07,546 INFO 35302 [egg-mysql] connecting root@127.0.0.1:3306/ts-cms
2017-07-21 03:20:07,711 INFO 35302 [egg-redis] connecting redis://:@127.0.0.1:6379/0
2017-07-21 03:20:07,754 INFO 35302 [egg-static] starting static serve /public/ -> /Users/rick/Desktop/2017.8/ts-cms/server/app/public
2017-07-21 03:20:07,756 INFO 35302 [egg-security] use csrf middleware
2017-07-21 03:20:07,757 INFO 35302 [egg-security] use methodnoallow middleware
2017-07-21 03:20:07,757 INFO 35302 [egg-security] use noopen middleware
2017-07-21 03:20:07,758 INFO 35302 [egg-security] use nosniff middleware
2017-07-21 03:20:07,758 INFO 35302 [egg-security] use xssProtection middleware
2017-07-21 03:20:07,758 INFO 35302 [egg-security] use xframe middleware
2017-07-21 03:20:07,759 INFO 35302 [egg-security] use dta middleware
2017-07-21 03:20:07,759 INFO 35302 [egg-security] compose 7 middlewares into one security middleware
2017-07-21 03:20:07,819 INFO 35302 [egg-redis] connect success on redis://:@127.0.0.1:6379/0
2017-07-21 03:20:07,839 INFO 35302 [egg-watcher:app] watcher start success
2017-07-21 03:20:07,839 INFO 35302 [egg-redis] instance[0] status OK, redis currentTime: #
2017-07-21 03:20:07,842 INFO 35302 [egg-mysql] instance[0] status OK, rds currentTime: Fri Jul 21 2017 03:20:07 GMT+0800 (CST)
2017-07-21 03:21:19,733 INFO 35373 [egg:logger] init all loggers with options: {"dir":"/Users/rick/Desktop/2017.8/ts-cms/server/logs/eggdemo","encoding":"utf8","env":"local","level":"INFO","consoleLevel":"INFO","disableConsoleAfterReady":false,"outputJSON":false,"buffer":true,"appLogName":"eggdemo-web.log","coreLogName":"egg-web.log","agentLogName":"egg-agent.log","errorLogName":"common-error.log","coreLogger":{"consoleLevel":"WARN"},"type":"application"}
2017-07-21 03:21:19,762 INFO 35373 [egg-schedule]: register schedule egg-schedule:/Users/rick/Desktop/2017.8/ts-cms/server/node_modules/.2.2.3@egg-logrotator/app/schedule/clean_log.js
2017-07-21 03:21:19,762 INFO 35373 [egg-schedule]: register schedule egg-schedule:/Users/rick/Desktop/2017.8/ts-cms/server/node_modules/.2.2.3@egg-logrotator/app/schedule/rotate_by_file.js
2017-07-21 03:21:19,776 INFO 35373 [egg-mysql] connecting root@127.0.0.1:3306/ts-cms
2017-07-21 03:21:19,979 INFO 35373 [egg-redis] connecting redis://:@127.0.0.1:6379/0
2017-07-21 03:21:20,039 INFO 35373 [egg-static] starting static serve /public/ -> /Users/rick/Desktop/2017.8/ts-cms/server/app/public
2017-07-21 03:21:20,042 INFO 35373 [egg-security] use csrf middleware
2017-07-21 03:21:20,043 INFO 35373 [egg-security] use methodnoallow middleware
2017-07-21 03:21:20,043 INFO 35373 [egg-security] use noopen middleware
2017-07-21 03:21:20,043 INFO 35373 [egg-security] use nosniff middleware
2017-07-21 03:21:20,044 INFO 35373 [egg-security] use xssProtection middleware
2017-07-21 03:21:20,044 INFO 35373 [egg-security] use xframe middleware
2017-07-21 03:21:20,044 INFO 35373 [egg-security] use dta middleware
2017-07-21 03:21:20,044 INFO 35373 [egg-security] compose 7 middlewares into one security middleware
2017-07-21 03:21:20,106 INFO 35373 [egg-redis] connect success on redis://:@127.0.0.1:6379/0
2017-07-21 03:21:20,121 INFO 35373 [egg-watcher:app] watcher start success
2017-07-21 03:21:20,123 INFO 35373 [egg-mysql] instance[0] status OK, rds currentTime: Fri Jul 21 2017 03:21:20 GMT+0800 (CST)
2017-07-21 03:21:20,123 INFO 35373 [egg-redis] instance[0] status OK, redis currentTime: #
2017-07-21 03:21:49,576 INFO 35398 [egg:logger] init all loggers with options: {"dir":"/Users/rick/Desktop/2017.8/ts-cms/server/logs/eggdemo","encoding":"utf8","env":"local","level":"INFO","consoleLevel":"INFO","disableConsoleAfterReady":false,"outputJSON":false,"buffer":true,"appLogName":"eggdemo-web.log","coreLogName":"egg-web.log","agentLogName":"egg-agent.log","errorLogName":"common-error.log","coreLogger":{"consoleLevel":"WARN"},"type":"application"}
2017-07-21 03:21:49,619 INFO 35398 [egg-schedule]: register schedule egg-schedule:/Users/rick/Desktop/2017.8/ts-cms/server/node_modules/.2.2.3@egg-logrotator/app/schedule/clean_log.js
2017-07-21 03:21:49,620 INFO 35398 [egg-schedule]: register schedule egg-schedule:/Users/rick/Desktop/2017.8/ts-cms/server/node_modules/.2.2.3@egg-logrotator/app/schedule/rotate_by_file.js
2017-07-21 03:21:49,636 INFO 35398 [egg-mysql] connecting root@127.0.0.1:3306/ts-cms
2017-07-21 03:21:49,887 INFO 35398 [egg-redis] connecting redis://:@127.0.0.1:6379/0
2017-07-21 03:21:49,975 INFO 35398 [egg-static] starting static serve /public/ -> /Users/rick/Desktop/2017.8/ts-cms/server/app/public
2017-07-21 03:21:49,979 INFO 35398 [egg-security] use csrf middleware
2017-07-21 03:21:49,980 INFO 35398 [egg-security] use methodnoallow middleware
2017-07-21 03:21:49,981 INFO 35398 [egg-security] use noopen middleware
2017-07-21 03:21:49,981 INFO 35398 [egg-security] use nosniff middleware
2017-07-21 03:21:49,982 INFO 35398 [egg-security] use xssProtection middleware
2017-07-21 03:21:49,983 INFO 35398 [egg-security] use xframe middleware
2017-07-21 03:21:49,983 INFO 35398 [egg-security] use dta middleware
2017-07-21 03:21:49,983 INFO 35398 [egg-security] compose 7 middlewares into one security middleware
2017-07-21 03:21:50,056 INFO 35398 [egg-redis] connect success on redis://:@127.0.0.1:6379/0
2017-07-21 03:21:50,071 INFO 35398 [egg-watcher:app] watcher start success
2017-07-21 03:21:50,071 INFO 35398 [egg-redis] instance[0] status OK, redis currentTime: #
2017-07-21 03:21:50,073 INFO 35398 [egg-mysql] instance[0] status OK, rds currentTime: Fri Jul 21 2017 03:21:50 GMT+0800 (CST)
2017-07-21 03:22:01,255 INFO 35414 [egg:logger] init all loggers with options: {"dir":"/Users/rick/Desktop/2017.8/ts-cms/server/logs/eggdemo","encoding":"utf8","env":"local","level":"INFO","consoleLevel":"INFO","disableConsoleAfterReady":false,"outputJSON":false,"buffer":true,"appLogName":"eggdemo-web.log","coreLogName":"egg-web.log","agentLogName":"egg-agent.log","errorLogName":"common-error.log","coreLogger":{"consoleLevel":"WARN"},"type":"application"}
2017-07-21 03:22:01,283 INFO 35414 [egg-schedule]: register schedule egg-schedule:/Users/rick/Desktop/2017.8/ts-cms/server/node_modules/.2.2.3@egg-logrotator/app/schedule/clean_log.js
2017-07-21 03:22:01,283 INFO 35414 [egg-schedule]: register schedule egg-schedule:/Users/rick/Desktop/2017.8/ts-cms/server/node_modules/.2.2.3@egg-logrotator/app/schedule/rotate_by_file.js
2017-07-21 03:22:01,294 INFO 35414 [egg-mysql] connecting root@127.0.0.1:3306/ts-cms
2017-07-21 03:22:01,462 INFO 35414 [egg-redis] connecting redis://:@127.0.0.1:6379/0
2017-07-21 03:22:01,507 INFO 35414 [egg-static] starting static serve /public/ -> /Users/rick/Desktop/2017.8/ts-cms/server/app/public
2017-07-21 03:22:01,510 INFO 35414 [egg-security] use csrf middleware
2017-07-21 03:22:01,511 INFO 35414 [egg-security] use methodnoallow middleware
2017-07-21 03:22:01,511 INFO 35414 [egg-security] use noopen middleware
2017-07-21 03:22:01,511 INFO 35414 [egg-security] use nosniff middleware
2017-07-21 03:22:01,512 INFO 35414 [egg-security] use xssProtection middleware
2017-07-21 03:22:01,512 INFO 35414 [egg-security] use xframe middleware
2017-07-21 03:22:01,512 INFO 35414 [egg-security] use dta middleware
2017-07-21 03:22:01,512 INFO 35414 [egg-security] compose 7 middlewares into one security middleware
2017-07-21 03:22:01,566 INFO 35414 [egg-redis] connect success on redis://:@127.0.0.1:6379/0
2017-07-21 03:22:01,580 INFO 35414 [egg-watcher:app] watcher start success
2017-07-21 03:22:01,583 INFO 35414 [egg-mysql] instance[0] status OK, rds currentTime: Fri Jul 21 2017 03:22:01 GMT+0800 (CST)
2017-07-21 03:22:01,584 INFO 35414 [egg-redis] instance[0] status OK, redis currentTime: #
2017-07-21 03:23:37,265 INFO 35515 [egg:logger] init all loggers with options: {"dir":"/Users/rick/Desktop/2017.8/ts-cms/server/logs/eggdemo","encoding":"utf8","env":"local","level":"INFO","consoleLevel":"INFO","disableConsoleAfterReady":false,"outputJSON":false,"buffer":true,"appLogName":"eggdemo-web.log","coreLogName":"egg-web.log","agentLogName":"egg-agent.log","errorLogName":"common-error.log","coreLogger":{"consoleLevel":"WARN"},"type":"application"}
2017-07-21 03:23:37,426 INFO 35515 [egg-schedule]: register schedule egg-schedule:/Users/rick/Desktop/2017.8/ts-cms/server/node_modules/.2.2.3@egg-logrotator/app/schedule/clean_log.js
2017-07-21 03:23:37,427 INFO 35515 [egg-schedule]: register schedule egg-schedule:/Users/rick/Desktop/2017.8/ts-cms/server/node_modules/.2.2.3@egg-logrotator/app/schedule/rotate_by_file.js
2017-07-21 03:23:37,445 INFO 35515 [egg-mysql] connecting root@127.0.0.1:3306/ts-cms
2017-07-21 03:23:37,750 INFO 35515 [egg-redis] connecting redis://:@127.0.0.1:6379/0
2017-07-21 03:23:37,869 INFO 35515 [egg-static] starting static serve /public/ -> /Users/rick/Desktop/2017.8/ts-cms/server/app/public
2017-07-21 03:23:37,876 INFO 35515 [egg-security] use csrf middleware
2017-07-21 03:23:37,877 INFO 35515 [egg-security] use methodnoallow middleware
2017-07-21 03:23:37,878 INFO 35515 [egg-security] use noopen middleware
2017-07-21 03:23:37,879 INFO 35515 [egg-security] use nosniff middleware
2017-07-21 03:23:37,880 INFO 35515 [egg-security] use xssProtection middleware
2017-07-21 03:23:37,881 INFO 35515 [egg-security] use xframe middleware
2017-07-21 03:23:37,882 INFO 35515 [egg-security] use dta middleware
2017-07-21 03:23:37,883 INFO 35515 [egg-security] compose 7 middlewares into one security middleware
2017-07-21 03:23:37,990 INFO 35515 [egg-redis] connect success on redis://:@127.0.0.1:6379/0
2017-07-21 03:23:38,012 INFO 35515 [egg-watcher:app] watcher start success
2017-07-21 03:23:38,013 INFO 35515 [egg-redis] instance[0] status OK, redis currentTime: #
2017-07-21 03:23:38,018 INFO 35515 [egg-mysql] instance[0] status OK, rds currentTime: Fri Jul 21 2017 03:23:38 GMT+0800 (CST)
2017-07-21 03:24:31,111 INFO 35569 [egg:logger] init all loggers with options: {"dir":"/Users/rick/Desktop/2017.8/ts-cms/server/logs/eggdemo","encoding":"utf8","env":"local","level":"INFO","consoleLevel":"INFO","disableConsoleAfterReady":false,"outputJSON":false,"buffer":true,"appLogName":"eggdemo-web.log","coreLogName":"egg-web.log","agentLogName":"egg-agent.log","errorLogName":"common-error.log","coreLogger":{"consoleLevel":"WARN"},"type":"application"}
2017-07-21 03:24:31,166 INFO 35569 [egg-schedule]: register schedule egg-schedule:/Users/rick/Desktop/2017.8/ts-cms/server/node_modules/.2.2.3@egg-logrotator/app/schedule/clean_log.js
2017-07-21 03:24:31,166 INFO 35569 [egg-schedule]: register schedule egg-schedule:/Users/rick/Desktop/2017.8/ts-cms/server/node_modules/.2.2.3@egg-logrotator/app/schedule/rotate_by_file.js
2017-07-21 03:24:31,183 INFO 35569 [egg-mysql] connecting root@127.0.0.1:3306/ts-cms
2017-07-21 03:24:31,377 INFO 35569 [egg-redis] connecting redis://:@127.0.0.1:6379/0
2017-07-21 03:24:31,441 INFO 35569 [egg-static] starting static serve /public/ -> /Users/rick/Desktop/2017.8/ts-cms/server/app/public
2017-07-21 03:24:31,446 INFO 35569 [egg-security] use csrf middleware
2017-07-21 03:24:31,447 INFO 35569 [egg-security] use methodnoallow middleware
2017-07-21 03:24:31,448 INFO 35569 [egg-security] use noopen middleware
2017-07-21 03:24:31,448 INFO 35569 [egg-security] use nosniff middleware
2017-07-21 03:24:31,448 INFO 35569 [egg-security] use xssProtection middleware
2017-07-21 03:24:31,449 INFO 35569 [egg-security] use xframe middleware
2017-07-21 03:24:31,449 INFO 35569 [egg-security] use dta middleware
2017-07-21 03:24:31,449 INFO 35569 [egg-security] compose 7 middlewares into one security middleware
2017-07-21 03:24:31,505 INFO 35569 [egg-redis] connect success on redis://:@127.0.0.1:6379/0
2017-07-21 03:24:31,520 INFO 35569 [egg-watcher:app] watcher start success
2017-07-21 03:24:31,520 INFO 35569 [egg-redis] instance[0] status OK, redis currentTime: #
2017-07-21 03:24:31,523 INFO 35569 [egg-mysql] instance[0] status OK, rds currentTime: Fri Jul 21 2017 03:24:31 GMT+0800 (CST)
2017-07-21 03:24:37,866 INFO 35575 [egg:logger] init all loggers with options: {"dir":"/Users/rick/Desktop/2017.8/ts-cms/server/logs/eggdemo","encoding":"utf8","env":"local","level":"INFO","consoleLevel":"INFO","disableConsoleAfterReady":false,"outputJSON":false,"buffer":true,"appLogName":"eggdemo-web.log","coreLogName":"egg-web.log","agentLogName":"egg-agent.log","errorLogName":"common-error.log","coreLogger":{"consoleLevel":"WARN"},"type":"application"}
2017-07-21 03:24:37,901 INFO 35575 [egg-schedule]: register schedule egg-schedule:/Users/rick/Desktop/2017.8/ts-cms/server/node_modules/.2.2.3@egg-logrotator/app/schedule/clean_log.js
2017-07-21 03:24:37,901 INFO 35575 [egg-schedule]: register schedule egg-schedule:/Users/rick/Desktop/2017.8/ts-cms/server/node_modules/.2.2.3@egg-logrotator/app/schedule/rotate_by_file.js
2017-07-21 03:24:37,914 INFO 35575 [egg-mysql] connecting root@127.0.0.1:3306/ts-cms
2017-07-21 03:24:38,130 INFO 35575 [egg-redis] connecting redis://:@127.0.0.1:6379/0
2017-07-21 03:24:38,191 INFO 35575 [egg-static] starting static serve /public/ -> /Users/rick/Desktop/2017.8/ts-cms/server/app/public
2017-07-21 03:24:38,194 INFO 35575 [egg-security] use csrf middleware
2017-07-21 03:24:38,195 INFO 35575 [egg-security] use methodnoallow middleware
2017-07-21 03:24:38,196 INFO 35575 [egg-security] use noopen middleware
2017-07-21 03:24:38,196 INFO 35575 [egg-security] use nosniff middleware
2017-07-21 03:24:38,197 INFO 35575 [egg-security] use xssProtection middleware
2017-07-21 03:24:38,197 INFO 35575 [egg-security] use xframe middleware
2017-07-21 03:24:38,198 INFO 35575 [egg-security] use dta middleware
2017-07-21 03:24:38,198 INFO 35575 [egg-security] compose 7 middlewares into one security middleware
2017-07-21 03:24:38,274 INFO 35575 [egg-redis] connect success on redis://:@127.0.0.1:6379/0
2017-07-21 03:24:38,305 INFO 35575 [egg-watcher:app] watcher start success
2017-07-21 03:24:38,306 INFO 35575 [egg-redis] instance[0] status OK, redis currentTime: #
2017-07-21 03:24:38,314 INFO 35575 [egg-mysql] instance[0] status OK, rds currentTime: Fri Jul 21 2017 03:24:38 GMT+0800 (CST)
2017-07-21 05:47:18,924 WARN 35575 [ClusterClient:Watcher] follower closed, and try to init it again
2017-07-21 06:48:13,524 WARN 35575 [ClusterClient:Watcher] follower closed, and try to init it again
2017-07-21 07:48:48,538 WARN 35575 [ClusterClient:Watcher] follower closed, and try to init it again
2017-07-21 08:50:43,482 WARN 35575 [ClusterClient:Watcher] follower closed, and try to init it again
2017-07-21 09:51:18,000 WARN 35575 [ClusterClient:Watcher] follower closed, and try to init it again
2017-07-21 10:52:12,518 WARN 35575 [ClusterClient:Watcher] follower closed, and try to init it again
2017-07-21 11:52:47,132 WARN 35575 [ClusterClient:Watcher] follower closed, and try to init it again
2017-07-21 13:54:36,304 WARN 35575 [ClusterClient:Watcher] follower closed, and try to init it again
2017-07-21 14:55:30,846 WARN 35575 [ClusterClient:Watcher] follower closed, and try to init it again
2017-07-21 15:56:05,695 WARN 35575 [ClusterClient:Watcher] follower closed, and try to init it again
2017-07-21 17:44:20,208 WARN 35575 [ClusterClient:Watcher] follower closed, and try to init it again
2017-07-21 19:32:14,715 WARN 35575 [ClusterClient:Watcher] follower closed, and try to init it again
2017-07-21 21:20:30,250 WARN 35575 [ClusterClient:Watcher] follower closed, and try to init it again
2017-07-21 22:50:10,009 WARN 35575 [TCPBase] socket is closed by other side while there were still unhandled data in the socket buffer
2017-07-21 22:50:10,009 WARN 35575 [ClusterClient:Watcher] follower closed, and try to init it again
