2017-07-15 19:28:39,392 INFO 5995 [egg-logrotator] app logger reload: got log-reload message
2017-07-16 01:17:46,176 INFO 24904 [egg:logger] init all loggers with options: {"dir":"/Users/rick/Desktop/2017.8/ts-cms/src/egg-server/logs/eggdemo","encoding":"utf8","env":"local","level":"INFO","consoleLevel":"INFO","disableConsoleAfterReady":false,"outputJSON":false,"buffer":true,"appLogName":"eggdemo-web.log","coreLogName":"egg-web.log","agentLogName":"egg-agent.log","errorLogName":"common-error.log","coreLogger":{"consoleLevel":"WARN"},"type":"application"}
2017-07-16 01:17:46,217 INFO 24904 [egg-schedule]: register schedule egg-schedule:/Users/rick/Desktop/2017.8/ts-cms/src/egg-server/node_modules/.2.2.3@egg-logrotator/app/schedule/clean_log.js
2017-07-16 01:17:46,217 INFO 24904 [egg-schedule]: register schedule egg-schedule:/Users/rick/Desktop/2017.8/ts-cms/src/egg-server/node_modules/.2.2.3@egg-logrotator/app/schedule/rotate_by_file.js
2017-07-16 01:17:46,230 INFO 24904 [egg-mysql] connecting root@127.0.0.1:3306/ts-cms
2017-07-16 01:17:46,523 INFO 24904 [egg-static] starting static serve /public/ -> /Users/rick/Desktop/2017.8/ts-cms/src/egg-server/app/public
2017-07-16 01:17:46,526 INFO 24904 [egg-security] use csrf middleware
2017-07-16 01:17:46,527 INFO 24904 [egg-security] use methodnoallow middleware
2017-07-16 01:17:46,528 INFO 24904 [egg-security] use noopen middleware
2017-07-16 01:17:46,528 INFO 24904 [egg-security] use nosniff middleware
2017-07-16 01:17:46,529 INFO 24904 [egg-security] use xssProtection middleware
2017-07-16 01:17:46,530 INFO 24904 [egg-security] use xframe middleware
2017-07-16 01:17:46,530 INFO 24904 [egg-security] use dta middleware
2017-07-16 01:17:46,530 INFO 24904 [egg-security] compose 7 middlewares into one security middleware
2017-07-16 01:17:46,598 INFO 24904 [egg-watcher:app] watcher start success
2017-07-16 01:17:46,609 INFO 24904 [egg-mysql] instance[0] status OK, rds currentTime: Sun Jul 16 2017 01:17:46 GMT+0800 (CST)
2017-07-16 01:27:21,006 INFO 25391 [egg:logger] init all loggers with options: {"dir":"/Users/rick/Desktop/2017.8/ts-cms/src/egg-server/logs/eggdemo","encoding":"utf8","env":"local","level":"INFO","consoleLevel":"INFO","disableConsoleAfterReady":false,"outputJSON":false,"buffer":true,"appLogName":"eggdemo-web.log","coreLogName":"egg-web.log","agentLogName":"egg-agent.log","errorLogName":"common-error.log","coreLogger":{"consoleLevel":"WARN"},"type":"application"}
2017-07-16 01:27:21,052 INFO 25391 [egg-schedule]: register schedule egg-schedule:/Users/rick/Desktop/2017.8/ts-cms/src/egg-server/node_modules/.2.2.3@egg-logrotator/app/schedule/clean_log.js
2017-07-16 01:27:21,052 INFO 25391 [egg-schedule]: register schedule egg-schedule:/Users/rick/Desktop/2017.8/ts-cms/src/egg-server/node_modules/.2.2.3@egg-logrotator/app/schedule/rotate_by_file.js
2017-07-16 01:27:21,074 INFO 25391 [egg-mysql] connecting root@127.0.0.1:3306/ts-cms
2017-07-16 01:27:21,393 INFO 25391 [egg-static] starting static serve /public/ -> /Users/rick/Desktop/2017.8/ts-cms/src/egg-server/app/public
2017-07-16 01:27:21,397 INFO 25391 [egg-security] use csrf middleware
2017-07-16 01:27:21,399 INFO 25391 [egg-security] use methodnoallow middleware
2017-07-16 01:27:21,400 INFO 25391 [egg-security] use noopen middleware
2017-07-16 01:27:21,401 INFO 25391 [egg-security] use nosniff middleware
2017-07-16 01:27:21,402 INFO 25391 [egg-security] use xssProtection middleware
2017-07-16 01:27:21,403 INFO 25391 [egg-security] use xframe middleware
2017-07-16 01:27:21,404 INFO 25391 [egg-security] use dta middleware
2017-07-16 01:27:21,404 INFO 25391 [egg-security] compose 7 middlewares into one security middleware
2017-07-16 01:27:21,493 INFO 25391 [egg-watcher:app] watcher start success
2017-07-16 01:27:21,496 INFO 25391 [egg-mysql] instance[0] status OK, rds currentTime: Sun Jul 16 2017 01:27:21 GMT+0800 (CST)
2017-07-16 01:32:48,406 INFO 25720 [egg:logger] init all loggers with options: {"dir":"/Users/rick/Desktop/2017.8/ts-cms/src/egg-server/logs/eggdemo","encoding":"utf8","env":"local","level":"INFO","consoleLevel":"INFO","disableConsoleAfterReady":false,"outputJSON":false,"buffer":true,"appLogName":"eggdemo-web.log","coreLogName":"egg-web.log","agentLogName":"egg-agent.log","errorLogName":"common-error.log","coreLogger":{"consoleLevel":"WARN"},"type":"application"}
2017-07-16 01:32:48,443 INFO 25720 [egg-schedule]: register schedule egg-schedule:/Users/rick/Desktop/2017.8/ts-cms/src/egg-server/node_modules/.2.2.3@egg-logrotator/app/schedule/clean_log.js
2017-07-16 01:32:48,443 INFO 25720 [egg-schedule]: register schedule egg-schedule:/Users/rick/Desktop/2017.8/ts-cms/src/egg-server/node_modules/.2.2.3@egg-logrotator/app/schedule/rotate_by_file.js
2017-07-16 01:32:48,458 INFO 25720 [egg-mysql] connecting root@127.0.0.1:3306/ts-cms
2017-07-16 01:32:48,757 INFO 25720 [egg-static] starting static serve /public/ -> /Users/rick/Desktop/2017.8/ts-cms/src/egg-server/app/public
2017-07-16 01:32:48,761 INFO 25720 [egg-security] use csrf middleware
2017-07-16 01:32:48,763 INFO 25720 [egg-security] use methodnoallow middleware
2017-07-16 01:32:48,764 INFO 25720 [egg-security] use noopen middleware
2017-07-16 01:32:48,765 INFO 25720 [egg-security] use nosniff middleware
2017-07-16 01:32:48,766 INFO 25720 [egg-security] use xssProtection middleware
2017-07-16 01:32:48,766 INFO 25720 [egg-security] use xframe middleware
2017-07-16 01:32:48,767 INFO 25720 [egg-security] use dta middleware
2017-07-16 01:32:48,767 INFO 25720 [egg-security] compose 7 middlewares into one security middleware
2017-07-16 01:32:48,860 INFO 25720 [egg-watcher:app] watcher start success
2017-07-16 01:32:48,864 INFO 25720 [egg-mysql] instance[0] status OK, rds currentTime: Sun Jul 16 2017 01:32:48 GMT+0800 (CST)
2017-07-16 01:38:52,632 INFO 26082 [egg:logger] init all loggers with options: {"dir":"/Users/rick/Desktop/2017.8/ts-cms/src/egg-server/logs/eggdemo","encoding":"utf8","env":"local","level":"INFO","consoleLevel":"INFO","disableConsoleAfterReady":false,"outputJSON":false,"buffer":true,"appLogName":"eggdemo-web.log","coreLogName":"egg-web.log","agentLogName":"egg-agent.log","errorLogName":"common-error.log","coreLogger":{"consoleLevel":"WARN"},"type":"application"}
2017-07-16 01:38:52,665 INFO 26082 [egg-schedule]: register schedule egg-schedule:/Users/rick/Desktop/2017.8/ts-cms/src/egg-server/node_modules/.2.2.3@egg-logrotator/app/schedule/clean_log.js
2017-07-16 01:38:52,666 INFO 26082 [egg-schedule]: register schedule egg-schedule:/Users/rick/Desktop/2017.8/ts-cms/src/egg-server/node_modules/.2.2.3@egg-logrotator/app/schedule/rotate_by_file.js
2017-07-16 01:38:52,677 INFO 26082 [egg-mysql] connecting root@127.0.0.1:3306/ts-cms
2017-07-16 01:38:52,900 INFO 26082 [egg-static] starting static serve /public/ -> /Users/rick/Desktop/2017.8/ts-cms/src/egg-server/app/public
2017-07-16 01:38:52,903 INFO 26082 [egg-security] use csrf middleware
2017-07-16 01:38:52,903 INFO 26082 [egg-security] use methodnoallow middleware
2017-07-16 01:38:52,904 INFO 26082 [egg-security] use noopen middleware
2017-07-16 01:38:52,904 INFO 26082 [egg-security] use nosniff middleware
2017-07-16 01:38:52,904 INFO 26082 [egg-security] use xssProtection middleware
2017-07-16 01:38:52,905 INFO 26082 [egg-security] use xframe middleware
2017-07-16 01:38:52,905 INFO 26082 [egg-security] use dta middleware
2017-07-16 01:38:52,905 INFO 26082 [egg-security] compose 7 middlewares into one security middleware
2017-07-16 01:38:52,970 INFO 26082 [egg-watcher:app] watcher start success
2017-07-16 01:38:52,972 INFO 26082 [egg-mysql] instance[0] status OK, rds currentTime: Sun Jul 16 2017 01:38:52 GMT+0800 (CST)
2017-07-16 01:42:58,677 INFO 26318 [egg:logger] init all loggers with options: {"dir":"/Users/rick/Desktop/2017.8/ts-cms/src/egg-server/logs/eggdemo","encoding":"utf8","env":"local","level":"INFO","consoleLevel":"INFO","disableConsoleAfterReady":false,"outputJSON":false,"buffer":true,"appLogName":"eggdemo-web.log","coreLogName":"egg-web.log","agentLogName":"egg-agent.log","errorLogName":"common-error.log","coreLogger":{"consoleLevel":"WARN"},"type":"application"}
2017-07-16 01:42:58,717 INFO 26318 [egg-schedule]: register schedule egg-schedule:/Users/rick/Desktop/2017.8/ts-cms/src/egg-server/node_modules/.2.2.3@egg-logrotator/app/schedule/clean_log.js
2017-07-16 01:42:58,717 INFO 26318 [egg-schedule]: register schedule egg-schedule:/Users/rick/Desktop/2017.8/ts-cms/src/egg-server/node_modules/.2.2.3@egg-logrotator/app/schedule/rotate_by_file.js
2017-07-16 01:42:58,731 INFO 26318 [egg-mysql] connecting root@127.0.0.1:3306/ts-cms
2017-07-16 01:42:59,023 INFO 26318 [egg-static] starting static serve /public/ -> /Users/rick/Desktop/2017.8/ts-cms/src/egg-server/app/public
2017-07-16 01:42:59,026 INFO 26318 [egg-security] use csrf middleware
2017-07-16 01:42:59,027 INFO 26318 [egg-security] use methodnoallow middleware
2017-07-16 01:42:59,028 INFO 26318 [egg-security] use noopen middleware
2017-07-16 01:42:59,029 INFO 26318 [egg-security] use nosniff middleware
2017-07-16 01:42:59,029 INFO 26318 [egg-security] use xssProtection middleware
2017-07-16 01:42:59,030 INFO 26318 [egg-security] use xframe middleware
2017-07-16 01:42:59,030 INFO 26318 [egg-security] use dta middleware
2017-07-16 01:42:59,030 INFO 26318 [egg-security] compose 7 middlewares into one security middleware
2017-07-16 01:42:59,104 INFO 26318 [egg-mysql] instance[0] status OK, rds currentTime: Sun Jul 16 2017 01:42:59 GMT+0800 (CST)
2017-07-16 01:42:59,144 INFO 26318 [egg-watcher:app] watcher start success
2017-07-16 01:44:06,122 INFO 26412 [egg:logger] init all loggers with options: {"dir":"/Users/rick/Desktop/2017.8/ts-cms/src/egg-server/logs/eggdemo","encoding":"utf8","env":"local","level":"INFO","consoleLevel":"INFO","disableConsoleAfterReady":false,"outputJSON":false,"buffer":true,"appLogName":"eggdemo-web.log","coreLogName":"egg-web.log","agentLogName":"egg-agent.log","errorLogName":"common-error.log","coreLogger":{"consoleLevel":"WARN"},"type":"application"}
2017-07-16 01:44:06,151 INFO 26412 [egg-schedule]: register schedule egg-schedule:/Users/rick/Desktop/2017.8/ts-cms/src/egg-server/node_modules/.2.2.3@egg-logrotator/app/schedule/clean_log.js
2017-07-16 01:44:06,151 INFO 26412 [egg-schedule]: register schedule egg-schedule:/Users/rick/Desktop/2017.8/ts-cms/src/egg-server/node_modules/.2.2.3@egg-logrotator/app/schedule/rotate_by_file.js
2017-07-16 01:44:06,160 INFO 26412 [egg-mysql] connecting root@127.0.0.1:3306/ts-cms
2017-07-16 01:44:06,364 INFO 26412 [egg-static] starting static serve /public/ -> /Users/rick/Desktop/2017.8/ts-cms/src/egg-server/app/public
2017-07-16 01:44:06,366 INFO 26412 [egg-security] use csrf middleware
2017-07-16 01:44:06,367 INFO 26412 [egg-security] use methodnoallow middleware
2017-07-16 01:44:06,367 INFO 26412 [egg-security] use noopen middleware
2017-07-16 01:44:06,368 INFO 26412 [egg-security] use nosniff middleware
2017-07-16 01:44:06,368 INFO 26412 [egg-security] use xssProtection middleware
2017-07-16 01:44:06,368 INFO 26412 [egg-security] use xframe middleware
2017-07-16 01:44:06,369 INFO 26412 [egg-security] use dta middleware
2017-07-16 01:44:06,369 INFO 26412 [egg-security] compose 7 middlewares into one security middleware
2017-07-16 01:44:06,434 INFO 26412 [egg-mysql] instance[0] status OK, rds currentTime: Sun Jul 16 2017 01:44:06 GMT+0800 (CST)
2017-07-16 01:44:06,463 INFO 26412 [egg-watcher:app] watcher start success
2017-07-16 01:44:42,312 INFO 26469 [egg:logger] init all loggers with options: {"dir":"/Users/rick/Desktop/2017.8/ts-cms/src/egg-server/logs/eggdemo","encoding":"utf8","env":"local","level":"INFO","consoleLevel":"INFO","disableConsoleAfterReady":false,"outputJSON":false,"buffer":true,"appLogName":"eggdemo-web.log","coreLogName":"egg-web.log","agentLogName":"egg-agent.log","errorLogName":"common-error.log","coreLogger":{"consoleLevel":"WARN"},"type":"application"}
2017-07-16 01:44:42,341 INFO 26469 [egg-schedule]: register schedule egg-schedule:/Users/rick/Desktop/2017.8/ts-cms/src/egg-server/node_modules/.2.2.3@egg-logrotator/app/schedule/clean_log.js
2017-07-16 01:44:42,341 INFO 26469 [egg-schedule]: register schedule egg-schedule:/Users/rick/Desktop/2017.8/ts-cms/src/egg-server/node_modules/.2.2.3@egg-logrotator/app/schedule/rotate_by_file.js
2017-07-16 01:44:42,352 INFO 26469 [egg-mysql] connecting root@127.0.0.1:3306/ts-cms
2017-07-16 01:44:42,606 INFO 26469 [egg-static] starting static serve /public/ -> /Users/rick/Desktop/2017.8/ts-cms/src/egg-server/app/public
2017-07-16 01:44:42,609 INFO 26469 [egg-security] use csrf middleware
2017-07-16 01:44:42,610 INFO 26469 [egg-security] use methodnoallow middleware
2017-07-16 01:44:42,610 INFO 26469 [egg-security] use noopen middleware
2017-07-16 01:44:42,611 INFO 26469 [egg-security] use nosniff middleware
2017-07-16 01:44:42,611 INFO 26469 [egg-security] use xssProtection middleware
2017-07-16 01:44:42,612 INFO 26469 [egg-security] use xframe middleware
2017-07-16 01:44:42,612 INFO 26469 [egg-security] use dta middleware
2017-07-16 01:44:42,612 INFO 26469 [egg-security] compose 7 middlewares into one security middleware
2017-07-16 01:44:42,679 INFO 26469 [egg-watcher:app] watcher start success
2017-07-16 01:44:42,681 INFO 26469 [egg-mysql] instance[0] status OK, rds currentTime: Sun Jul 16 2017 01:44:42 GMT+0800 (CST)
2017-07-16 01:46:53,434 INFO 26584 [egg:logger] init all loggers with options: {"dir":"/Users/rick/Desktop/2017.8/ts-cms/src/egg-server/logs/eggdemo","encoding":"utf8","env":"local","level":"INFO","consoleLevel":"INFO","disableConsoleAfterReady":false,"outputJSON":false,"buffer":true,"appLogName":"eggdemo-web.log","coreLogName":"egg-web.log","agentLogName":"egg-agent.log","errorLogName":"common-error.log","coreLogger":{"consoleLevel":"WARN"},"type":"application"}
2017-07-16 01:46:53,484 INFO 26584 [egg-schedule]: register schedule egg-schedule:/Users/rick/Desktop/2017.8/ts-cms/src/egg-server/node_modules/.2.2.3@egg-logrotator/app/schedule/clean_log.js
2017-07-16 01:46:53,484 INFO 26584 [egg-schedule]: register schedule egg-schedule:/Users/rick/Desktop/2017.8/ts-cms/src/egg-server/node_modules/.2.2.3@egg-logrotator/app/schedule/rotate_by_file.js
2017-07-16 01:46:53,508 INFO 26584 [egg-mysql] connecting root@127.0.0.1:3306/ts-cms
2017-07-16 01:46:53,743 INFO 26584 [egg-redis] connecting redis://:@127.0.0.1:6379/0
2017-07-16 01:46:53,826 INFO 26584 [egg-static] starting static serve /public/ -> /Users/rick/Desktop/2017.8/ts-cms/src/egg-server/app/public
2017-07-16 01:46:53,829 INFO 26584 [egg-security] use csrf middleware
2017-07-16 01:46:53,830 INFO 26584 [egg-security] use methodnoallow middleware
2017-07-16 01:46:53,831 INFO 26584 [egg-security] use noopen middleware
2017-07-16 01:46:53,831 INFO 26584 [egg-security] use nosniff middleware
2017-07-16 01:46:53,832 INFO 26584 [egg-security] use xssProtection middleware
2017-07-16 01:46:53,832 INFO 26584 [egg-security] use xframe middleware
2017-07-16 01:46:53,833 INFO 26584 [egg-security] use dta middleware
2017-07-16 01:46:53,833 INFO 26584 [egg-security] compose 7 middlewares into one security middleware
2017-07-16 01:46:53,890 INFO 26584 [egg-redis] connect success on redis://:@127.0.0.1:6379/0
2017-07-16 01:46:53,907 INFO 26584 [egg-watcher:app] watcher start success
2017-07-16 01:46:53,910 INFO 26584 [egg-mysql] instance[0] status OK, rds currentTime: Sun Jul 16 2017 01:46:53 GMT+0800 (CST)
2017-07-16 01:46:53,911 INFO 26584 [egg-redis] instance[0] status OK, redis currentTime: #
2017-07-16 02:01:56,975 INFO 26584 [egg-redis] connect success on redis://:@127.0.0.1:6379/0
2017-07-16 02:05:38,076 INFO 27979 [egg:logger] init all loggers with options: {"dir":"/Users/rick/Desktop/2017.8/ts-cms/src/egg-server/logs/eggdemo","encoding":"utf8","env":"local","level":"INFO","consoleLevel":"INFO","disableConsoleAfterReady":false,"outputJSON":false,"buffer":true,"appLogName":"eggdemo-web.log","coreLogName":"egg-web.log","agentLogName":"egg-agent.log","errorLogName":"common-error.log","coreLogger":{"consoleLevel":"WARN"},"type":"application"}
2017-07-16 02:05:38,114 INFO 27979 [egg-schedule]: register schedule egg-schedule:/Users/rick/Desktop/2017.8/ts-cms/src/egg-server/node_modules/.2.2.3@egg-logrotator/app/schedule/clean_log.js
2017-07-16 02:05:38,114 INFO 27979 [egg-schedule]: register schedule egg-schedule:/Users/rick/Desktop/2017.8/ts-cms/src/egg-server/node_modules/.2.2.3@egg-logrotator/app/schedule/rotate_by_file.js
2017-07-16 02:05:38,130 INFO 27979 [egg-mysql] connecting root@127.0.0.1:3306/ts-cms
2017-07-16 02:05:38,329 INFO 27979 [egg-redis] connecting redis://:@127.0.0.1:6379/0
2017-07-16 02:05:38,411 INFO 27979 [egg-static] starting static serve /public/ -> /Users/rick/Desktop/2017.8/ts-cms/src/egg-server/app/public
2017-07-16 02:05:38,414 INFO 27979 [egg-security] use csrf middleware
2017-07-16 02:05:38,415 INFO 27979 [egg-security] use methodnoallow middleware
2017-07-16 02:05:38,416 INFO 27979 [egg-security] use noopen middleware
2017-07-16 02:05:38,417 INFO 27979 [egg-security] use nosniff middleware
2017-07-16 02:05:38,417 INFO 27979 [egg-security] use xssProtection middleware
2017-07-16 02:05:38,418 INFO 27979 [egg-security] use xframe middleware
2017-07-16 02:05:38,419 INFO 27979 [egg-security] use dta middleware
2017-07-16 02:05:38,419 INFO 27979 [egg-security] compose 7 middlewares into one security middleware
2017-07-16 02:05:38,479 INFO 27979 [egg-redis] connect success on redis://:@127.0.0.1:6379/0
2017-07-16 02:05:38,494 INFO 27979 [egg-watcher:app] watcher start success
2017-07-16 02:05:38,494 INFO 27979 [egg-redis] instance[0] status OK, redis currentTime: #
2017-07-16 02:05:38,497 INFO 27979 [egg-mysql] instance[0] status OK, rds currentTime: Sun Jul 16 2017 02:05:38 GMT+0800 (CST)
2017-07-16 16:16:57,556 INFO 35690 [egg:logger] init all loggers with options: {"dir":"/Users/rick/Desktop/2017.8/ts-cms/src/egg-server/logs/eggdemo","encoding":"utf8","env":"local","level":"INFO","consoleLevel":"INFO","disableConsoleAfterReady":false,"outputJSON":false,"buffer":true,"appLogName":"eggdemo-web.log","coreLogName":"egg-web.log","agentLogName":"egg-agent.log","errorLogName":"common-error.log","coreLogger":{"consoleLevel":"WARN"},"type":"application"}
2017-07-16 16:16:57,684 INFO 35690 [egg-schedule]: register schedule egg-schedule:/Users/rick/Desktop/2017.8/ts-cms/src/egg-server/node_modules/.2.2.3@egg-logrotator/app/schedule/clean_log.js
2017-07-16 16:16:57,684 INFO 35690 [egg-schedule]: register schedule egg-schedule:/Users/rick/Desktop/2017.8/ts-cms/src/egg-server/node_modules/.2.2.3@egg-logrotator/app/schedule/rotate_by_file.js
2017-07-16 16:16:57,716 INFO 35690 [egg-mysql] connecting root@127.0.0.1:3306/ts-cms
2017-07-16 16:16:58,370 INFO 35690 [egg-redis] connecting redis://:@127.0.0.1:6379/0
2017-07-16 16:16:58,546 INFO 35690 [egg-static] starting static serve /public/ -> /Users/rick/Desktop/2017.8/ts-cms/src/egg-server/app/public
2017-07-16 16:16:58,556 INFO 35690 [egg-security] use csrf middleware
2017-07-16 16:16:58,559 INFO 35690 [egg-security] use methodnoallow middleware
2017-07-16 16:16:58,560 INFO 35690 [egg-security] use noopen middleware
2017-07-16 16:16:58,561 INFO 35690 [egg-security] use nosniff middleware
2017-07-16 16:16:58,561 INFO 35690 [egg-security] use xssProtection middleware
2017-07-16 16:16:58,562 INFO 35690 [egg-security] use xframe middleware
2017-07-16 16:16:58,563 INFO 35690 [egg-security] use dta middleware
2017-07-16 16:16:58,563 INFO 35690 [egg-security] compose 7 middlewares into one security middleware
2017-07-16 16:16:58,679 INFO 35690 [egg-redis] connect success on redis://:@127.0.0.1:6379/0
2017-07-16 16:16:58,707 INFO 35690 [egg-watcher:app] watcher start success
2017-07-16 16:16:58,716 INFO 35690 [egg-mysql] instance[0] status OK, rds currentTime: Sun Jul 16 2017 16:16:58 GMT+0800 (CST)
2017-07-16 16:16:58,717 INFO 35690 [egg-redis] instance[0] status OK, redis currentTime: #
2017-07-16 16:17:07,061 INFO 35725 [egg:logger] init all loggers with options: {"dir":"/Users/rick/Desktop/2017.8/ts-cms/src/egg-server/logs/eggdemo","encoding":"utf8","env":"local","level":"INFO","consoleLevel":"INFO","disableConsoleAfterReady":false,"outputJSON":false,"buffer":true,"appLogName":"eggdemo-web.log","coreLogName":"egg-web.log","agentLogName":"egg-agent.log","errorLogName":"common-error.log","coreLogger":{"consoleLevel":"WARN"},"type":"application"}
2017-07-16 16:17:07,125 INFO 35725 [egg-schedule]: register schedule egg-schedule:/Users/rick/Desktop/2017.8/ts-cms/src/egg-server/node_modules/.2.2.3@egg-logrotator/app/schedule/clean_log.js
2017-07-16 16:17:07,126 INFO 35725 [egg-schedule]: register schedule egg-schedule:/Users/rick/Desktop/2017.8/ts-cms/src/egg-server/node_modules/.2.2.3@egg-logrotator/app/schedule/rotate_by_file.js
2017-07-16 16:17:07,138 INFO 35725 [egg-mysql] connecting root@127.0.0.1:3306/ts-cms
2017-07-16 16:17:07,418 INFO 35725 [egg-redis] connecting redis://:@127.0.0.1:6379/0
2017-07-16 16:17:07,528 INFO 35725 [egg-static] starting static serve /public/ -> /Users/rick/Desktop/2017.8/ts-cms/src/egg-server/app/public
2017-07-16 16:17:07,532 INFO 35725 [egg-security] use csrf middleware
2017-07-16 16:17:07,533 INFO 35725 [egg-security] use methodnoallow middleware
2017-07-16 16:17:07,534 INFO 35725 [egg-security] use noopen middleware
2017-07-16 16:17:07,534 INFO 35725 [egg-security] use nosniff middleware
2017-07-16 16:17:07,535 INFO 35725 [egg-security] use xssProtection middleware
2017-07-16 16:17:07,536 INFO 35725 [egg-security] use xframe middleware
2017-07-16 16:17:07,536 INFO 35725 [egg-security] use dta middleware
2017-07-16 16:17:07,536 INFO 35725 [egg-security] compose 7 middlewares into one security middleware
2017-07-16 16:17:07,670 INFO 35725 [egg-redis] connect success on redis://:@127.0.0.1:6379/0
2017-07-16 16:17:07,699 INFO 35725 [egg-redis] instance[0] status OK, redis currentTime: #
2017-07-16 16:17:07,715 INFO 35725 [egg-mysql] instance[0] status OK, rds currentTime: Sun Jul 16 2017 16:17:07 GMT+0800 (CST)
2017-07-16 16:17:07,733 INFO 35725 [egg-watcher:app] watcher start success
2017-07-16 16:19:24,754 INFO 35846 [egg:logger] init all loggers with options: {"dir":"/Users/rick/Desktop/2017.8/ts-cms/src/egg-server/logs/eggdemo","encoding":"utf8","env":"local","level":"INFO","consoleLevel":"INFO","disableConsoleAfterReady":false,"outputJSON":false,"buffer":true,"appLogName":"eggdemo-web.log","coreLogName":"egg-web.log","agentLogName":"egg-agent.log","errorLogName":"common-error.log","coreLogger":{"consoleLevel":"WARN"},"type":"application"}
2017-07-16 16:19:24,791 INFO 35846 [egg-schedule]: register schedule egg-schedule:/Users/rick/Desktop/2017.8/ts-cms/src/egg-server/node_modules/.2.2.3@egg-logrotator/app/schedule/clean_log.js
2017-07-16 16:19:24,791 INFO 35846 [egg-schedule]: register schedule egg-schedule:/Users/rick/Desktop/2017.8/ts-cms/src/egg-server/node_modules/.2.2.3@egg-logrotator/app/schedule/rotate_by_file.js
2017-07-16 16:19:24,807 INFO 35846 [egg-mysql] connecting root@127.0.0.1:3306/ts-cms
2017-07-16 16:19:25,046 INFO 35846 [egg-redis] connecting redis://:@127.0.0.1:6379/0
2017-07-16 16:19:25,121 INFO 35846 [egg-static] starting static serve /public/ -> /Users/rick/Desktop/2017.8/ts-cms/src/egg-server/app/public
2017-07-16 16:19:25,124 INFO 35846 [egg-security] use csrf middleware
2017-07-16 16:19:25,125 INFO 35846 [egg-security] use methodnoallow middleware
2017-07-16 16:19:25,126 INFO 35846 [egg-security] use noopen middleware
2017-07-16 16:19:25,126 INFO 35846 [egg-security] use nosniff middleware
2017-07-16 16:19:25,127 INFO 35846 [egg-security] use xssProtection middleware
2017-07-16 16:19:25,127 INFO 35846 [egg-security] use xframe middleware
2017-07-16 16:19:25,128 INFO 35846 [egg-security] use dta middleware
2017-07-16 16:19:25,128 INFO 35846 [egg-security] compose 7 middlewares into one security middleware
2017-07-16 16:19:25,191 INFO 35846 [egg-redis] connect success on redis://:@127.0.0.1:6379/0
2017-07-16 16:19:25,206 INFO 35846 [egg-watcher:app] watcher start success
2017-07-16 16:19:25,208 INFO 35846 [egg-mysql] instance[0] status OK, rds currentTime: Sun Jul 16 2017 16:19:25 GMT+0800 (CST)
2017-07-16 16:19:25,209 INFO 35846 [egg-redis] instance[0] status OK, redis currentTime: #
2017-07-16 16:20:14,674 INFO 35889 [egg:logger] init all loggers with options: {"dir":"/Users/rick/Desktop/2017.8/ts-cms/src/egg-server/logs/eggdemo","encoding":"utf8","env":"local","level":"INFO","consoleLevel":"INFO","disableConsoleAfterReady":false,"outputJSON":false,"buffer":true,"appLogName":"eggdemo-web.log","coreLogName":"egg-web.log","agentLogName":"egg-agent.log","errorLogName":"common-error.log","coreLogger":{"consoleLevel":"WARN"},"type":"application"}
2017-07-16 16:20:14,717 INFO 35889 [egg-schedule]: register schedule egg-schedule:/Users/rick/Desktop/2017.8/ts-cms/src/egg-server/node_modules/.2.2.3@egg-logrotator/app/schedule/clean_log.js
2017-07-16 16:20:14,717 INFO 35889 [egg-schedule]: register schedule egg-schedule:/Users/rick/Desktop/2017.8/ts-cms/src/egg-server/node_modules/.2.2.3@egg-logrotator/app/schedule/rotate_by_file.js
2017-07-16 16:20:14,737 INFO 35889 [egg-mysql] connecting root@127.0.0.1:3306/ts-cms
2017-07-16 16:20:14,989 INFO 35889 [egg-redis] connecting redis://:@127.0.0.1:6379/0
2017-07-16 16:20:15,067 INFO 35889 [egg-static] starting static serve /public/ -> /Users/rick/Desktop/2017.8/ts-cms/src/egg-server/app/public
2017-07-16 16:20:15,070 INFO 35889 [egg-security] use csrf middleware
2017-07-16 16:20:15,072 INFO 35889 [egg-security] use methodnoallow middleware
2017-07-16 16:20:15,072 INFO 35889 [egg-security] use noopen middleware
2017-07-16 16:20:15,073 INFO 35889 [egg-security] use nosniff middleware
2017-07-16 16:20:15,074 INFO 35889 [egg-security] use xssProtection middleware
2017-07-16 16:20:15,074 INFO 35889 [egg-security] use xframe middleware
2017-07-16 16:20:15,075 INFO 35889 [egg-security] use dta middleware
2017-07-16 16:20:15,075 INFO 35889 [egg-security] compose 7 middlewares into one security middleware
2017-07-16 16:20:15,145 INFO 35889 [egg-redis] connect success on redis://:@127.0.0.1:6379/0
2017-07-16 16:20:15,162 INFO 35889 [egg-watcher:app] watcher start success
2017-07-16 16:20:15,165 INFO 35889 [egg-mysql] instance[0] status OK, rds currentTime: Sun Jul 16 2017 16:20:15 GMT+0800 (CST)
2017-07-16 16:20:15,165 INFO 35889 [egg-redis] instance[0] status OK, redis currentTime: #
2017-07-16 16:20:18,763 INFO 35894 [egg:logger] init all loggers with options: {"dir":"/Users/rick/Desktop/2017.8/ts-cms/src/egg-server/logs/eggdemo","encoding":"utf8","env":"local","level":"INFO","consoleLevel":"INFO","disableConsoleAfterReady":false,"outputJSON":false,"buffer":true,"appLogName":"eggdemo-web.log","coreLogName":"egg-web.log","agentLogName":"egg-agent.log","errorLogName":"common-error.log","coreLogger":{"consoleLevel":"WARN"},"type":"application"}
2017-07-16 16:20:18,810 INFO 35894 [egg-schedule]: register schedule egg-schedule:/Users/rick/Desktop/2017.8/ts-cms/src/egg-server/node_modules/.2.2.3@egg-logrotator/app/schedule/clean_log.js
2017-07-16 16:20:18,810 INFO 35894 [egg-schedule]: register schedule egg-schedule:/Users/rick/Desktop/2017.8/ts-cms/src/egg-server/node_modules/.2.2.3@egg-logrotator/app/schedule/rotate_by_file.js
2017-07-16 16:20:18,825 INFO 35894 [egg-mysql] connecting root@127.0.0.1:3306/ts-cms
2017-07-16 16:20:19,056 INFO 35894 [egg-redis] connecting redis://:@127.0.0.1:6379/0
2017-07-16 16:20:19,144 INFO 35894 [egg-static] starting static serve /public/ -> /Users/rick/Desktop/2017.8/ts-cms/src/egg-server/app/public
2017-07-16 16:20:19,146 INFO 35894 [egg-security] use csrf middleware
2017-07-16 16:20:19,147 INFO 35894 [egg-security] use methodnoallow middleware
2017-07-16 16:20:19,147 INFO 35894 [egg-security] use noopen middleware
2017-07-16 16:20:19,148 INFO 35894 [egg-security] use nosniff middleware
2017-07-16 16:20:19,148 INFO 35894 [egg-security] use xssProtection middleware
2017-07-16 16:20:19,149 INFO 35894 [egg-security] use xframe middleware
2017-07-16 16:20:19,150 INFO 35894 [egg-security] use dta middleware
2017-07-16 16:20:19,150 INFO 35894 [egg-security] compose 7 middlewares into one security middleware
2017-07-16 16:20:19,218 INFO 35894 [egg-redis] connect success on redis://:@127.0.0.1:6379/0
2017-07-16 16:20:19,235 INFO 35894 [egg-watcher:app] watcher start success
2017-07-16 16:20:19,235 INFO 35894 [egg-redis] instance[0] status OK, redis currentTime: #
2017-07-16 16:20:19,237 INFO 35894 [egg-mysql] instance[0] status OK, rds currentTime: Sun Jul 16 2017 16:20:19 GMT+0800 (CST)
2017-07-16 16:20:21,048 INFO 35896 [egg:logger] init all loggers with options: {"dir":"/Users/rick/Desktop/2017.8/ts-cms/src/egg-server/logs/eggdemo","encoding":"utf8","env":"local","level":"INFO","consoleLevel":"INFO","disableConsoleAfterReady":false,"outputJSON":false,"buffer":true,"appLogName":"eggdemo-web.log","coreLogName":"egg-web.log","agentLogName":"egg-agent.log","errorLogName":"common-error.log","coreLogger":{"consoleLevel":"WARN"},"type":"application"}
2017-07-16 16:20:21,077 INFO 35896 [egg-schedule]: register schedule egg-schedule:/Users/rick/Desktop/2017.8/ts-cms/src/egg-server/node_modules/.2.2.3@egg-logrotator/app/schedule/clean_log.js
2017-07-16 16:20:21,077 INFO 35896 [egg-schedule]: register schedule egg-schedule:/Users/rick/Desktop/2017.8/ts-cms/src/egg-server/node_modules/.2.2.3@egg-logrotator/app/schedule/rotate_by_file.js
2017-07-16 16:20:21,087 INFO 35896 [egg-mysql] connecting root@127.0.0.1:3306/ts-cms
2017-07-16 16:20:21,270 INFO 35896 [egg-redis] connecting redis://:@127.0.0.1:6379/0
2017-07-16 16:20:21,320 INFO 35896 [egg-static] starting static serve /public/ -> /Users/rick/Desktop/2017.8/ts-cms/src/egg-server/app/public
2017-07-16 16:20:21,323 INFO 35896 [egg-security] use csrf middleware
2017-07-16 16:20:21,323 INFO 35896 [egg-security] use methodnoallow middleware
2017-07-16 16:20:21,324 INFO 35896 [egg-security] use noopen middleware
2017-07-16 16:20:21,324 INFO 35896 [egg-security] use nosniff middleware
2017-07-16 16:20:21,325 INFO 35896 [egg-security] use xssProtection middleware
2017-07-16 16:20:21,325 INFO 35896 [egg-security] use xframe middleware
2017-07-16 16:20:21,326 INFO 35896 [egg-security] use dta middleware
2017-07-16 16:20:21,326 INFO 35896 [egg-security] compose 7 middlewares into one security middleware
2017-07-16 16:20:21,412 INFO 35896 [egg-redis] connect success on redis://:@127.0.0.1:6379/0
2017-07-16 16:20:21,437 INFO 35896 [egg-watcher:app] watcher start success
2017-07-16 16:20:21,437 INFO 35896 [egg-redis] instance[0] status OK, redis currentTime: #
2017-07-16 16:20:21,441 INFO 35896 [egg-mysql] instance[0] status OK, rds currentTime: Sun Jul 16 2017 16:20:21 GMT+0800 (CST)
2017-07-16 16:20:22,166 INFO 35899 [egg:logger] init all loggers with options: {"dir":"/Users/rick/Desktop/2017.8/ts-cms/src/egg-server/logs/eggdemo","encoding":"utf8","env":"local","level":"INFO","consoleLevel":"INFO","disableConsoleAfterReady":false,"outputJSON":false,"buffer":true,"appLogName":"eggdemo-web.log","coreLogName":"egg-web.log","agentLogName":"egg-agent.log","errorLogName":"common-error.log","coreLogger":{"consoleLevel":"WARN"},"type":"application"}
2017-07-16 16:20:22,199 INFO 35899 [egg-schedule]: register schedule egg-schedule:/Users/rick/Desktop/2017.8/ts-cms/src/egg-server/node_modules/.2.2.3@egg-logrotator/app/schedule/clean_log.js
2017-07-16 16:20:22,200 INFO 35899 [egg-schedule]: register schedule egg-schedule:/Users/rick/Desktop/2017.8/ts-cms/src/egg-server/node_modules/.2.2.3@egg-logrotator/app/schedule/rotate_by_file.js
2017-07-16 16:20:22,211 INFO 35899 [egg-mysql] connecting root@127.0.0.1:3306/ts-cms
2017-07-16 16:20:22,417 INFO 35899 [egg-redis] connecting redis://:@127.0.0.1:6379/0
2017-07-16 16:20:22,478 INFO 35899 [egg-static] starting static serve /public/ -> /Users/rick/Desktop/2017.8/ts-cms/src/egg-server/app/public
2017-07-16 16:20:22,482 INFO 35899 [egg-security] use csrf middleware
2017-07-16 16:20:22,483 INFO 35899 [egg-security] use methodnoallow middleware
2017-07-16 16:20:22,484 INFO 35899 [egg-security] use noopen middleware
2017-07-16 16:20:22,485 INFO 35899 [egg-security] use nosniff middleware
2017-07-16 16:20:22,485 INFO 35899 [egg-security] use xssProtection middleware
2017-07-16 16:20:22,486 INFO 35899 [egg-security] use xframe middleware
2017-07-16 16:20:22,487 INFO 35899 [egg-security] use dta middleware
2017-07-16 16:20:22,487 INFO 35899 [egg-security] compose 7 middlewares into one security middleware
2017-07-16 16:20:22,569 INFO 35899 [egg-redis] connect success on redis://:@127.0.0.1:6379/0
2017-07-16 16:20:22,589 INFO 35899 [egg-watcher:app] watcher start success
2017-07-16 16:20:22,594 INFO 35899 [egg-mysql] instance[0] status OK, rds currentTime: Sun Jul 16 2017 16:20:22 GMT+0800 (CST)
2017-07-16 16:20:22,595 INFO 35899 [egg-redis] instance[0] status OK, redis currentTime: #
2017-07-16 16:20:30,978 INFO 35907 [egg:logger] init all loggers with options: {"dir":"/Users/rick/Desktop/2017.8/ts-cms/src/egg-server/logs/eggdemo","encoding":"utf8","env":"local","level":"INFO","consoleLevel":"INFO","disableConsoleAfterReady":false,"outputJSON":false,"buffer":true,"appLogName":"eggdemo-web.log","coreLogName":"egg-web.log","agentLogName":"egg-agent.log","errorLogName":"common-error.log","coreLogger":{"consoleLevel":"WARN"},"type":"application"}
2017-07-16 16:20:31,046 INFO 35907 [egg-schedule]: register schedule egg-schedule:/Users/rick/Desktop/2017.8/ts-cms/src/egg-server/node_modules/.2.2.3@egg-logrotator/app/schedule/clean_log.js
2017-07-16 16:20:31,048 INFO 35907 [egg-schedule]: register schedule egg-schedule:/Users/rick/Desktop/2017.8/ts-cms/src/egg-server/node_modules/.2.2.3@egg-logrotator/app/schedule/rotate_by_file.js
2017-07-16 16:20:31,063 INFO 35907 [egg-mysql] connecting root@127.0.0.1:3306/ts-cms
2017-07-16 16:20:31,285 INFO 35907 [egg-redis] connecting redis://:@127.0.0.1:6379/0
2017-07-16 16:20:31,335 INFO 35907 [egg-static] starting static serve /public/ -> /Users/rick/Desktop/2017.8/ts-cms/src/egg-server/app/public
2017-07-16 16:20:31,337 INFO 35907 [egg-security] use csrf middleware
2017-07-16 16:20:31,338 INFO 35907 [egg-security] use methodnoallow middleware
2017-07-16 16:20:31,338 INFO 35907 [egg-security] use noopen middleware
2017-07-16 16:20:31,339 INFO 35907 [egg-security] use nosniff middleware
2017-07-16 16:20:31,339 INFO 35907 [egg-security] use xssProtection middleware
2017-07-16 16:20:31,339 INFO 35907 [egg-security] use xframe middleware
2017-07-16 16:20:31,340 INFO 35907 [egg-security] use dta middleware
2017-07-16 16:20:31,340 INFO 35907 [egg-security] compose 7 middlewares into one security middleware
2017-07-16 16:20:31,399 INFO 35907 [egg-redis] connect success on redis://:@127.0.0.1:6379/0
2017-07-16 16:20:31,416 INFO 35907 [egg-watcher:app] watcher start success
2017-07-16 16:20:31,419 INFO 35907 [egg-mysql] instance[0] status OK, rds currentTime: Sun Jul 16 2017 16:20:31 GMT+0800 (CST)
2017-07-16 16:20:31,419 INFO 35907 [egg-redis] instance[0] status OK, redis currentTime: #
2017-07-16 16:45:20,689 INFO 37126 [egg:logger] init all loggers with options: {"dir":"/Users/rick/Desktop/2017.8/ts-cms/src/egg-server/logs/eggdemo","encoding":"utf8","env":"local","level":"INFO","consoleLevel":"INFO","disableConsoleAfterReady":false,"outputJSON":false,"buffer":true,"appLogName":"eggdemo-web.log","coreLogName":"egg-web.log","agentLogName":"egg-agent.log","errorLogName":"common-error.log","coreLogger":{"consoleLevel":"WARN"},"type":"application"}
2017-07-16 16:45:20,742 INFO 37126 [egg-schedule]: register schedule egg-schedule:/Users/rick/Desktop/2017.8/ts-cms/src/egg-server/node_modules/.2.2.3@egg-logrotator/app/schedule/clean_log.js
2017-07-16 16:45:20,743 INFO 37126 [egg-schedule]: register schedule egg-schedule:/Users/rick/Desktop/2017.8/ts-cms/src/egg-server/node_modules/.2.2.3@egg-logrotator/app/schedule/rotate_by_file.js
2017-07-16 16:45:20,763 INFO 37126 [egg-mysql] connecting root@127.0.0.1:3306/ts-cms
2017-07-16 16:45:21,134 INFO 37126 [egg-redis] connecting redis://:@127.0.0.1:6379/0
2017-07-16 16:45:21,212 INFO 37126 [egg-static] starting static serve /public/ -> /Users/rick/Desktop/2017.8/ts-cms/src/egg-server/app/public
2017-07-16 16:45:21,215 INFO 37126 [egg-security] use csrf middleware
2017-07-16 16:45:21,216 INFO 37126 [egg-security] use methodnoallow middleware
2017-07-16 16:45:21,217 INFO 37126 [egg-security] use noopen middleware
2017-07-16 16:45:21,218 INFO 37126 [egg-security] use nosniff middleware
2017-07-16 16:45:21,218 INFO 37126 [egg-security] use xssProtection middleware
2017-07-16 16:45:21,219 INFO 37126 [egg-security] use xframe middleware
2017-07-16 16:45:21,220 INFO 37126 [egg-security] use dta middleware
2017-07-16 16:45:21,220 INFO 37126 [egg-security] compose 7 middlewares into one security middleware
2017-07-16 16:45:21,278 INFO 37126 [egg-redis] connect success on redis://:@127.0.0.1:6379/0
2017-07-16 16:45:21,298 INFO 37126 [egg-watcher:app] watcher start success
2017-07-16 16:45:21,301 INFO 37126 [egg-mysql] instance[0] status OK, rds currentTime: Sun Jul 16 2017 16:45:21 GMT+0800 (CST)
2017-07-16 16:45:21,301 INFO 37126 [egg-redis] instance[0] status OK, redis currentTime: #
2017-07-16 16:45:45,017 INFO 37147 [egg:logger] init all loggers with options: {"dir":"/Users/rick/Desktop/2017.8/ts-cms/src/egg-server/logs/eggdemo","encoding":"utf8","env":"local","level":"INFO","consoleLevel":"INFO","disableConsoleAfterReady":false,"outputJSON":false,"buffer":true,"appLogName":"eggdemo-web.log","coreLogName":"egg-web.log","agentLogName":"egg-agent.log","errorLogName":"common-error.log","coreLogger":{"consoleLevel":"WARN"},"type":"application"}
2017-07-16 16:45:45,048 INFO 37147 [egg-schedule]: register schedule egg-schedule:/Users/rick/Desktop/2017.8/ts-cms/src/egg-server/node_modules/.2.2.3@egg-logrotator/app/schedule/clean_log.js
2017-07-16 16:45:45,048 INFO 37147 [egg-schedule]: register schedule egg-schedule:/Users/rick/Desktop/2017.8/ts-cms/src/egg-server/node_modules/.2.2.3@egg-logrotator/app/schedule/rotate_by_file.js
2017-07-16 16:45:45,059 INFO 37147 [egg-mysql] connecting root@127.0.0.1:3306/ts-cms
2017-07-16 16:45:45,270 INFO 37147 [egg-redis] connecting redis://:@127.0.0.1:6379/0
2017-07-16 16:45:45,323 INFO 37147 [egg-static] starting static serve /public/ -> /Users/rick/Desktop/2017.8/ts-cms/src/egg-server/app/public
2017-07-16 16:45:45,328 INFO 37147 [egg-security] use csrf middleware
2017-07-16 16:45:45,329 INFO 37147 [egg-security] use methodnoallow middleware
2017-07-16 16:45:45,330 INFO 37147 [egg-security] use noopen middleware
2017-07-16 16:45:45,330 INFO 37147 [egg-security] use nosniff middleware
2017-07-16 16:45:45,331 INFO 37147 [egg-security] use xssProtection middleware
2017-07-16 16:45:45,331 INFO 37147 [egg-security] use xframe middleware
2017-07-16 16:45:45,331 INFO 37147 [egg-security] use dta middleware
2017-07-16 16:45:45,331 INFO 37147 [egg-security] compose 7 middlewares into one security middleware
2017-07-16 16:45:45,411 INFO 37147 [egg-redis] connect success on redis://:@127.0.0.1:6379/0
2017-07-16 16:45:45,434 INFO 37147 [egg-watcher:app] watcher start success
2017-07-16 16:45:45,439 INFO 37147 [egg-mysql] instance[0] status OK, rds currentTime: Sun Jul 16 2017 16:45:45 GMT+0800 (CST)
2017-07-16 16:45:45,440 INFO 37147 [egg-redis] instance[0] status OK, redis currentTime: #
2017-07-16 21:48:12,272 INFO 49133 [egg:logger] init all loggers with options: {"dir":"/Users/rick/Desktop/2017.8/ts-cms/src/egg-server/logs/eggdemo","encoding":"utf8","env":"local","level":"INFO","consoleLevel":"INFO","disableConsoleAfterReady":false,"outputJSON":false,"buffer":true,"appLogName":"eggdemo-web.log","coreLogName":"egg-web.log","agentLogName":"egg-agent.log","errorLogName":"common-error.log","coreLogger":{"consoleLevel":"WARN"},"type":"application"}
2017-07-16 21:48:12,332 INFO 49133 [egg-schedule]: register schedule egg-schedule:/Users/rick/Desktop/2017.8/ts-cms/src/egg-server/node_modules/.2.2.3@egg-logrotator/app/schedule/clean_log.js
2017-07-16 21:48:12,333 INFO 49133 [egg-schedule]: register schedule egg-schedule:/Users/rick/Desktop/2017.8/ts-cms/src/egg-server/node_modules/.2.2.3@egg-logrotator/app/schedule/rotate_by_file.js
2017-07-16 21:48:12,358 INFO 49133 [egg-mysql] connecting root@127.0.0.1:3306/ts-cms
2017-07-16 21:48:12,612 INFO 49133 [egg-redis] connecting redis://:@127.0.0.1:6379/0
2017-07-16 21:48:12,718 INFO 49133 [egg-static] starting static serve /public/ -> /Users/rick/Desktop/2017.8/ts-cms/src/egg-server/app/public
2017-07-16 21:48:12,723 INFO 49133 [egg-security] use csrf middleware
2017-07-16 21:48:12,725 INFO 49133 [egg-security] use methodnoallow middleware
2017-07-16 21:48:12,726 INFO 49133 [egg-security] use noopen middleware
2017-07-16 21:48:12,727 INFO 49133 [egg-security] use nosniff middleware
2017-07-16 21:48:12,728 INFO 49133 [egg-security] use xssProtection middleware
2017-07-16 21:48:12,729 INFO 49133 [egg-security] use xframe middleware
2017-07-16 21:48:12,730 INFO 49133 [egg-security] use dta middleware
2017-07-16 21:48:12,730 INFO 49133 [egg-security] compose 7 middlewares into one security middleware
2017-07-16 21:48:12,839 INFO 49133 [egg-redis] connect success on redis://:@127.0.0.1:6379/0
2017-07-16 21:48:12,854 INFO 49133 [egg-watcher:app] watcher start success
2017-07-16 21:48:12,858 INFO 49133 [egg-redis] instance[0] status OK, redis currentTime: #
2017-07-16 21:48:12,870 INFO 49133 [egg-mysql] instance[0] status OK, rds currentTime: Sun Jul 16 2017 21:48:12 GMT+0800 (CST)
